👋 This is mini-swe-agent version 1.13.3.
Loading global config from '/home/eecs/lakshyaaagrawal/.config/mini-swe-agent/.env'
Results will be saved to results24
Loading dataset lynnliu030/swebench-eval-subset, split test...
Running on 20 instances...
Processing instance django__django-14011
minisweagent.environment: DEBUG: Starting container with command: docker run -d --name                   
minisweagent-9879a943 -w /testbed --rm                                                                   
docker.io/swebench/sweb.eval.x86_64.django_1776_django-14011:latest sleep 2h                             
Processing instance django__django-11179
Processing instance django__django-10973
Processing instance astropy__astropy-7166
Processing instance sphinx-doc__sphinx-9658
minisweagent.environment: DEBUG: Starting container with command: docker run -d --name                   
minisweagent-a5c935ce -w /testbed --rm                                                                   
docker.io/swebench/sweb.eval.x86_64.django_1776_django-11179:latest sleep 2h                             
Processing instance django__django-13297
minisweagent.environment: DEBUG: Starting container with command: docker run -d --name                   
minisweagent-a350f172 -w /testbed --rm                                                                   
docker.io/swebench/sweb.eval.x86_64.django_1776_django-10973:latest sleep 2h                             
Processing instance django__django-16631
Processing instance psf__requests-1921
Processing instance scikit-learn__scikit-learn-26323
minisweagent.environment: DEBUG: Starting container with command: docker run -d --name                   
minisweagent-d69c9f27 -w /testbed --rm                                                                   
docker.io/swebench/sweb.eval.x86_64.sphinx-doc_1776_sphinx-9658:latest sleep 2h                          
minisweagent.environment: DEBUG: Starting container with command: docker run -d --name                   
minisweagent-91f03e49 -w /testbed --rm                                                                   
docker.io/swebench/sweb.eval.x86_64.astropy_1776_astropy-7166:latest sleep 2h                            
minisweagent.environment: DEBUG: Starting container with command: docker run -d --name                   
minisweagent-3df19cf8 -w /testbed --rm                                                                   
docker.io/swebench/sweb.eval.x86_64.django_1776_django-13297:latest sleep 2h                             
Processing instance django__django-13810
Processing instance django__django-7530
Processing instance django__django-12406
Processing instance psf__requests-2931
Processing instance django__django-14053
Processing instance sphinx-doc__sphinx-7590
Processing instance pytest-dev__pytest-7490
minisweagent.environment: DEBUG: Starting container with command: docker run -d --name                   
minisweagent-89e26581 -w /testbed --rm                                                                   
docker.io/swebench/sweb.eval.x86_64.django_1776_django-16631:latest sleep 2h                             
Processing instance django__django-16662
minisweagent.environment: DEBUG: Starting container with command: docker run -d --name                   
minisweagent-54807eaf -w /testbed --rm docker.io/swebench/sweb.eval.x86_64.psf_1776_requests-1921:latest 
sleep 2h                                                                                                 
minisweagent.environment: DEBUG: Starting container with command: docker run -d --name                   
minisweagent-5cdb707d -w /testbed --rm                                                                   
docker.io/swebench/sweb.eval.x86_64.scikit-learn_1776_scikit-learn-26323:latest sleep 2h                 
minisweagent.environment: DEBUG: Starting container with command: docker run -d --name                   
minisweagent-c62f5352 -w /testbed --rm                                                                   
docker.io/swebench/sweb.eval.x86_64.django_1776_django-13810:latest sleep 2h                             
minisweagent.environment: DEBUG: Starting container with command: docker run -d --name                   
minisweagent-1505e1a4 -w /testbed --rm docker.io/swebench/sweb.eval.x86_64.django_1776_django-7530:latest
sleep 2h                                                                                                 
minisweagent.environment: DEBUG: Starting container with command: docker run -d --name                   
minisweagent-03d0b4e1 -w /testbed --rm                                                                   
docker.io/swebench/sweb.eval.x86_64.django_1776_django-12406:latest sleep 2h                             
minisweagent.environment: DEBUG: Starting container with command: docker run -d --name                   
minisweagent-4251b01f -w /testbed --rm docker.io/swebench/sweb.eval.x86_64.psf_1776_requests-2931:latest 
sleep 2h                                                                                                 
minisweagent.environment: DEBUG: Starting container with command: docker run -d --name                   
minisweagent-c6dce909 -w /testbed --rm                                                                   
docker.io/swebench/sweb.eval.x86_64.django_1776_django-14053:latest sleep 2h                             
minisweagent.environment: DEBUG: Starting container with command: docker run -d --name                   
minisweagent-042ba870 -w /testbed --rm                                                                   
docker.io/swebench/sweb.eval.x86_64.sphinx-doc_1776_sphinx-7590:latest sleep 2h                          
minisweagent.environment: DEBUG: Starting container with command: docker run -d --name                   
minisweagent-7d91b172 -w /testbed --rm                                                                   
docker.io/swebench/sweb.eval.x86_64.pytest-dev_1776_pytest-7490:latest sleep 2h                          
minisweagent.environment: DEBUG: Starting container with command: docker run -d --name                   
minisweagent-f7d61e79 -w /testbed --rm                                                                   
docker.io/swebench/sweb.eval.x86_64.django_1776_django-16662:latest sleep 2h                             
Processing instance sympy__sympy-17655
minisweagent.environment: DEBUG: Starting container with command: docker run -d --name                   
minisweagent-27e78d0d -w /testbed --rm docker.io/swebench/sweb.eval.x86_64.sympy_1776_sympy-17655:latest 
sleep 2h                                                                                                 
Processing instance sympy__sympy-24213
minisweagent.environment: DEBUG: Starting container with command: docker run -d --name                   
minisweagent-e200f1d4 -w /testbed --rm docker.io/swebench/sweb.eval.x86_64.sympy_1776_sympy-24213:latest 
sleep 2h                                                                                                 
Processing instance sphinx-doc__sphinx-9230
minisweagent.environment: DEBUG: Starting container with command: docker run -d --name                   
minisweagent-688b6264 -w /testbed --rm                                                                   
docker.io/swebench/sweb.eval.x86_64.sphinx-doc_1776_sphinx-9230:latest sleep 2h                          
minisweagent.environment: INFO: Started container minisweagent-a5c935ce with ID                          
ea9b54caacaee71c017fcd5d5b31f617f91bfa39bd4180704d71c050f65a838c                                         
minisweagent.environment: INFO: Started container minisweagent-c6dce909 with ID                          
0f3b446fc4d3a5a48ddb6a5d33ab98c517a76124de4af4fe3f19496b8ef13d34                                         
minisweagent.environment: INFO: Started container minisweagent-7d91b172 with ID                          
0329f79d6513e8994d04b4e31e5cdfc84afc3cc293654933a01f86126e4c4038                                         
minisweagent.environment: INFO: Started container minisweagent-9879a943 with ID                          
8ea31888ed440ca98ac3d52848e74d3721575939e081c015b1854ec0a2f61389                                         
minisweagent.environment: INFO: Started container minisweagent-89e26581 with ID                          
c614383b496fd070b1f510e89d210bd80e9c97beee0a071f283ef3d2cde1a67b                                         
minisweagent.environment: INFO: Started container minisweagent-4251b01f with ID                          
c9057d79f4a6125050e84e7be4371d52f2f60a3c2c0acd44bbab5868eb55d93a                                         
minisweagent.environment: INFO: Started container minisweagent-5cdb707d with ID                          
75a2e9f108cf102b0e241a3d9995e66eaeeaa639d024e5bd2edd09adc5f68105                                         
minisweagent.environment: INFO: Started container minisweagent-3df19cf8 with ID                          
69a381b11100c5616bc047cff1ef3acc65150207efe18adfeccb96bf95fabfe7                                         
minisweagent.environment: INFO: Started container minisweagent-91f03e49 with ID                          
f10b8802a64785ec901c0c720de2a35eb561cb16383cec0c941fd15a7bbe9f66                                         
minisweagent.environment: INFO: Started container minisweagent-f7d61e79 with ID                          
62a2eb91b6fb90fd08d5d4494d9265579ab38cc4dacf8811eb9ccf83cc003982                                         
minisweagent.environment: INFO: Started container minisweagent-27e78d0d with ID                          
e181693814a266c066051e10bd3ffcc29685c7d175c08293dfed2daa1cd1d771                                         
minisweagent.environment: INFO: Started container minisweagent-1505e1a4 with ID                          
b4a9d973d138bf6b583d844e86db011abfa5742315f282e91e11a1b17e0af9a2                                         
minisweagent.environment: INFO: Started container minisweagent-03d0b4e1 with ID                          
3ae2c2d0e5ce454e09da9f4514be0f1fb41b1fa59101234190e62d807295b2dc                                         
minisweagent.environment: INFO: Started container minisweagent-d69c9f27 with ID                          
eb3683e3666818088a076053d5ba971ce4c78e143a524c568e5b79bcbbe56c13                                         
minisweagent.environment: INFO: Started container minisweagent-54807eaf with ID                          
d0ac053ec15fad0ab9ef08c3d5fe57b054422234428f3fa519373c62973ef368                                         
minisweagent.environment: INFO: Started container minisweagent-a350f172 with ID                          
81ed385d7d6a3c8c4b88237f85cb7ef0b6d3bc30809a4f0ddec61c89dcedabd6                                         
minisweagent.environment: INFO: Started container minisweagent-c62f5352 with ID                          
f1f462fc61711889a7cca6f7b7b7ddd6f1a89af26aefb73b87c22d3c6cde54e8                                         
minisweagent.environment: INFO: Started container minisweagent-688b6264 with ID                          
54f69d5d7b2b610c2a00338ff97921744c516e2cc6befa88a369c03668dc3ae8                                         
minisweagent.environment: INFO: Started container minisweagent-042ba870 with ID                          
434c488b30583409cf9238e489691accbdaf3a248d80e1213035ee65a48cf332                                         
minisweagent.environment: INFO: Started container minisweagent-e200f1d4 with ID                          
488c22949954a76c7219a05739ba85b5c98462db812a507d9a3c51caa198d62a                                         
