👋 This is mini-swe-agent version 1.13.3.
Loading global config from '/home/eecs/lakshyaaagrawal/.config/mini-swe-agent/.env'
Results will be saved to results29
Loading dataset lynnliu030/swebench-eval-subset, split test...
Running on 20 instances...
Processing instance django__django-16631
Processing instance pytest-dev__pytest-7490
Processing instance psf__requests-2931
Processing instance sympy__sympy-24213
minisweagent.environment: DEBUG: Starting container with command: docker run -d --name minisweagent-f179ded3 -w /testbed --rm                                      
docker.io/swebench/sweb.eval.x86_64.pytest-dev_1776_pytest-7490:latest sleep 2h                                                                                    
minisweagent.environment: DEBUG: Starting container with command: docker run -d --name minisweagent-e909a8b5 -w /testbed --rm                                      
docker.io/swebench/sweb.eval.x86_64.django_1776_django-16631:latest sleep 2h                                                                                       
minisweagent.environment: DEBUG: Starting container with command: docker run -d --name minisweagent-c43aa6ae -w /testbed --rm                                      
docker.io/swebench/sweb.eval.x86_64.psf_1776_requests-2931:latest sleep 2h                                                                                         
Processing instance django__django-16662
minisweagent.environment: DEBUG: Starting container with command: docker run -d --name minisweagent-94c7c1d5 -w /testbed --rm                                      
docker.io/swebench/sweb.eval.x86_64.sympy_1776_sympy-24213:latest sleep 2h                                                                                         
minisweagent.environment: DEBUG: Starting container with command: docker run -d --name minisweagent-a1618aa4 -w /testbed --rm                                      
docker.io/swebench/sweb.eval.x86_64.django_1776_django-16662:latest sleep 2h                                                                                       
Processing instance sphinx-doc__sphinx-9658
minisweagent.environment: DEBUG: Starting container with command: docker run -d --name minisweagent-687d47a5 -w /testbed --rm                                      
docker.io/swebench/sweb.eval.x86_64.sphinx-doc_1776_sphinx-9658:latest sleep 2h                                                                                    
Processing instance scikit-learn__scikit-learn-26323
minisweagent.environment: DEBUG: Starting container with command: docker run -d --name minisweagent-56a627ff -w /testbed --rm                                      
docker.io/swebench/sweb.eval.x86_64.scikit-learn_1776_scikit-learn-26323:latest sleep 2h                                                                           
Processing instance django__django-10973
Processing instance sphinx-doc__sphinx-9230
minisweagent.environment: DEBUG: Starting container with command: docker run -d --name minisweagent-250e8cbc -w /testbed --rm                                      
docker.io/swebench/sweb.eval.x86_64.sphinx-doc_1776_sphinx-9230:latest sleep 2h                                                                                    
minisweagent.environment: DEBUG: Starting container with command: docker run -d --name minisweagent-5a36ef65 -w /testbed --rm                                      
docker.io/swebench/sweb.eval.x86_64.django_1776_django-10973:latest sleep 2h                                                                                       
Processing instance astropy__astropy-7166
minisweagent.environment: DEBUG: Starting container with command: docker run -d --name minisweagent-32a63a0b -w /testbed --rm                                      
docker.io/swebench/sweb.eval.x86_64.astropy_1776_astropy-7166:latest sleep 2h                                                                                      
Processing instance django__django-13810
minisweagent.environment: DEBUG: Starting container with command: docker run -d --name minisweagent-76fc3e51 -w /testbed --rm                                      
docker.io/swebench/sweb.eval.x86_64.django_1776_django-13810:latest sleep 2h                                                                                       
Processing instance django__django-12406
minisweagent.environment: DEBUG: Starting container with command: docker run -d --name minisweagent-ea380fad -w /testbed --rm                                      
docker.io/swebench/sweb.eval.x86_64.django_1776_django-12406:latest sleep 2h                                                                                       
Processing instance django__django-11179
minisweagent.environment: DEBUG: Starting container with command: docker run -d --name minisweagent-08430f52 -w /testbed --rm                                      
docker.io/swebench/sweb.eval.x86_64.django_1776_django-11179:latest sleep 2h                                                                                       
Processing instance psf__requests-1921
Processing instance django__django-7530
minisweagent.environment: DEBUG: Starting container with command: docker run -d --name minisweagent-976f4bdd -w /testbed --rm                                      
docker.io/swebench/sweb.eval.x86_64.django_1776_django-7530:latest sleep 2h                                                                                        
Processing instance django__django-14053
minisweagent.environment: DEBUG: Starting container with command: docker run -d --name minisweagent-01963671 -w /testbed --rm                                      
docker.io/swebench/sweb.eval.x86_64.django_1776_django-14053:latest sleep 2h                                                                                       
Processing instance django__django-14011
minisweagent.environment: DEBUG: Starting container with command: docker run -d --name minisweagent-fc40e337 -w /testbed --rm                                      
docker.io/swebench/sweb.eval.x86_64.django_1776_django-14011:latest sleep 2h                                                                                       
Processing instance django__django-13297
Processing instance sphinx-doc__sphinx-7590
Processing instance sympy__sympy-17655
minisweagent.environment: DEBUG: Starting container with command: docker run -d --name minisweagent-d22eb9ed -w /testbed --rm                                      
docker.io/swebench/sweb.eval.x86_64.django_1776_django-13297:latest sleep 2h                                                                                       
minisweagent.environment: DEBUG: Starting container with command: docker run -d --name minisweagent-55a95d82 -w /testbed --rm                                      
docker.io/swebench/sweb.eval.x86_64.psf_1776_requests-1921:latest sleep 2h                                                                                         
minisweagent.environment: DEBUG: Starting container with command: docker run -d --name minisweagent-146b6d5f -w /testbed --rm                                      
docker.io/swebench/sweb.eval.x86_64.sphinx-doc_1776_sphinx-7590:latest sleep 2h                                                                                    
minisweagent.environment: DEBUG: Starting container with command: docker run -d --name minisweagent-d9bf7097 -w /testbed --rm                                      
docker.io/swebench/sweb.eval.x86_64.sympy_1776_sympy-17655:latest sleep 2h                                                                                         
minisweagent.environment: INFO: Started container minisweagent-c43aa6ae with ID 0351028f8bb73535ee6bdab8a69a265e21f77244dec10fdf9bff882e0d051b9c                   
minisweagent.environment: INFO: Started container minisweagent-a1618aa4 with ID 7f3f7d4a5bb56dd1f3e72f9f67b915ea4b797d06859853564b934d60590bb53f                   
minisweagent.environment: INFO: Started container minisweagent-fc40e337 with ID c258f0ff524be01c8b8a9b76c76de4c0fd6211e2eaf1ea1fe2bb08a37be0f33c                   
minisweagent.environment: INFO: Started container minisweagent-687d47a5 with ID 070811dfb980f542a505c5c9b8915bb6b3d69d418944c85dfe8a85a3a8a8964b                   
minisweagent.environment: INFO: Started container minisweagent-76fc3e51 with ID 3df8f3c9d89cc5557404fe6bb0c49117bfc078c66c0fdcb5268c230262a921f0                   
minisweagent.environment: INFO: Started container minisweagent-5a36ef65 with ID e9e18871bfd1f472da4851e960bb3fc5ea88e66402b3957146353ce0a000fbd5                   
minisweagent.environment: INFO: Started container minisweagent-ea380fad with ID d1c718dff4b413dde1bdd2ddd35fdf8de248cae2a52dfe1ed2bdc5757261f457                   
minisweagent.environment: INFO: Started container minisweagent-94c7c1d5 with ID b8da6479c373a7d5118d08377a26e74201aa81287a1c2c60023f0e6c1eb8e65d                   
minisweagent.environment: INFO: Started container minisweagent-01963671 with ID 637f34fc75f769a038ace2ea1842d70c438c5ec57fee1e5b7fc31e485f2c8d63                   
minisweagent.environment: INFO: Started container minisweagent-e909a8b5 with ID 9b1065c11bf1cd23e52fb4aa37b12e86426202f7d7d92a24387229691ee07ce8                   
minisweagent.environment: INFO: Started container minisweagent-d9bf7097 with ID f54e8cfb104494fc91298a6f0931a8124b35be8b706a66482b20b791cb3555f8                   
minisweagent.environment: INFO: Started container minisweagent-08430f52 with ID fb7fb27a69b8787dd3b602814c64ae8794eb0461b4d4b8c0c2c1d51b5e76cdb5                   
minisweagent.environment: INFO: Started container minisweagent-250e8cbc with ID bbedf7b7a95fb5a1ddf5c0f2a862f6b04379ace4d8c7b418ee8300403feeb25d                   
minisweagent.environment: INFO: Started container minisweagent-55a95d82 with ID bd6850aead46fea04f4fd004c37c1ee866f1bad4e25a7ee36e7625652cd2024c                   
minisweagent.environment: INFO: Started container minisweagent-32a63a0b with ID fc7bc0d05f8288c9e18a0c1e78f3a11a51a6fd7ad983ce448233a46dd4c5bf0d                   
minisweagent.environment: INFO: Started container minisweagent-56a627ff with ID aa1e135a74f3fafb95624271dbfb8573ccb2b76582422eda6a4a86fba1abdadb                   
minisweagent.environment: INFO: Started container minisweagent-976f4bdd with ID 4d7c3a63faa17d137b1172fde316ee9e995b257076e6d3053624f97e1ed1c302                   
minisweagent.environment: INFO: Started container minisweagent-d22eb9ed with ID 07f0353284b8313f4be880d47115f4f7e373aa621aba26b8371a7f66c47a0637                   
minisweagent.environment: INFO: Started container minisweagent-146b6d5f with ID 9b54d8e0c89fa994c1061cd253d6a253ce57a3b17701f07b1e88f5b0678c0e7d                   
minisweagent.environment: INFO: Started container minisweagent-f179ded3 with ID 592a687d05a49387c0b662232863d99d16f2d05915111ad3149320ac21de2905                   
Traceback (most recent call last):
  File "/data/lakshyaaagrawal/cs294-264-hw-FA25/envs.py", line 455, in find_index
    compiled_pattern = re.compile(pattern)
  File "/home/eecs/lakshyaaagrawal/.local/share/uv/python/cpython-3.13.5-linux-x86_64-gnu/lib/python3.13/re/__init__.py", line 289, in compile
    return _compile(pattern, flags)
  File "/home/eecs/lakshyaaagrawal/.local/share/uv/python/cpython-3.13.5-linux-x86_64-gnu/lib/python3.13/re/__init__.py", line 350, in _compile
    p = _compiler.compile(pattern, flags)
  File "/home/eecs/lakshyaaagrawal/.local/share/uv/python/cpython-3.13.5-linux-x86_64-gnu/lib/python3.13/re/_compiler.py", line 748, in compile
    p = _parser.parse(p, flags)
  File "/home/eecs/lakshyaaagrawal/.local/share/uv/python/cpython-3.13.5-linux-x86_64-gnu/lib/python3.13/re/_parser.py", line 980, in parse
    p = _parse_sub(source, state, flags & SRE_FLAG_VERBOSE, 0)
  File "/home/eecs/lakshyaaagrawal/.local/share/uv/python/cpython-3.13.5-linux-x86_64-gnu/lib/python3.13/re/_parser.py", line 459, in _parse_sub
    itemsappend(_parse(source, state, verbose, nested + 1,
                ~~~~~~^^^^^^^^^^^^^^^^^^^^^^^^^^^^^^^^^^^^
                       not nested and not items))
                       ^^^^^^^^^^^^^^^^^^^^^^^^^
  File "/home/eecs/lakshyaaagrawal/.local/share/uv/python/cpython-3.13.5-linux-x86_64-gnu/lib/python3.13/re/_parser.py", line 863, in _parse
    p = _parse_sub(source, state, sub_verbose, nested + 1)
  File "/home/eecs/lakshyaaagrawal/.local/share/uv/python/cpython-3.13.5-linux-x86_64-gnu/lib/python3.13/re/_parser.py", line 459, in _parse_sub
    itemsappend(_parse(source, state, verbose, nested + 1,
                ~~~~~~^^^^^^^^^^^^^^^^^^^^^^^^^^^^^^^^^^^^
                       not nested and not items))
                       ^^^^^^^^^^^^^^^^^^^^^^^^^
  File "/home/eecs/lakshyaaagrawal/.local/share/uv/python/cpython-3.13.5-linux-x86_64-gnu/lib/python3.13/re/_parser.py", line 689, in _parse
    raise source.error("multiple repeat",
                       source.tell() - here + len(this))
re.PatternError: multiple repeat at position 46

During handling of the above exception, another exception occurred:

Traceback (most recent call last):
  File "/data/lakshyaaagrawal/cs294-264-hw-FA25/envs.py", line 469, in replace_between
    start_idx = find_index(start_pattern, 0)
  File "/data/lakshyaaagrawal/cs294-264-hw-FA25/envs.py", line 457, in find_index
    raise ValueError(
    ...<3 lines>...
    )
ValueError: Invalid regex pattern: multiple repeat at position 46. If you want literal string matching, set use_regex=False (the default). If you want regex, escape special characters properly.
Saved trajectory to 'results29/django__django-16662/django__django-16662.traj.json'
Completed instance django__django-16662, result: diff --git a/django/db/migrations/writer.py b/django/db/migrations/writer.py
index a59f0c8dcb..421fc06771 100644
--- a/django/db/migrations/writer.py
+++ b/django/db/migrations/writer.py
@@ -175,7 +175,7 @@ class MigrationWriter:
 
         # Sort imports by the package / module to be imported (the part after
         # "from" in "from ... import ..." or after "import" in "import ...").
-        sorted_imports = sorted(imports, key=lambda i: i.split()[1])
+        sorted_imports = sorted(imports, key=lambda i: (i.startswith("from"), i.split()[1]))
         items["imports"] = "\n".join(sorted_imports) + "\n" if imports else ""
         if migration_imports:
             items["imports"] += (
Saved trajectory to 'results29/django__django-16631/django__django-16631.traj.json'
Completed instance django__django-16631, result: diff --git a/docs/ref/settings.txt b/docs/ref/settings.txt
index 41387886c0..2fe2b7e9a8 100644
--- a/docs/ref/settings.txt
+++ b/docs/ref/settings.txt
@@ -2293,10 +2293,17 @@ passwords of users and key rotation will not affect them.
 
 .. setting:: SECRET_KEY_FALLBACKS
 
-``SECRET_KEY_FALLBACKS``
-------------------------
-
-Default: ``[]``
+  In order to rotate your secret keys, set a new ``SECRET_KEY`` and move the
+  previous value to the beginning of ``SECRET_KEY_FALLBACKS``. Some signing
+  utilities and token generators in Django (for example, the password reset
+  token generator and cookie signing) consult ``SECRET_KEY_FALLBACKS`` and
+  can validate values signed with an earlier key. However, the default
+  implementation of ``AbstractBaseUser.get_session_auth_hash()`` does *not*
+  pass a secret to ``salted_hmac()`` and therefore relies only on the current
+  ``SECRET_KEY``; rotating ``SECRET_KEY`` will invalidate existing session
+  authentication hashes and log users out. Remove old values from the end of
+  ``SECRET_KEY_FALLBACKS`` when you are ready to expire the tokens and signed
+  values that do support fallbacks.
 
 A list of fallback secret keys for a particular Django installation. These are
 used to allow rotation of the ``SECRET_KEY``.
Saved trajectory to 'results29/django__django-14011/django__django-14011.traj.json'
Completed instance django__django-14011, result: diff --git a/django/core/servers/basehttp.py b/django/core/servers/basehttp.py
index 14dab517c9..6758440afd 100644
--- a/django/core/servers/basehttp.py
+++ b/django/core/servers/basehttp.py
@@ -79,7 +79,7 @@ class WSGIServer(simple_server.WSGIServer):
 
 class ThreadedWSGIServer(socketserver.ThreadingMixIn, WSGIServer):
     """A threaded version of the WSGIServer"""
-    daemon_threads = True
+    daemon_threads = False
 
 
 class ServerHandler(simple_server.ServerHandler):
Saved trajectory to 'results29/django__django-7530/django__django-7530.traj.json'
Completed instance django__django-7530, result: diff --git a/django/core/management/commands/makemigrations.py b/django/core/management/commands/makemigrations.py
index 0b39536f5b..e648880ef0 100644
--- a/django/core/management/commands/makemigrations.py
+++ b/django/core/management/commands/makemigrations.py
@@ -105,7 +105,7 @@ class Command(BaseCommand):
                     # At least one model must be migrated to the database.
                     router.allow_migrate(connection.alias, app_label, model_name=model._meta.object_name)
                     for app_label in consistency_check_labels
-                    for model in apps.get_models(app_label)
+                    for model in apps.get_app_config(app_label).get_models()
             )):
                 loader.check_consistent_history(connection)
Saved trajectory to 'results29/sympy__sympy-24213/sympy__sympy-24213.traj.json'
Completed instance sympy__sympy-24213, result: diff --git a/sympy/physics/units/unitsystem.py b/sympy/physics/units/unitsystem.py
index a436880c4b..5705c821c2 100644
--- a/sympy/physics/units/unitsystem.py
+++ b/sympy/physics/units/unitsystem.py
@@ -175,7 +175,7 @@ def _collect_factor_and_dimension(self, expr):
             for addend in expr.args[1:]:
                 addend_factor, addend_dim = \
                     self._collect_factor_and_dimension(addend)
-                if dim != addend_dim:
+                if not self.get_dimension_system().equivalent_dims(dim, addend_dim):
                     raise ValueError(
                         'Dimension of "{}" is {}, '
                         'but it should be {}'.format(
Saved trajectory to 'results29/pytest-dev__pytest-7490/pytest-dev__pytest-7490.traj.json'
Completed instance pytest-dev__pytest-7490, result: diff --git a/src/_pytest/skipping.py b/src/_pytest/skipping.py
index 335e10996..9fd15c70f 100644
--- a/src/_pytest/skipping.py
+++ b/src/_pytest/skipping.py
@@ -261,7 +261,12 @@ def pytest_runtest_call(item: Item) -> Generator[None, None, None]:
 def pytest_runtest_makereport(item: Item, call: CallInfo[None]):
     outcome = yield
     rep = outcome.get_result()
-    xfailed = item._store.get(xfailed_key, None)
+    # Re-evaluate xfail marks to honor markers added during the call phase.
+    if call.when == "call":
+        xfailed = evaluate_xfail_marks(item)
+        item._store[xfailed_key] = xfailed
+    else:
+        xfailed = item._store.get(xfailed_key, None)
     # unittest special case, see setting of unexpectedsuccess_key
     if unexpectedsuccess_key in item._store and rep.when == "call":
         reason = item._store[unexpectedsuccess_key]
Saved trajectory to 'results29/django__django-11179/django__django-11179.traj.json'
Completed instance django__django-11179, result: diff --git a/django/db/models/deletion.py b/django/db/models/deletion.py
index 92fe4affb9..f7c2d46787 100644
--- a/django/db/models/deletion.py
+++ b/django/db/models/deletion.py
@@ -260,7 +260,6 @@ class Collector:
         self.data = {model: self.data[model] for model in sorted_models}
 
     def delete(self):
-        # sort instance collections
         for model, instances in self.data.items():
             self.data[model] = sorted(instances, key=attrgetter("pk"))
 
@@ -277,6 +276,9 @@ class Collector:
             if self.can_fast_delete(instance):
                 with transaction.mark_for_rollback_on_error():
                     count = sql.DeleteQuery(model).delete_batch([instance.pk], self.using)
+                # Clear the in-memory primary key after a successful DB delete so the
+                # instance accurately reflects that it no longer exists.
+                instance.pk = None
                 return count, {model._meta.label: count}
 
         with transaction.atomic(using=self.using, savepoint=False):
@@ -310,6 +312,18 @@ class Collector:
                 count = query.delete_batch(pk_list, self.using)
                 deleted_counter[model._meta.label] += count
 
+                if not model._meta.auto_created:
+                    for obj in instances:
+                        signals.post_delete.send(
+                            sender=model, instance=obj, using=self.using
+                        )
+            # delete instances
+            for model, instances in self.data.items():
+                query = sql.DeleteQuery(model)
+                pk_list = [obj.pk for obj in instances]
+                count = query.delete_batch(pk_list, self.using)
+                deleted_counter[model._meta.label] += count
+
                 if not model._meta.auto_created:
                     for obj in instances:
                         signals.post_delete.send(
Saved trajectory to 'results29/psf__requests-2931/psf__requests-2931.traj.json'
Completed instance psf__requests-2931, result: diff --git a/requests/utils.py b/requests/utils.py
index 132cd2b..4c4fbed 100644
--- a/requests/utils.py
+++ b/requests/utils.py
@@ -666,23 +666,6 @@ def prepend_scheme_if_needed(url, new_scheme):
     # and path if urlparse decided there was no netloc.
     if not netloc:
         netloc, path = path, netloc
-
-    return urlunparse((scheme, netloc, path, params, query, fragment))
-
-
-def get_auth_from_url(url):
-    """Given a url with authentication components, extract them into a tuple of
-    username,password."""
-    parsed = urlparse(url)
-
-    try:
-        auth = (unquote(parsed.username), unquote(parsed.password))
-    except (AttributeError, TypeError):
-        auth = ('', '')
-
-    return auth
-
-
 def to_native_string(string, encoding='ascii'):
     """
     Given a string object, regardless of type, returns a representation of that
@@ -697,7 +680,17 @@ def to_native_string(string, encoding='ascii'):
         if is_py2:
             out = string.encode(encoding)
         else:
-            out = string.decode(encoding)
+            # If bytes were passed on Py3, try decoding with the provided
+            # encoding, but fall back to utf-8 if that fails.
+            if isinstance(string, bytes):
+                try:
+                    out = string.decode(encoding)
+                except UnicodeDecodeError:
+                    out = string.decode('utf-8')
+            else:
+                out = string.decode(encoding)
+
+
 
     return out
Saved trajectory to 'results29/psf__requests-1921/psf__requests-1921.traj.json'
Completed instance psf__requests-1921, result: diff --git a/requests/models.py b/requests/models.py
index cd232e6..289b3a4 100644
--- a/requests/models.py
+++ b/requests/models.py
@@ -376,7 +376,7 @@ class PreparedRequest(RequestEncodingMixin, RequestHooksMixin):
                 query = query.encode('utf-8')
             if isinstance(fragment, str):
                 fragment = fragment.encode('utf-8')
-
+            self.headers = CaseInsensitiveDict()
         enc_params = self._encode_params(params)
         if enc_params:
             if query:
@@ -391,7 +391,11 @@ class PreparedRequest(RequestEncodingMixin, RequestHooksMixin):
         """Prepares the given HTTP headers."""
 
         if headers:
-            self.headers = CaseInsensitiveDict((to_native_string(name), value) for name, value in headers.items())
+            self.headers = CaseInsensitiveDict(
+                (to_native_string(name), value)
+                for name, value in headers.items()
+                if value is not None
+            )
         else:
             self.headers = CaseInsensitiveDict()
Saved trajectory to 'results29/scikit-learn__scikit-learn-26323/scikit-learn__scikit-learn-26323.traj.json'
Completed instance scikit-learn__scikit-learn-26323, result: diff --git a/sklearn/compose/_column_transformer.py b/sklearn/compose/_column_transformer.py
index 4eddd12b1..22304031a 100644
--- a/sklearn/compose/_column_transformer.py
+++ b/sklearn/compose/_column_transformer.py
@@ -248,7 +248,6 @@ class ColumnTransformer(TransformerMixin, _BaseComposition):
         self.transformer_weights = transformer_weights
         self.verbose = verbose
         self.verbose_feature_names_out = verbose_feature_names_out
-
     @property
     def _transformers(self):
         """
@@ -303,6 +302,14 @@ class ColumnTransformer(TransformerMixin, _BaseComposition):
         for trans in transformers:
             _safe_set_output(trans, transform=transform)
 
+        # Also set output for the remainder estimator if it is an estimator
+        if self.remainder not in {"passthrough", "drop"}:
+            _safe_set_output(self.remainder, transform=transform)
+
+        return self
+        for trans in transformers:
+            _safe_set_output(trans, transform=transform)
+
         return self
 
     def get_params(self, deep=True):
Saved trajectory to 'results29/sphinx-doc__sphinx-9230/sphinx-doc__sphinx-9230.traj.json'
Completed instance sphinx-doc__sphinx-9230, result: diff --git a/sphinx/ext/napoleon/docstring.py b/sphinx/ext/napoleon/docstring.py
index d8cb75a5f..dc04ba238 100644
--- a/sphinx/ext/napoleon/docstring.py
+++ b/sphinx/ext/napoleon/docstring.py
@@ -44,7 +44,7 @@ _enumerated_list_regex = re.compile(
     r'(?(paren)\)|\.)(\s+\S|\s*$)')
 _token_regex = re.compile(
     r"(,\sor\s|\sor\s|\sof\s|:\s|\sto\s|,\sand\s|\sand\s|,\s"
-    r"|[{]|[}]"
+    r"|[{]|[}]|[(]|[)]"
     r'|"(?:\\"|[^"])*"'
     r"|'(?:\\'|[^'])*')"
 )
Saved trajectory to 'results29/django__django-13810/django__django-13810.traj.json'
Completed instance django__django-13810, result: diff --git a/django/core/handlers/base.py b/django/core/handlers/base.py
index 8e8c3da06a..b8d46c1128 100644
--- a/django/core/handlers/base.py
+++ b/django/core/handlers/base.py
@@ -37,8 +37,6 @@ class BaseHandler:
         handler = convert_exception_to_response(get_response)
         handler_is_async = is_async
         for middleware_path in reversed(settings.MIDDLEWARE):
-            middleware = import_string(middleware_path)
-            middleware_can_sync = getattr(middleware, 'sync_capable', True)
             middleware_can_async = getattr(middleware, 'async_capable', False)
             if not middleware_can_sync and not middleware_can_async:
                 raise RuntimeError(
@@ -51,11 +49,11 @@ class BaseHandler:
                 middleware_is_async = middleware_can_async
             try:
                 # Adapt handler, if needed.
-                handler = self.adapt_method_mode(
+                adapted_handler = self.adapt_method_mode(
                     middleware_is_async, handler, handler_is_async,
                     debug=settings.DEBUG, name='middleware %s' % middleware_path,
                 )
-                mw_instance = middleware(handler)
+                mw_instance = middleware(adapted_handler)
             except MiddlewareNotUsed as exc:
                 if settings.DEBUG:
                     if str(exc):
Saved trajectory to 'results29/django__django-10973/django__django-10973.traj.json'
Completed instance django__django-10973, result: diff --git a/django/db/backends/postgresql/client.py b/django/db/backends/postgresql/client.py
index 7fca6eff30..0d24f1fc13 100644
--- a/django/db/backends/postgresql/client.py
+++ b/django/db/backends/postgresql/client.py
@@ -19,7 +19,6 @@ class DatabaseClient(BaseDatabaseClient):
     @classmethod
     def runshell_db(cls, conn_params):
         args = [cls.executable_name]
-
         host = conn_params.get('host', '')
         port = conn_params.get('port', '')
         dbname = conn_params.get('database', '')
@@ -37,35 +36,21 @@ class DatabaseClient(BaseDatabaseClient):
         temp_pgpass = None
         sigint_handler = signal.getsignal(signal.SIGINT)
         try:
+            env = os.environ.copy()
             if passwd:
-                # Create temporary .pgpass file.
-                temp_pgpass = NamedTemporaryFile(mode='w+')
-                try:
-                    print(
-                        _escape_pgpass(host) or '*',
-                        str(port) or '*',
-                        _escape_pgpass(dbname) or '*',
-                        _escape_pgpass(user) or '*',
-                        _escape_pgpass(passwd),
-                        file=temp_pgpass,
-                        sep=':',
-                        flush=True,
-                    )
-                    os.environ['PGPASSFILE'] = temp_pgpass.name
-                except UnicodeEncodeError:
-                    # If the current locale can't encode the data, let the
-                    # user input the password manually.
-                    pass
+                # Pass the password via PGPASSWORD environment variable to avoid
+                # creating a temporary .pgpass file.
+                env['PGPASSWORD'] = passwd
             # Allow SIGINT to pass to psql to abort queries.
             signal.signal(signal.SIGINT, signal.SIG_IGN)
-            subprocess.check_call(args)
+            subprocess.run(args, env=env, check=True)
         finally:
             # Restore the original SIGINT handler.
             signal.signal(signal.SIGINT, sigint_handler)
             if temp_pgpass:
                 temp_pgpass.close()
-                if 'PGPASSFILE' in os.environ:  # unit tests need cleanup
-                    del os.environ['PGPASSFILE']
+            if 'PGPASSFILE' in os.environ:  # unit tests need cleanup
+                del os.environ['PGPASSFILE']
 
     def runshell(self):
         DatabaseClient.runshell_db(self.connection.get_connection_params())
Saved trajectory to 'results29/django__django-13297/django__django-13297.traj.json'
Completed instance django__django-13297, result: diff --git a/django/views/generic/base.py b/django/views/generic/base.py
index ea5baca08d..1412790b15 100644
--- a/django/views/generic/base.py
+++ b/django/views/generic/base.py
@@ -11,7 +11,7 @@ from django.template.response import TemplateResponse
 from django.urls import reverse
 from django.utils.decorators import classonlymethod
 from django.utils.deprecation import RemovedInDjango40Warning
-from django.utils.functional import SimpleLazyObject
+from django.utils.functional import SimpleLazyObject, empty
 
 logger = logging.getLogger('django.request')
 
@@ -27,15 +27,15 @@ class ContextMixin:
         kwargs.setdefault('view', self)
         if self.extra_context is not None:
             kwargs.update(self.extra_context)
+        # Unwrap any SimpleLazyObject URL kwargs (wrapped for deprecation warning)
+        for key, value in list(kwargs.items()):
+            if isinstance(value, SimpleLazyObject):
+                # Force evaluation of the lazy object to obtain the wrapped value
+                if getattr(value, '_wrapped', empty) is empty:
+                    value._setup()
+                kwargs[key] = value._wrapped
         return kwargs
 
-
-class View:
-    """
-    Intentionally simple parent class for all views. Only implements
-    dispatch-by-method and simple sanity checking.
-    """
-
     http_method_names = ['get', 'post', 'put', 'patch', 'delete', 'head', 'options', 'trace']
 
     def __init__(self, **kwargs):Traceback (most recent call last):
  File "/data/lakshyaaagrawal/cs294-264-hw-FA25/envs.py", line 455, in find_index
    compiled_pattern = re.compile(pattern)
  File "/home/eecs/lakshyaaagrawal/.local/share/uv/python/cpython-3.13.5-linux-x86_64-gnu/lib/python3.13/re/__init__.py", line 289, in compile
    return _compile(pattern, flags)
  File "/home/eecs/lakshyaaagrawal/.local/share/uv/python/cpython-3.13.5-linux-x86_64-gnu/lib/python3.13/re/__init__.py", line 350, in _compile
    p = _compiler.compile(pattern, flags)
  File "/home/eecs/lakshyaaagrawal/.local/share/uv/python/cpython-3.13.5-linux-x86_64-gnu/lib/python3.13/re/_compiler.py", line 748, in compile
    p = _parser.parse(p, flags)
  File "/home/eecs/lakshyaaagrawal/.local/share/uv/python/cpython-3.13.5-linux-x86_64-gnu/lib/python3.13/re/_parser.py", line 980, in parse
    p = _parse_sub(source, state, flags & SRE_FLAG_VERBOSE, 0)
  File "/home/eecs/lakshyaaagrawal/.local/share/uv/python/cpython-3.13.5-linux-x86_64-gnu/lib/python3.13/re/_parser.py", line 459, in _parse_sub
    itemsappend(_parse(source, state, verbose, nested + 1,
                ~~~~~~^^^^^^^^^^^^^^^^^^^^^^^^^^^^^^^^^^^^
                       not nested and not items))
                       ^^^^^^^^^^^^^^^^^^^^^^^^^
  File "/home/eecs/lakshyaaagrawal/.local/share/uv/python/cpython-3.13.5-linux-x86_64-gnu/lib/python3.13/re/_parser.py", line 863, in _parse
    p = _parse_sub(source, state, sub_verbose, nested + 1)
  File "/home/eecs/lakshyaaagrawal/.local/share/uv/python/cpython-3.13.5-linux-x86_64-gnu/lib/python3.13/re/_parser.py", line 459, in _parse_sub
    itemsappend(_parse(source, state, verbose, nested + 1,
                ~~~~~~^^^^^^^^^^^^^^^^^^^^^^^^^^^^^^^^^^^^
                       not nested and not items))
                       ^^^^^^^^^^^^^^^^^^^^^^^^^
  File "/home/eecs/lakshyaaagrawal/.local/share/uv/python/cpython-3.13.5-linux-x86_64-gnu/lib/python3.13/re/_parser.py", line 689, in _parse
    raise source.error("multiple repeat",
                       source.tell() - here + len(this))
re.PatternError: multiple repeat at position 46

During handling of the above exception, another exception occurred:

Traceback (most recent call last):
  File "/data/lakshyaaagrawal/cs294-264-hw-FA25/envs.py", line 469, in replace_between
    start_idx = find_index(start_pattern, 0)
  File "/data/lakshyaaagrawal/cs294-264-hw-FA25/envs.py", line 457, in find_index
    raise ValueError(
    ...<3 lines>...
    )
ValueError: Invalid regex pattern: multiple repeat at position 46. If you want literal string matching, set use_regex=False (the default). If you want regex, escape special characters properly.

Saved trajectory to 'results29/sphinx-doc__sphinx-7590/sphinx-doc__sphinx-7590.traj.json'
Completed instance sphinx-doc__sphinx-7590, result: diff --git a/sphinx/domains/cpp.py b/sphinx/domains/cpp.py
index fe52d881d..63d16b0b9 100644
--- a/sphinx/domains/cpp.py
+++ b/sphinx/domains/cpp.py
@@ -4642,7 +4642,6 @@ class DefinitionParser(BaseParser):
                 escape = False
             self.pos += 1
         return self.definition[startPos:self.pos]
-
     def _parse_literal(self) -> ASTLiteral:
         # -> integer-literal
         #  | character-literal
@@ -4660,20 +4659,35 @@ class DefinitionParser(BaseParser):
             return ASTBooleanLiteral(False)
         for regex in [float_literal_re, binary_literal_re, hex_literal_re,
                       integer_literal_re, octal_literal_re]:
-            pos = self.pos
+            start = self.pos
             if self.match(regex):
+                # consume builtin suffix letters like 'u', 'U', 'l', 'L', 'f', 'F'
                 while self.current_char in 'uUlLfF':
                     self.pos += 1
-                return ASTNumberLiteral(self.definition[pos:self.pos])
-
+                # user-defined-literal: an identifier immediately following the
+                # literal (e.g., 12_km, 1.0ms). If present, include it in the
+                # returned literal text.
+                if self.match(identifier_re):
+                    return ASTNumberLiteral(self.definition[start:self.pos])
+                return ASTNumberLiteral(self.definition[start:self.pos])
         string = self._parse_string()
         if string is not None:
+            # start position of the string literal
+            start = self.pos - len(string)
+            # ud-suffix after string literal: include if present
+            if self.match(identifier_re):
+                return ASTStringLiteral(self.definition[start:self.pos])
             return ASTStringLiteral(string)
-
         # character-literal
         if self.match(char_literal_re):
             prefix = self.last_match.group(1)  # may be None when no prefix
             data = self.last_match.group(2)
+            # start position of the char literal text
+            start = self.pos - len(self.last_match.group(0))
+            # ud-suffix after char literal: include if present
+            if self.match(identifier_re):
+                # represent char+suffix as a string literal for display purposes
+                return ASTStringLiteral(self.definition[start:self.pos])
             try:
                 return ASTCharLiteral(prefix, data)
             except UnicodeDecodeError as e:
@@ -4681,9 +4695,9 @@ class DefinitionParser(BaseParser):
             except UnsupportedMultiCharacterCharLiteral:
                 self.fail("Can not handle character literal"
                           " resulting in multiple decoded characters.")
-
         # TODO: user-defined lit
         return None
+        return None
 
     def _parse_fold_or_paren_expression(self) -> ASTExpression:
         # "(" expression ")"
Saved trajectory to 'results29/django__django-12406/django__django-12406.traj.json'
Completed instance django__django-12406, result: diff --git a/django/forms/models.py b/django/forms/models.py
index dafc11f995..999c72bdcd 100644
--- a/django/forms/models.py
+++ b/django/forms/models.py
@@ -3,21 +3,15 @@ Helper functions for creating Form classes from Django models
 and database field objects.
 """
 
-from itertools import chain
-
 from django.core.exceptions import (
     NON_FIELD_ERRORS, FieldError, ImproperlyConfigured, ValidationError,
 )
 from django.forms.fields import ChoiceField, Field
 from django.forms.forms import BaseForm, DeclarativeFieldsMetaclass
-from django.forms.formsets import BaseFormSet, formset_factory
-from django.forms.utils import ErrorList
 from django.forms.widgets import (
-    HiddenInput, MultipleHiddenInput, SelectMultiple,
+    HiddenInput, MultipleHiddenInput, SelectMultiple, RadioSelect,
 )
 from django.utils.text import capfirst, get_text_list
-from django.utils.translation import gettext, gettext_lazy as _
-
 __all__ = (
     'ModelForm', 'BaseModelForm', 'model_to_dict', 'fields_for_model',
     'ModelChoiceField', 'ModelMultipleChoiceField', 'ALL_FIELDS',
@@ -1171,10 +1165,6 @@ class ModelChoiceIterator:
         )
 
 
-class ModelChoiceField(ChoiceField):
-    """A ChoiceField whose choices are a model QuerySet."""
-    # This class is a subclass of ChoiceField for purity, but it doesn't
-    # actually use any of ChoiceField's implementation.
     default_error_messages = {
         'invalid_choice': _('Select a valid choice. That choice is not one of'
                             ' the available choices.'),
@@ -1190,6 +1180,21 @@ class ModelChoiceField(ChoiceField):
         else:
             self.empty_label = empty_label
 
+        # Do not add an empty choice for RadioSelect widgets when the field is required.
+        # Radio inputs already provide an unselected state; showing the "---------" option
+        # is confusing and results in a pre-checked empty choice on new forms.
+        if self.empty_label is not None and required and widget is not None:
+            try:
+                from django.forms.widgets import RadioSelect as _RadioSelect
+            except Exception:
+                _RadioSelect = None
+            if _RadioSelect is not None and (isinstance(widget, _RadioSelect) or widget is _RadioSelect):
+                self.empty_label = None
+    # Radio inputs already provide an unselected state; showing the "---------" option
+    # is confusing and results in a pre-checked empty choice on new forms.
+    if self.empty_label is not None and required and widget is not None:
+        if isinstance(widget, RadioSelect) or widget is RadioSelect:
+            self.empty_label = None
         # Call Field instead of ChoiceField __init__() because we don't need
         # ChoiceField.__init__().
         Field.__init__(
Saved trajectory to 'results29/sympy__sympy-17655/sympy__sympy-17655.traj.json'
Completed instance sympy__sympy-17655, result: diff --git a/sympy/geometry/point.py b/sympy/geometry/point.py
index 7c978c47be..6299266bd8 100644
--- a/sympy/geometry/point.py
+++ b/sympy/geometry/point.py
@@ -233,8 +233,6 @@ def __div__(self, divisor):
     def __eq__(self, other):
         if not isinstance(other, Point) or len(self.args) != len(other.args):
             return False
-        return self.args == other.args
-
     def __getitem__(self, key):
         return self.args[key]
 
@@ -254,10 +252,6 @@ def __mul__(self, factor):
         =====
 
         >>> from sympy.geometry.point import Point
-
-        When multiplying a Point by a floating point number,
-        the coordinates of the Point will be changed to Floats:
-
         >>> Point(1, 2)*0.1
         Point2D(0.1, 0.2)
 
@@ -278,6 +272,17 @@ def __mul__(self, factor):
         coords = [simplify(x*factor) for x in self.args]
         return Point(coords, evaluate=False)
 
+    def __rmul__(self, other):
+        """Right-hand multiplication: delegate to __mul__ so that
+        number * Point behaves the same as Point * number."""
+        return self * other
+        return self * other
+
+    def __rmul__(self, other):
+        """Right-hand multiplication: delegate to __mul__ so that
+        number * Point behaves the same as Point * number."""
+        return self * other
+
     def __neg__(self):
         """Negate the point."""
         coords = [-x for x in self.args]
Saved trajectory to 'results29/astropy__astropy-7166/astropy__astropy-7166.traj.json'
Completed instance astropy__astropy-7166, result: diff --git a/astropy/utils/misc.py b/astropy/utils/misc.py
index de3fb01d1..477f5e0a1 100644
--- a/astropy/utils/misc.py
+++ b/astropy/utils/misc.py
@@ -528,7 +528,7 @@ class InheritDocstrings(type):
                 not key.startswith('_'))
 
         for key, val in dct.items():
-            if (inspect.isfunction(val) and
+            if ((inspect.isfunction(val) or inspect.isdatadescriptor(val)) and
                 is_public_member(key) and
                 val.__doc__ is None):
                 for base in cls.__mro__[1:]:
Saved trajectory to 'results29/django__django-14053/django__django-14053.traj.json'
Completed instance django__django-14053, result: diff --git a/django/contrib/staticfiles/storage.py b/django/contrib/staticfiles/storage.py
index 494890cc23..aa1d33a998 100644
--- a/django/contrib/staticfiles/storage.py
+++ b/django/contrib/staticfiles/storage.py
@@ -216,18 +216,26 @@ class HashedFilesMixin:
         """
         # don't even dare to process the files if we're in dry run mode
         if dry_run:
-            return
-
-        # where to store the new paths
-        hashed_files = {}
-
-        # build a list of adjustable files
-        adjustable_paths = [
-            path for path in paths
-            if matches_patterns(path, self._patterns)
-        ]
-        # Do a single pass first. Post-process all files once, then repeat for
-        # adjustable files.
+          # Do a single pass first. Post-process all files once, then repeat for
+          # adjustable files.
+          yielded = set()
+          for name, hashed_name, processed, _ in self._post_process(paths, adjustable_paths, hashed_files):
+              if name not in yielded:
+                  yield name, hashed_name, processed
+                  yielded.add(name)
+
+          paths = {path: paths[path] for path in adjustable_paths}
+
+          for i in range(self.max_post_process_passes):
+              substitutions = False
+              for name, hashed_name, processed, subst in self._post_process(paths, adjustable_paths, hashed_files):
+                  if name not in yielded:
+                      yield name, hashed_name, processed
+                      yielded.add(name)
+                  substitutions = substitutions or subst
+
+              if not substitutions:
+                  break
         for name, hashed_name, processed, _ in self._post_process(paths, adjustable_paths, hashed_files):
             yield name, hashed_name, processed
Saved trajectory to 'results29/sphinx-doc__sphinx-9658/sphinx-doc__sphinx-9658.traj.json'
Completed instance sphinx-doc__sphinx-9658, result: diff --git a/sphinx/util/typing.py b/sphinx/util/typing.py
index 87707d48f..e295cd6d8 100644
--- a/sphinx/util/typing.py
+++ b/sphinx/util/typing.py
@@ -191,6 +191,11 @@ def _restify_py37(cls: Optional[Type]) -> str:
         return text
     elif isinstance(cls, typing._SpecialForm):
         return ':py:obj:`~%s.%s`' % (cls.__module__, cls._name)
+    # Prefer a mocked object's explicit __display_name__ if present to avoid
+    # empty __qualname__ producing outputs like "torch.nn." instead of
+    # "torch.nn.Module".
+    elif getattr(cls, '__display_name__', None):
+        return ':py:class:`%s`' % (cls.__display_name__)
     elif hasattr(cls, '__qualname__'):
         if cls.__module__ == 'typing':
             return ':py:class:`~%s.%s`' % (cls.__module__, cls.__qualname__)
