👋 This is mini-swe-agent version 1.13.3.
Loading global config from '/home/eecs/lakshyaaagrawal/.config/mini-swe-agent/.env'
Results will be saved to results26
Loading dataset lynnliu030/swebench-eval-subset, split test...
Running on 20 instances...
Processing instance django__django-13297
minisweagent.environment: DEBUG: Starting container with command: docker run -d --name minisweagent-59926bfe -w /testbed --rm          
docker.io/swebench/sweb.eval.x86_64.django_1776_django-13297:latest sleep 2h                                                           
Processing instance django__django-11179
minisweagent.environment: DEBUG: Starting container with command: docker run -d --name minisweagent-0bbec63d -w /testbed --rm          
docker.io/swebench/sweb.eval.x86_64.django_1776_django-11179:latest sleep 2h                                                           
Processing instance django__django-12406
minisweagent.environment: DEBUG: Starting container with command: docker run -d --name minisweagent-9affe11d -w /testbed --rm          
docker.io/swebench/sweb.eval.x86_64.django_1776_django-12406:latest sleep 2h                                                           
Processing instance sphinx-doc__sphinx-9658
minisweagent.environment: DEBUG: Starting container with command: docker run -d --name minisweagent-3ffdbfce -w /testbed --rm          
docker.io/swebench/sweb.eval.x86_64.sphinx-doc_1776_sphinx-9658:latest sleep 2h                                                        
Processing instance sphinx-doc__sphinx-9230
minisweagent.environment: DEBUG: Starting container with command: docker run -d --name minisweagent-067b9c2d -w /testbed --rm          
docker.io/swebench/sweb.eval.x86_64.sphinx-doc_1776_sphinx-9230:latest sleep 2h                                                        
Processing instance psf__requests-2931
minisweagent.environment: DEBUG: Starting container with command: docker run -d --name minisweagent-ada37acd -w /testbed --rm          
docker.io/swebench/sweb.eval.x86_64.psf_1776_requests-2931:latest sleep 2h                                                             
Processing instance django__django-7530
minisweagent.environment: DEBUG: Starting container with command: docker run -d --name minisweagent-4eaa0fcf -w /testbed --rm          
docker.io/swebench/sweb.eval.x86_64.django_1776_django-7530:latest sleep 2h                                                            
Processing instance sphinx-doc__sphinx-7590
minisweagent.environment: DEBUG: Starting container with command: docker run -d --name minisweagent-dd12ca0e -w /testbed --rm          
docker.io/swebench/sweb.eval.x86_64.sphinx-doc_1776_sphinx-7590:latest sleep 2h                                                        
Processing instance pytest-dev__pytest-7490
minisweagent.environment: DEBUG: Starting container with command: docker run -d --name minisweagent-4a59a099 -w /testbed --rm          
docker.io/swebench/sweb.eval.x86_64.pytest-dev_1776_pytest-7490:latest sleep 2h                                                        
Processing instance astropy__astropy-7166
minisweagent.environment: DEBUG: Starting container with command: docker run -d --name minisweagent-45fa5073 -w /testbed --rm          
docker.io/swebench/sweb.eval.x86_64.astropy_1776_astropy-7166:latest sleep 2h                                                          
Processing instance sympy__sympy-24213
minisweagent.environment: DEBUG: Starting container with command: docker run -d --name minisweagent-fbb6e56e -w /testbed --rm          
docker.io/swebench/sweb.eval.x86_64.sympy_1776_sympy-24213:latest sleep 2h                                                             
Processing instance django__django-16631
minisweagent.environment: DEBUG: Starting container with command: docker run -d --name minisweagent-38da06e9 -w /testbed --rm          
docker.io/swebench/sweb.eval.x86_64.django_1776_django-16631:latest sleep 2h                                                           
Processing instance django__django-13810
minisweagent.environment: DEBUG: Starting container with command: docker run -d --name minisweagent-f9e76865 -w /testbed --rm          
docker.io/swebench/sweb.eval.x86_64.django_1776_django-13810:latest sleep 2h                                                           
Processing instance django__django-14011
minisweagent.environment: DEBUG: Starting container with command: docker run -d --name minisweagent-12f3a5a1 -w /testbed --rm          
docker.io/swebench/sweb.eval.x86_64.django_1776_django-14011:latest sleep 2h                                                           
Processing instance django__django-10973
Processing instance psf__requests-1921
Processing instance scikit-learn__scikit-learn-26323
minisweagent.environment: DEBUG: Starting container with command: docker run -d --name minisweagent-c60af24e -w /testbed --rm          
docker.io/swebench/sweb.eval.x86_64.django_1776_django-10973:latest sleep 2h                                                           
Processing instance django__django-14053
minisweagent.environment: DEBUG: Starting container with command: docker run -d --name minisweagent-875742d9 -w /testbed --rm          
docker.io/swebench/sweb.eval.x86_64.psf_1776_requests-1921:latest sleep 2h                                                             
minisweagent.environment: DEBUG: Starting container with command: docker run -d --name minisweagent-9c819e7f -w /testbed --rm          
docker.io/swebench/sweb.eval.x86_64.scikit-learn_1776_scikit-learn-26323:latest sleep 2h                                               
Processing instance django__django-16662
minisweagent.environment: DEBUG: Starting container with command: docker run -d --name minisweagent-2e7b46c9 -w /testbed --rm          
docker.io/swebench/sweb.eval.x86_64.django_1776_django-14053:latest sleep 2h                                                           
Processing instance sympy__sympy-17655
minisweagent.environment: DEBUG: Starting container with command: docker run -d --name minisweagent-b504f740 -w /testbed --rm          
docker.io/swebench/sweb.eval.x86_64.django_1776_django-16662:latest sleep 2h                                                           
minisweagent.environment: DEBUG: Starting container with command: docker run -d --name minisweagent-69bc04d5 -w /testbed --rm          
docker.io/swebench/sweb.eval.x86_64.sympy_1776_sympy-17655:latest sleep 2h                                                             
