👋 This is mini-swe-agent version 1.13.3.
Loading global config from '/home/eecs/lakshyaaagrawal/.config/mini-swe-agent/.env'
Results will be saved to results7
Loading dataset lynnliu030/swebench-eval-subset, split test...
Running on 20 instances...
Processing instance sympy__sympy-24213
minisweagent.environment: DEBUG: Starting container with command: docker run -d --name minisweagent-4a37834e -w /testbed --rm            
docker.io/swebench/sweb.eval.x86_64.sympy_1776_sympy-24213:latest sleep 2h                                                               
Processing instance django__django-16662
minisweagent.environment: DEBUG: Starting container with command: docker run -d --name minisweagent-ca0df55f -w /testbed --rm            
docker.io/swebench/sweb.eval.x86_64.django_1776_django-16662:latest sleep 2h                                                             
Processing instance django__django-16631
Processing instance django__django-14053
Processing instance psf__requests-1921
Processing instance psf__requests-2931
Processing instance django__django-14011
Processing instance pytest-dev__pytest-7490
Processing instance scikit-learn__scikit-learn-26323
Processing instance sphinx-doc__sphinx-7590
Processing instance django__django-7530
Processing instance sphinx-doc__sphinx-9658
Processing instance django__django-13297
Processing instance django__django-11179
minisweagent.environment: DEBUG: Starting container with command: docker run -d --name minisweagent-283de82d -w /testbed --rm            
docker.io/swebench/sweb.eval.x86_64.django_1776_django-16631:latest sleep 2h                                                             
minisweagent.environment: DEBUG: Starting container with command: docker run -d --name minisweagent-de0a8f1c -w /testbed --rm            
docker.io/swebench/sweb.eval.x86_64.django_1776_django-14053:latest sleep 2h                                                             
minisweagent.environment: DEBUG: Starting container with command: docker run -d --name minisweagent-f9550942 -w /testbed --rm            
docker.io/swebench/sweb.eval.x86_64.psf_1776_requests-1921:latest sleep 2h                                                               
Processing instance django__django-12406
Processing instance django__django-10973
Processing instance django__django-13810
minisweagent.environment: DEBUG: Starting container with command: docker run -d --name minisweagent-85a7a2c4 -w /testbed --rm            
docker.io/swebench/sweb.eval.x86_64.psf_1776_requests-2931:latest sleep 2h                                                               
minisweagent.environment: DEBUG: Starting container with command: docker run -d --name minisweagent-21edf6e2 -w /testbed --rm            
docker.io/swebench/sweb.eval.x86_64.scikit-learn_1776_scikit-learn-26323:latest sleep 2h                                                 
minisweagent.environment: DEBUG: Starting container with command: docker run -d --name minisweagent-f6a64ea2 -w /testbed --rm            
docker.io/swebench/sweb.eval.x86_64.django_1776_django-14011:latest sleep 2h                                                             
minisweagent.environment: DEBUG: Starting container with command: docker run -d --name minisweagent-cedcf869 -w /testbed --rm            
docker.io/swebench/sweb.eval.x86_64.sphinx-doc_1776_sphinx-7590:latest sleep 2h                                                          
minisweagent.environment: DEBUG: Starting container with command: docker run -d --name minisweagent-b348a208 -w /testbed --rm            
docker.io/swebench/sweb.eval.x86_64.django_1776_django-7530:latest sleep 2h                                                              
minisweagent.environment: DEBUG: Starting container with command: docker run -d --name minisweagent-10b01ad2 -w /testbed --rm            
docker.io/swebench/sweb.eval.x86_64.sphinx-doc_1776_sphinx-9658:latest sleep 2h                                                          
minisweagent.environment: DEBUG: Starting container with command: docker run -d --name minisweagent-81a8ab69 -w /testbed --rm            
docker.io/swebench/sweb.eval.x86_64.django_1776_django-11179:latest sleep 2h                                                             
minisweagent.environment: DEBUG: Starting container with command: docker run -d --name minisweagent-8f812ab9 -w /testbed --rm            
docker.io/swebench/sweb.eval.x86_64.pytest-dev_1776_pytest-7490:latest sleep 2h                                                          
minisweagent.environment: DEBUG: Starting container with command: docker run -d --name minisweagent-ce1b5c33 -w /testbed --rm            
docker.io/swebench/sweb.eval.x86_64.django_1776_django-12406:latest sleep 2h                                                             
minisweagent.environment: DEBUG: Starting container with command: docker run -d --name minisweagent-f4b408bc -w /testbed --rm            
docker.io/swebench/sweb.eval.x86_64.django_1776_django-10973:latest sleep 2h                                                             
minisweagent.environment: DEBUG: Starting container with command: docker run -d --name minisweagent-c60d38a5 -w /testbed --rm            
docker.io/swebench/sweb.eval.x86_64.django_1776_django-13810:latest sleep 2h                                                             
minisweagent.environment: DEBUG: Starting container with command: docker run -d --name minisweagent-b2c49463 -w /testbed --rm            
docker.io/swebench/sweb.eval.x86_64.django_1776_django-13297:latest sleep 2h                                                             
Processing instance sphinx-doc__sphinx-9230
minisweagent.environment: DEBUG: Starting container with command: docker run -d --name minisweagent-53b0ed80 -w /testbed --rm            
docker.io/swebench/sweb.eval.x86_64.sphinx-doc_1776_sphinx-9230:latest sleep 2h                                                          
Processing instance astropy__astropy-7166
minisweagent.environment: DEBUG: Starting container with command: docker run -d --name minisweagent-87ffd350 -w /testbed --rm            
docker.io/swebench/sweb.eval.x86_64.astropy_1776_astropy-7166:latest sleep 2h                                                            
Processing instance sympy__sympy-17655
minisweagent.environment: DEBUG: Starting container with command: docker run -d --name minisweagent-d386204c -w /testbed --rm            
docker.io/swebench/sweb.eval.x86_64.sympy_1776_sympy-17655:latest sleep 2h                                                               
minisweagent.environment: INFO: Started container minisweagent-4a37834e with ID                                                          
2332399aa00596de7bd779c8ecd594dabaa671e3c3a0ac0fa466d305a2c1dda1                                                                         
minisweagent.environment: INFO: Started container minisweagent-283de82d with ID                                                          
e30a346004570a3d300198256a2af75d381ecdc3e514e913cfae20acdc971a88                                                                         
minisweagent.environment: INFO: Started container minisweagent-85a7a2c4 with ID                                                          
48719ee207566393b9168a0f7deaecb9a783a02909640ca70a23de59d6b4cabf                                                                         
minisweagent.environment: INFO: Started container minisweagent-ca0df55f with ID                                                          
be85562b637750fa7e01fc22e4b718338d9c953327cbac41ddbddcade5443a83                                                                         
minisweagent.environment: INFO: Started container minisweagent-de0a8f1c with ID                                                          
ecc4ee98d9fadb810d59a96c6eb871feff0a4af2ab60519afc3d65abfb3bffd0                                                                         
minisweagent.environment: INFO: Started container minisweagent-87ffd350 with ID                                                          
33a29a78eb64567f924d463687dc701fe7794a99da429375d742208435f2cf7e                                                                         
minisweagent.environment: INFO: Started container minisweagent-f9550942 with ID                                                          
2d4f67e24f6771dbefabc71bb8a611cc458c3433ed08100791e86e2fda985d9a                                                                         
minisweagent.environment: INFO: Started container minisweagent-8f812ab9 with ID                                                          
82b5845fbe9400496eaa5412db3abcbc54444e31dc6a880c1b11a04d8b621bb2                                                                         
minisweagent.environment: INFO: Started container minisweagent-d386204c with ID                                                          
6a86c80f538a23a1ce0e9c249c83e705fcc0ac97f3d788bf2e2905fbeea66c4d                                                                         
minisweagent.environment: INFO: Started container minisweagent-cedcf869 with ID                                                          
66974d234e4b7fde66172edee56d5615b7babac0cb0b58f6906dd58a1b864df8                                                                         
minisweagent.environment: INFO: Started container minisweagent-f4b408bc with ID                                                          
f18c418a122110007877316a476dc39f93ba4462688298bd1563a480017f5edd                                                                         
minisweagent.environment: INFO: Started container minisweagent-c60d38a5 with ID                                                          
7d14d36bc8146c7c741ee11d138736ed9ca9e39fe68ac8f0c65f56c52c665d30                                                                         
minisweagent.environment: INFO: Started container minisweagent-b348a208 with ID                                                          
a701140abf42413009a6b01f00453c8b11777d8e5e7d7a8f0edb42e1ac8ef9a0                                                                         
minisweagent.environment: INFO: Started container minisweagent-10b01ad2 with ID                                                          
1d1f03e6874bde9d5aafa8f16981fc67303e10bd1fd524d332c29bb7d5e95776                                                                         
minisweagent.environment: INFO: Started container minisweagent-81a8ab69 with ID                                                          
cdac048b6e039ae2a2d07dd2bca68bc6fee30fd80de2a3ca99062bf9b00b5170                                                                         
minisweagent.environment: INFO: Started container minisweagent-53b0ed80 with ID                                                          
bdf0b5698f6a4268277584fdade5f00b97d1aeab4ec19d4b462662e39b6fd1b4                                                                         
minisweagent.environment: INFO: Started container minisweagent-21edf6e2 with ID                                                          
5427e38bdcbce7ca64fd570aa20c8e474c0f26139e3eebbd892e9cc3c2bf90ce                                                                         
minisweagent.environment: INFO: Started container minisweagent-b2c49463 with ID                                                          
ec082ac65e019279e2cd48d626fb99e3d95d5d558914bb3c24bab1c088f81616                                                                         
minisweagent.environment: INFO: Started container minisweagent-f6a64ea2 with ID                                                          
e064abcd3105cec8c965a9e98d86809a5a781096cf337b0cb5d2e163f551889b                                                                         
minisweagent.environment: INFO: Started container minisweagent-ce1b5c33 with ID                                                          
d2a892e46266e397980ec6576a583d01a285d62ba29124d6e429421029f12e96                                                                         
Traceback (most recent call last):
  File "/data/lakshyaaagrawal/cs294-264-hw-FA25/agent.py", line 978, in run
    parsed = self.parser.parse(response)
  File "/data/lakshyaaagrawal/cs294-264-hw-FA25/response_parser.py", line 44, in parse
    raise ValueError("No BEGIN_CALL marker found before END_CALL")
ValueError: No BEGIN_CALL marker found before END_CALL
Traceback (most recent call last):
  File "/data/lakshyaaagrawal/cs294-264-hw-FA25/agent.py", line 978, in run
    parsed = self.parser.parse(response)
  File "/data/lakshyaaagrawal/cs294-264-hw-FA25/response_parser.py", line 44, in parse
    raise ValueError("No BEGIN_CALL marker found before END_CALL")
ValueError: No BEGIN_CALL marker found before END_CALL
Traceback (most recent call last):
  File "/data/lakshyaaagrawal/cs294-264-hw-FA25/agent.py", line 978, in run
    parsed = self.parser.parse(response)
  File "/data/lakshyaaagrawal/cs294-264-hw-FA25/response_parser.py", line 44, in parse
    raise ValueError("No BEGIN_CALL marker found before END_CALL")
ValueError: No BEGIN_CALL marker found before END_CALL
Traceback (most recent call last):
  File "/data/lakshyaaagrawal/cs294-264-hw-FA25/agent.py", line 978, in run
    parsed = self.parser.parse(response)
  File "/data/lakshyaaagrawal/cs294-264-hw-FA25/response_parser.py", line 44, in parse
    raise ValueError("No BEGIN_CALL marker found before END_CALL")
ValueError: No BEGIN_CALL marker found before END_CALL
Traceback (most recent call last):
  File "/data/lakshyaaagrawal/cs294-264-hw-FA25/agent.py", line 978, in run
    parsed = self.parser.parse(response)
  File "/data/lakshyaaagrawal/cs294-264-hw-FA25/response_parser.py", line 44, in parse
    raise ValueError("No BEGIN_CALL marker found before END_CALL")
ValueError: No BEGIN_CALL marker found before END_CALL
Traceback (most recent call last):
  File "/data/lakshyaaagrawal/cs294-264-hw-FA25/agent.py", line 978, in run
    parsed = self.parser.parse(response)
  File "/data/lakshyaaagrawal/cs294-264-hw-FA25/response_parser.py", line 44, in parse
    raise ValueError("No BEGIN_CALL marker found before END_CALL")
ValueError: No BEGIN_CALL marker found before END_CALL
Traceback (most recent call last):
  File "/data/lakshyaaagrawal/cs294-264-hw-FA25/agent.py", line 978, in run
    parsed = self.parser.parse(response)
  File "/data/lakshyaaagrawal/cs294-264-hw-FA25/response_parser.py", line 44, in parse
    raise ValueError("No BEGIN_CALL marker found before END_CALL")
ValueError: No BEGIN_CALL marker found before END_CALL
Traceback (most recent call last):
  File "/data/lakshyaaagrawal/cs294-264-hw-FA25/agent.py", line 978, in run
    parsed = self.parser.parse(response)
  File "/data/lakshyaaagrawal/cs294-264-hw-FA25/response_parser.py", line 44, in parse
    raise ValueError("No BEGIN_CALL marker found before END_CALL")
ValueError: No BEGIN_CALL marker found before END_CALL
Traceback (most recent call last):
  File "/data/lakshyaaagrawal/cs294-264-hw-FA25/agent.py", line 978, in run
    parsed = self.parser.parse(response)
  File "/data/lakshyaaagrawal/cs294-264-hw-FA25/response_parser.py", line 44, in parse
    raise ValueError("No BEGIN_CALL marker found before END_CALL")
ValueError: No BEGIN_CALL marker found before END_CALL
Saved trajectory to 'results7/sphinx-doc__sphinx-9658/sphinx-doc__sphinx-9658.traj.json'
Completed instance sphinx-doc__sphinx-9658, result: Add the recommended fix (option 1): insert a minimal stand‑in for torch.nn.Module near the top of docs/conf.py (before Sphinx imports / before autodoc runs). This ensures autodoc sees a real class with __module__ and __name__ so the "Bases" section renders as "torch.nn.Module".

Suggested snippet to add near the top of docs/conf.py (exactly as shown):

import sys
import types

# Minimal stand-in for torch.nn.Module so Sphinx autodoc prints bases correctly.
# Insert this before Sphinx imports and before autodoc runs (and before autodoc_mock_imports is used).
torch_mod = types.ModuleType("torch")
torch_nn = types.ModuleType("torch.nn")

class Module:
    """Minimal stand-in for torch.nn.Module used only during docs builds."""
    pass

# Ensure the class reports the expected module and name
Module.__module__ = "torch.nn"
Module.__name__ = "Module"

# Attach to the fake module objects
torch_nn.Module = Module
torch_mod.nn = torch_nn

# Register in sys.modules so "import torch.nn" and "from torch.nn import Module"
# resolve to these lightweight stand-ins during doc builds.
sys.modules.setdefault("torch", torch_mod)
sys.modules.setdefault("torch.nn", torch_nn)

Notes:
- Place this snippet before lines that set autodoc_mock_imports or before any Sphinx extension imports that may trigger autodoc.
- If you already mock "torch" / "torch.nn" via autodoc_mock_imports, you can keep that, but ensure this stand-in is inserted early so imports resolve to the real-looking Module class.
- This is the cleaner/robust approach; it produces the exact displayed base "torch.nn.Module" across Sphinx versions (including >=3.4.2).
- If you prefer the mock-based alternative (option 2) instead, I can produce that patch instead.

How to test:
1) Add the snippet to docs/conf.py near the top.
2) Rebuild docs (make html).
3) Inspect the target page (e.g., api/alibi_detect.utils.pytorch.kernels.html) — "Bases" should now show "torch.nn.Module".

If you'd like, I can prepare a minimal patch/PR to insert this into your repo's docs/conf.py automatically.

No changes detected to generate a patch.
Saved trajectory to 'results7/django__django-16662/django__django-16662.traj.json'
Completed instance django__django-16662, result: diff --git a/django/db/migrations/writer.py b/django/db/migrations/writer.py
index a59f0c8dcb..102e682b78 100644
--- a/django/db/migrations/writer.py
+++ b/django/db/migrations/writer.py
@@ -148,10 +148,16 @@ class MigrationWriter:
         for dependency in self.migration.dependencies:
             if dependency[0] == "__setting__":
                 dependencies.append(
-                    "        migrations.swappable_dependency(settings.%s),"
-                    % dependency[1]
-                )
-                imports.add("from django.conf import settings")
+# Sort imports by type (module imports before from-imports) and by the
+          # package/module name to be imported (the part after "from" in "from ..."
+          # or after "import" in "import ...").
+          def _import_sort_key(i):
+              parts = i.split()
+              # 'import path' -> parts[0] == 'import', parts[1] == path
+              # 'from path import ...' -> parts[0] == 'from', parts[1] == path
+              return (0 if parts[0] == "import" else 1, parts[1])
+          sorted_imports = sorted(imports, key=_import_sort_key)
+          items["imports"] = "\n".join(sorted_imports) + "\n" if imports else ""
             else:
                 dependencies.append("        %s," % self.serialize(dependency)[0])
         items["dependencies"] = "\n".join(dependencies) + "\n" if dependencies else ""
Saved trajectory to 'results7/psf__requests-2931/psf__requests-2931.traj.json'
Completed instance psf__requests-2931, result: diff --git a/requests/utils.py b/requests/utils.py
index 132cd2b..e7fd648 100644
--- a/requests/utils.py
+++ b/requests/utils.py
@@ -675,22 +675,36 @@ def get_auth_from_url(url):
     username,password."""
     parsed = urlparse(url)
 
-    try:
-        auth = (unquote(parsed.username), unquote(parsed.password))
-    except (AttributeError, TypeError):
-        auth = ('', '')
-
-    return auth
-
-
 def to_native_string(string, encoding='ascii'):
     """
     Given a string object, regardless of type, returns a representation of that
     string in the native string type, encoding and decoding where necessary.
-    This assumes ASCII unless told otherwise.
+    This assumes ASCII unless told otherwise. When given bytes on Python 3,
+    try decoding with the requested encoding and fall back to UTF-8.
     """
     out = None
 
+    if isinstance(string, builtin_str):
+        out = string
+    else:
+        if is_py2:
+            try:
+                out = string.encode(encoding)
+            except Exception:
+                out = string
+        else:
+            # Python 3: handle bytes/bytearray by decoding; fall back to UTF-8 if needed.
+            if isinstance(string, (bytes, bytearray)):
+                try:
+                    out = string.decode(encoding)
+                except UnicodeDecodeError:
+                    out = string.decode('utf-8')
+            else:
+                # Fallback for other types (e.g., numbers): coerce to str
+                out = str(string)
+
+    return out
+
     if isinstance(string, builtin_str):
         out = string
     else:
Saved trajectory to 'results7/django__django-11179/django__django-11179.traj.json'
Completed instance django__django-11179, result: diff --git a/django/db/models/deletion.py b/django/db/models/deletion.py
index 92fe4affb9..768c07dff3 100644
--- a/django/db/models/deletion.py
+++ b/django/db/models/deletion.py
@@ -267,13 +267,16 @@ class Collector:
         # if possible, bring the models in an order suitable for databases that
         # don't support transactions or cannot defer constraint checks until the
         # end of a transaction.
-        self.sort()
-        # number of objects deleted for each model label
-        deleted_counter = Counter()
-
-        # Optimize for the case with a single obj and no dependencies
-        if len(self.data) == 1 and len(instances) == 1:
-            instance = list(instances)[0]
+# Optimize for the case with a single obj and no dependencies
+          if len(self.data) == 1 and len(instances) == 1:
+              instance = list(instances)[0]
+              if self.can_fast_delete(instance):
+                  with transaction.mark_for_rollback_on_error():
+                      count = sql.DeleteQuery(model).delete_batch([instance.pk], self.using)
+                  # Make sure the in-memory instance reflects that it has been deleted.
+                  # Setting pk to None matches the behavior after a normal delete().
+                  instance.pk = None
+                  return count, {model._meta.label: count}
             if self.can_fast_delete(instance):
                 with transaction.mark_for_rollback_on_error():
                     count = sql.DeleteQuery(model).delete_batch([instance.pk], self.using)
Saved trajectory to 'results7/django__django-14053/django__django-14053.traj.json'
Completed instance django__django-14053, result: diff --git a/django/contrib/staticfiles/storage.py b/django/contrib/staticfiles/storage.py
index 494890cc23..a23ce9b928 100644
--- a/django/contrib/staticfiles/storage.py
+++ b/django/contrib/staticfiles/storage.py
@@ -172,35 +172,7 @@ class HashedFilesMixin:
                 return matched
 
             # Strip off the fragment so a path-like fragment won't interfere.
-            url_path, fragment = urldefrag(url)
-
-            if url_path.startswith('/'):
-                # Otherwise the condition above would have returned prematurely.
-                assert url_path.startswith(settings.STATIC_URL)
-                target_name = url_path[len(settings.STATIC_URL):]
-            else:
-                # We're using the posixpath module to mix paths and URLs conveniently.
-                source_name = name if os.sep == '/' else name.replace(os.sep, '/')
-                target_name = posixpath.join(posixpath.dirname(source_name), url_path)
-
-            # Determine the hashed name of the target file with the storage backend.
-            hashed_url = self._url(
-                self._stored_name, unquote(target_name),
-                force=True, hashed_files=hashed_files,
-            )
-
-            transformed_url = '/'.join(url_path.split('/')[:-1] + hashed_url.split('/')[-1:])
-
-            # Restore the fragment that was stripped off earlier.
-            if fragment:
-                transformed_url += ('?#' if '?#' in url else '#') + fragment
-
-            # Return the hashed version to the file
-            return template % unquote(transformed_url)
-
-        return converter
-
-    def post_process(self, paths, dry_run=False, **options):
+def post_process(self, paths, dry_run=False, **options):
         """
         Post process the given dictionary of files (called from collectstatic).
 
@@ -221,6 +193,60 @@ class HashedFilesMixin:
         # where to store the new paths
         hashed_files = {}
 
+        # keep a reference to the original paths order
+        all_paths = dict(paths)
+
+        # build a list of adjustable files
+        adjustable_paths = [
+            path for path in paths
+            if matches_patterns(path, self._patterns)
+        ]
+        # Collect results so we only yield each original name once. We update
+        # the entry on each pass so the final yielded value is the last one.
+        post_processed = {}
+
+        # Do a single pass first. Post-process all files once, then repeat for
+        # adjustable files.
+        for name, hashed_name, processed, _ in self._post_process(paths, adjustable_paths, hashed_files):
+            post_processed[name] = (hashed_name, processed)
+
+        paths = {path: paths[path] for path in adjustable_paths}
+
+        for i in range(self.max_post_process_passes):
+            substitutions = False
+            for name, hashed_name, processed, subst in self._post_process(paths, adjustable_paths, hashed_files):
+                post_processed[name] = (hashed_name, processed)
+                substitutions = substitutions or subst
+
+            if not substitutions:
+                break
+
+        if substitutions:
+            yield 'All', None, RuntimeError('Max post-process passes exceeded.')
+
+        # Store the processed paths
+        self.hashed_files.update(hashed_files)
+
+        # Yield each original filename exactly once, using the final processed
+        # values. We yield in sorted order by path level for deterministic
+        # behaviour matching _post_process's processing order.
+        def path_level(name):
+            return len(name.split(os.sep))
+
+        for name in sorted(post_processed, key=path_level, reverse=True):
+            hashed_name, processed = post_processed[name]
+            yield name, hashed_name, processed
+
+        If either of these are performed on a file, then that file is considered
+        post-processed.
+        """
+        # don't even dare to process the files if we're in dry run mode
+        if dry_run:
+            return
+
+        # where to store the new paths
+        hashed_files = {}
+
         # build a list of adjustable files
         adjustable_paths = [
             path for path in pathsTraceback (most recent call last):
  File "/data/lakshyaaagrawal/cs294-264-hw-FA25/envs.py", line 109, in replace_in_file
    self.env.execute(cmd)
    ~~~~~~~~~~~~~~~~^^^^^
  File "/data/lakshyaaagrawal/cs294-264-hw-FA25/.venv/lib/python3.13/site-packages/minisweagent/environments/docker.py", line 89, in execute
    result = subprocess.run(
        cmd,
    ...<5 lines>...
        stderr=subprocess.STDOUT,
    )
  File "/home/eecs/lakshyaaagrawal/.local/share/uv/python/cpython-3.13.5-linux-x86_64-gnu/lib/python3.13/subprocess.py", line 554, in run
    with Popen(*popenargs, **kwargs) as process:
         ~~~~~^^^^^^^^^^^^^^^^^^^^^^
  File "/home/eecs/lakshyaaagrawal/.local/share/uv/python/cpython-3.13.5-linux-x86_64-gnu/lib/python3.13/subprocess.py", line 1039, in __init__
    self._execute_child(args, executable, preexec_fn, close_fds,
    ~~~~~~~~~~~~~~~~~~~^^^^^^^^^^^^^^^^^^^^^^^^^^^^^^^^^^^^^^^^^
                        pass_fds, cwd, env,
                        ^^^^^^^^^^^^^^^^^^^
    ...<5 lines>...
                        gid, gids, uid, umask,
                        ^^^^^^^^^^^^^^^^^^^^^^
                        start_new_session, process_group)
                        ^^^^^^^^^^^^^^^^^^^^^^^^^^^^^^^^^
  File "/home/eecs/lakshyaaagrawal/.local/share/uv/python/cpython-3.13.5-linux-x86_64-gnu/lib/python3.13/subprocess.py", line 1972, in _execute_child
    raise child_exception_type(errno_num, err_msg, err_filename)
OSError: [Errno 7] Argument list too long: 'docker'
Traceback (most recent call last):
  File "/data/lakshyaaagrawal/cs294-264-hw-FA25/agent.py", line 978, in run
    parsed = self.parser.parse(response)
  File "/data/lakshyaaagrawal/cs294-264-hw-FA25/response_parser.py", line 44, in parse
    raise ValueError("No BEGIN_CALL marker found before END_CALL")
ValueError: No BEGIN_CALL marker found before END_CALL
Traceback (most recent call last):
  File "/data/lakshyaaagrawal/cs294-264-hw-FA25/agent.py", line 978, in run
    parsed = self.parser.parse(response)
  File "/data/lakshyaaagrawal/cs294-264-hw-FA25/response_parser.py", line 44, in parse
    raise ValueError("No BEGIN_CALL marker found before END_CALL")
ValueError: No BEGIN_CALL marker found before END_CALL

Saved trajectory to 'results7/django__django-7530/django__django-7530.traj.json'
Completed instance django__django-7530, result: diff --git a/django/core/management/commands/makemigrations.py b/django/core/management/commands/makemigrations.py
index 0b39536f5b..b72ade53ea 100644
--- a/django/core/management/commands/makemigrations.py
+++ b/django/core/management/commands/makemigrations.py
@@ -92,12 +92,12 @@ class Command(BaseCommand):
             sys.exit(2)
 
         # Load the current graph state. Pass in None for the connection so
-        # the loader doesn't try to resolve replaced migrations from DB.
-        loader = MigrationLoader(None, ignore_no_migrations=True)
-
-        # Raise an error if any migrations are applied before their dependencies.
-        consistency_check_labels = set(config.label for config in apps.get_app_configs())
-        # Non-default databases are only checked if database routers used.
+if (connection.settings_dict['ENGINE'] != 'django.db.backends.dummy' and any(
+                # At least one model must be migrated to the database.
+                router.allow_migrate(connection.alias, app_label, model_name=model._meta.object_name)
+                for app_label in consistency_check_labels
+                for model in apps.get_app_config(app_label).get_models()
+        )):
         aliases_to_check = connections if settings.DATABASE_ROUTERS else [DEFAULT_DB_ALIAS]
         for alias in sorted(aliases_to_check):
             connection = connections[alias]
Saved trajectory to 'results7/astropy__astropy-7166/astropy__astropy-7166.traj.json'
Completed instance astropy__astropy-7166, result: diff --git a/astropy/utils/misc.py b/astropy/utils/misc.py
index de3fb01d1..1d5ef6ef0 100644
--- a/astropy/utils/misc.py
+++ b/astropy/utils/misc.py
@@ -517,15 +517,36 @@ class InheritDocstrings(type):
         ...     def wiggle(self):
         ...         pass
         >>> B.wiggle.__doc__
-        u'Wiggle the thingamajig'
-    """
-
-    def __init__(cls, name, bases, dct):
-        def is_public_member(key):
-            return (
-                (key.startswith('__') and key.endswith('__')
-                 and len(key) > 4) or
-                not key.startswith('_'))
+for key, val in dct.items():
+              if ((inspect.isfunction(val) or isinstance(val, property)) and
+                      is_public_member(key)):
+                  # Inherit docstrings for functions
+                  if inspect.isfunction(val):
+                      if val.__doc__ is None:
+                          for base in cls.__mro__[1:]:
+                              super_method = getattr(base, key, None)
+                              if super_method is not None:
+                                  val.__doc__ = super_method.__doc__
+                                  break
+                  else:
+                      # Handle properties: inherit fget.__doc__ if missing
+                      fget = val.fget
+                      if fget is not None and fget.__doc__ is None:
+                          for base in cls.__mro__[1:]:
+                              super_method = getattr(base, key, None)
+                              if isinstance(super_method, property):
+                                  super_doc = None
+                                  if super_method.fget is not None:
+                                      super_doc = super_method.fget.__doc__
+                                  if super_doc is None:
+                                      super_doc = super_method.__doc__
+                                  if super_doc is not None:
+                                      fget.__doc__ = super_doc
+                                      try:
+                                          val.__doc__ = super_doc
+                                      except Exception:
+                                          pass
+                                      break
 
         for key, val in dct.items():
             if (inspect.isfunction(val) and
Saved trajectory to 'results7/django__django-14011/django__django-14011.traj.json'
Completed instance django__django-14011, result: # tests/test_live_server_closing.py
"""
Demonstration + fix for ThreadedWSGIServer not closing Django DB connections
after request threads finish (race during destroy_test_db).

Usage:
- Place this file in your Django project's tests/ directory (or any tests package).
- Run it with your normal test runner (e.g. ./manage.py test path.to.tests).
- The first test uses the default ThreadedWSGIServer (may reproduce the race).
- The second test uses ClosingThreadedWSGIServer which calls connections.close_all()
  in close_request(), preventing the "database ... being accessed by other users"
  error on test DB teardown.

Notes:
- This is intended as a reproducible example/snippet to add to an existing Django
  project; it requires Django's test infrastructure and a configured DB.
"""

from django.test import LiveServerTestCase
from django.test.testcases import LiveServerThread
from django.core.servers.basehttp import ThreadedWSGIServer, QuietWSGIRequestHandler
from django.db import connections
import urllib.request
import time


class ClosingThreadedWSGIServer(ThreadedWSGIServer):
    """
    Patch that ensures per-request threads don't leave open DB connections.
    This mirrors the upstream Django fix: call connections.close_all() when
    a request thread is finished handling a request.
    """

    def close_request(self, request):
        # Ensure any DB connections opened in the request thread are closed.
        connections.close_all()
        super().close_request(request)


class BadLiveServerThread(LiveServerThread):
    """
    LiveServerThread that creates the unpatched ThreadedWSGIServer.
    This may leave DB connections open in request threads.
    """

    def _create_server(self):
        # Return the unpatched, threaded server (may leak DB connections).
        return ThreadedWSGIServer((self.host, self.port), QuietWSGIRequestHandler, allow_reuse_address=False)


class GoodLiveServerThread(LiveServerThread):
    """
    LiveServerThread that creates the patched ClosingThreadedWSGIServer.
    """

    def _create_server(self):
        return ClosingThreadedWSGIServer((self.host, self.port), QuietWSGIRequestHandler, allow_reuse_address=False)


class ThreadedServerConnectionLeakRepro(LiveServerTestCase):
    """
    This test class uses the unpatched threaded server. On some environments,
    repeated requests in threads can cause connection cleanup to be missed and
    later cause destroy_test_db() to fail with:
        OperationalError: database "test_..." is being accessed by other users
    This test is intentionally simple: it issues multiple requests to exercise
    threaded request handling.
    """
    server_thread_class = BadLiveServerThread

    def test_many_requests(self):
        # Issue a number of requests sequentially (each handled in a thread).
        for _ in range(20):
            with urllib.request.urlopen(self.live_server_url) as r:
                r.read()
            # tiny sleep to increase likelihood of overlapping thread lifetimes
            time.sleep(0.01)


class ThreadedServerConnectionLeakFixed(LiveServerTestCase):
    """
    Same as above but using the patched server that closes DB connections
    when a request thread finishes. This should avoid the teardown race.
    """
    server_thread_class = GoodLiveServerThread

    def test_many_requests_fixed(self):
        for _ in range(20):
            with urllib.request.urlopen(self.live_server_url) as r:
                r.read()
            time.sleep(0.01)

No changes detected to generate a patch.
Saved trajectory to 'results7/django__django-10973/django__django-10973.traj.json'
Completed instance django__django-10973, result: diff --git a/django/db/backends/postgresql/client.py b/django/db/backends/postgresql/client.py
index 7fca6eff30..715842668e 100644
--- a/django/db/backends/postgresql/client.py
+++ b/django/db/backends/postgresql/client.py
@@ -34,36 +34,26 @@ class DatabaseClient(BaseDatabaseClient):
             args += ['-p', str(port)]
         args += [dbname]
 
-        temp_pgpass = None
-        sigint_handler = signal.getsignal(signal.SIGINT)
+sigint_handler = signal.getsignal(signal.SIGINT)
         try:
+            env = None
             if passwd:
-                # Create temporary .pgpass file.
-                temp_pgpass = NamedTemporaryFile(mode='w+')
                 try:
-                    print(
-                        _escape_pgpass(host) or '*',
-                        str(port) or '*',
-                        _escape_pgpass(dbname) or '*',
-                        _escape_pgpass(user) or '*',
-                        _escape_pgpass(passwd),
-                        file=temp_pgpass,
-                        sep=':',
-                        flush=True,
-                    )
-                    os.environ['PGPASSFILE'] = temp_pgpass.name
+                    env = os.environ.copy()
+                    env['PGPASSWORD'] = passwd
                 except UnicodeEncodeError:
                     # If the current locale can't encode the data, let the
                     # user input the password manually.
-                    pass
+                    env = None
             # Allow SIGINT to pass to psql to abort queries.
             signal.signal(signal.SIGINT, signal.SIG_IGN)
-            subprocess.check_call(args)
+            if env is not None:
+                subprocess.run(args, env=env, check=True)
+            else:
+                subprocess.run(args, check=True)
         finally:
             # Restore the original SIGINT handler.
             signal.signal(signal.SIGINT, sigint_handler)
-            if temp_pgpass:
-                temp_pgpass.close()
                 if 'PGPASSFILE' in os.environ:  # unit tests need cleanup
                     del os.environ['PGPASSFILE']Traceback (most recent call last):
  File "/data/lakshyaaagrawal/cs294-264-hw-FA25/agent.py", line 978, in run
    parsed = self.parser.parse(response)
  File "/data/lakshyaaagrawal/cs294-264-hw-FA25/response_parser.py", line 44, in parse
    raise ValueError("No BEGIN_CALL marker found before END_CALL")
ValueError: No BEGIN_CALL marker found before END_CALL
Traceback (most recent call last):
  File "/data/lakshyaaagrawal/cs294-264-hw-FA25/agent.py", line 978, in run
    parsed = self.parser.parse(response)
  File "/data/lakshyaaagrawal/cs294-264-hw-FA25/response_parser.py", line 44, in parse
    raise ValueError("No BEGIN_CALL marker found before END_CALL")
ValueError: No BEGIN_CALL marker found before END_CALL
Traceback (most recent call last):
  File "/data/lakshyaaagrawal/cs294-264-hw-FA25/agent.py", line 978, in run
    parsed = self.parser.parse(response)
  File "/data/lakshyaaagrawal/cs294-264-hw-FA25/response_parser.py", line 44, in parse
    raise ValueError("No BEGIN_CALL marker found before END_CALL")
ValueError: No BEGIN_CALL marker found before END_CALL

Saved trajectory to 'results7/scikit-learn__scikit-learn-26323/scikit-learn__scikit-learn-26323.traj.json'
Completed instance scikit-learn__scikit-learn-26323, result: diff --git a/sklearn/compose/_column_transformer.py b/sklearn/compose/_column_transformer.py
index 4eddd12b1..73c42c6e1 100644
--- a/sklearn/compose/_column_transformer.py
+++ b/sklearn/compose/_column_transformer.py
@@ -234,33 +234,47 @@ class ColumnTransformer(TransformerMixin, _BaseComposition):
         self,
         transformers,
         *,
-        remainder="drop",
-        sparse_threshold=0.3,
-        n_jobs=None,
-        transformer_weights=None,
-        verbose=False,
-        verbose_feature_names_out=True,
-    ):
-        self.transformers = transformers
-        self.remainder = remainder
-        self.sparse_threshold = sparse_threshold
-        self.n_jobs = n_jobs
-        self.transformer_weights = transformer_weights
-        self.verbose = verbose
-        self.verbose_feature_names_out = verbose_feature_names_out
+def set_output(self, *, transform=None):
+        """Set the output container when `"transform"` and `"fit_transform"` are called.
 
-    @property
-    def _transformers(self):
-        """
-        Internal list of transformer only containing the name and
-        transformers, dropping the columns. This is for the implementation
-        of get_params via BaseComposition._get_params which expects lists
-        of tuples of len 2.
+        Calling `set_output` will set the output of all estimators in `transformers`
+        and `transformers_`.
+
+        Parameters
+        ----------
+        transform : {"default", "pandas"}, default=None
+            Configure output of `transform` and `fit_transform`.
+
+            - `"default"`: Default output format of a transformer
+            - `"pandas"`: DataFrame output
+            - `None`: Transform configuration is unchanged
+
+        Returns
+        -------
+        self : estimator instance
+            Estimator instance.
         """
-        try:
-            return [(name, trans) for name, trans, _ in self.transformers]
-        except (TypeError, ValueError):
-            return self.transformers
+        super().set_output(transform=transform)
+        transformers = (
+            trans
+            for _, trans, _ in chain(
+                self.transformers, getattr(self, "transformers_", [])
+            )
+            if trans not in {"passthrough", "drop"}
+        )
+        for trans in transformers:
+            _safe_set_output(trans, transform=transform)
+
+        # If a remainder estimator was provided at construction and the
+        # ColumnTransformer has not been fitted yet, ensure we also set its
+        # output configuration. When fitted, the fitted remainder (if any) will
+        # be present in self.transformers_ and has already been handled above.
+        if not hasattr(self, "transformers_"):
+            remainder = self.remainder
+            if remainder not in {"passthrough", "drop"}:
+                _safe_set_output(remainder, transform=transform)
+
+        return self
 
     @_transformers.setter
     def _transformers(self, value):
Saved trajectory to 'results7/django__django-12406/django__django-12406.traj.json'
Completed instance django__django-12406, result: diff --git a/django/forms/models.py b/django/forms/models.py
index dafc11f995..0c0f513985 100644
--- a/django/forms/models.py
+++ b/django/forms/models.py
@@ -1176,15 +1176,31 @@ class ModelChoiceField(ChoiceField):
     # This class is a subclass of ChoiceField for purity, but it doesn't
     # actually use any of ChoiceField's implementation.
     default_error_messages = {
-        'invalid_choice': _('Select a valid choice. That choice is not one of'
-                            ' the available choices.'),
-    }
-    iterator = ModelChoiceIterator
-
-    def __init__(self, queryset, *, empty_label="---------",
+def __init__(self, queryset, *, empty_label="---------",
                  required=True, widget=None, label=None, initial=None,
                  help_text='', to_field_name=None, limit_choices_to=None,
                  **kwargs):
+        # If a RadioSelect-like widget is used, don't include an empty choice
+        # for required ModelChoiceFields (radio has an inherent unselected state).
+        is_radio = False
+        if widget is not None:
+            try:
+                # widget may be a class or an instance; handle both.
+                from django.forms.widgets import RadioSelect
+                if isinstance(widget, type):
+                    is_radio = issubclass(widget, RadioSelect)
+                else:
+                    is_radio = isinstance(widget, RadioSelect)
+            except Exception:
+                is_radio = False
+        if required and (initial is not None):
+            self.empty_label = None
+        elif required and is_radio and empty_label is not None:
+            # For required radio widgets, don't provide an empty choice.
+            self.empty_label = None
+        else:
+            self.empty_label = empty_label
+                 **kwargs):
         if required and (initial is not None):
             self.empty_label = None
         else:
Saved trajectory to 'results7/sympy__sympy-17655/sympy__sympy-17655.traj.json'
Completed instance sympy__sympy-17655, result: diff --git a/sympy/geometry/point.py b/sympy/geometry/point.py
index 7c978c47be..1a4affcc4d 100644
--- a/sympy/geometry/point.py
+++ b/sympy/geometry/point.py
@@ -145,44 +145,7 @@ def __new__(cls, *args, **kwargs):
                 raise ValueError(message)
             elif on_morph == 'warn':
                 warnings.warn(message)
-            else:
-                raise ValueError(filldedent('''
-                        on_morph value should be 'error',
-                        'warn' or 'ignore'.'''))
-        if any(coords[dim:]):
-            raise ValueError('Nonzero coordinates cannot be removed.')
-        if any(a.is_number and im(a) for a in coords):
-            raise ValueError('Imaginary coordinates are not permitted.')
-        if not all(isinstance(a, Expr) for a in coords):
-            raise TypeError('Coordinates must be valid SymPy expressions.')
-
-        # pad with zeros appropriately
-        coords = coords[:dim] + (S.Zero,)*(dim - len(coords))
-
-        # Turn any Floats into rationals and simplify
-        # any expressions before we instantiate
-        if evaluate:
-            coords = coords.xreplace(dict(
-                [(f, simplify(nsimplify(f, rational=True)))
-                 for f in coords.atoms(Float)]))
-
-        # return 2D or 3D instances
-        if len(coords) == 2:
-            kwargs['_nocheck'] = True
-            return Point2D(*coords, **kwargs)
-        elif len(coords) == 3:
-            kwargs['_nocheck'] = True
-            return Point3D(*coords, **kwargs)
-
-        # the general Point
-        return GeometryEntity.__new__(cls, *coords)
-
-    def __abs__(self):
-        """Returns the distance between this point and the origin."""
-        origin = Point([0]*len(self))
-        return Point.distance(origin, self)
-
-    def __add__(self, other):
+def __add__(self, other):
         """Add other to self by incrementing self's coordinates by
         those of other.
 
@@ -216,10 +179,30 @@ def __add__(self, other):
         try:
             s, o = Point._normalize_dimension(self, Point(other, evaluate=False))
         except TypeError:
-            raise GeometryError("Don't know how to add {} and a Point object".format(other))
+            # Handle expressions like scalar * Point (e.g., 2*Point(1, 1))
+            # In such cases `other` may be a Mul containing a Point factor.
+            # Reorder to Point * scalar so that Point.__mul__ is used.
+            if getattr(other, 'is_Mul', False):
+                point_factor = None
+                for a in other.args:
+                    if getattr(a, 'is_Point', False):
+                        point_factor = a
+                        break
+                if point_factor is not None:
+                    scalar = other / point_factor
+                    try:
+                        p = point_factor * scalar
+                        s, o = Point._normalize_dimension(self, Point(p, evaluate=False))
+                    except TypeError:
+                        raise GeometryError("Don't know how to add {} and a Point object".format(other))
+                else:
+                    raise GeometryError("Don't know how to add {} and a Point object".format(other))
+            else:
+                raise GeometryError("Don't know how to add {} and a Point object".format(other))
 
         coords = [simplify(a + b) for a, b in zip(s, o)]
         return Point(coords, evaluate=False)
+        return Point(coords, evaluate=False)
 
     def __contains__(self, item):
         return item in self.argsTraceback (most recent call last):
  File "/data/lakshyaaagrawal/cs294-264-hw-FA25/agent.py", line 978, in run
    parsed = self.parser.parse(response)
  File "/data/lakshyaaagrawal/cs294-264-hw-FA25/response_parser.py", line 44, in parse
    raise ValueError("No BEGIN_CALL marker found before END_CALL")
ValueError: No BEGIN_CALL marker found before END_CALL
Traceback (most recent call last):
  File "/data/lakshyaaagrawal/cs294-264-hw-FA25/agent.py", line 978, in run
    parsed = self.parser.parse(response)
  File "/data/lakshyaaagrawal/cs294-264-hw-FA25/response_parser.py", line 44, in parse
    raise ValueError("No BEGIN_CALL marker found before END_CALL")
ValueError: No BEGIN_CALL marker found before END_CALL
Traceback (most recent call last):
  File "/data/lakshyaaagrawal/cs294-264-hw-FA25/agent.py", line 978, in run
    parsed = self.parser.parse(response)
  File "/data/lakshyaaagrawal/cs294-264-hw-FA25/response_parser.py", line 44, in parse
    raise ValueError("No BEGIN_CALL marker found before END_CALL")
ValueError: No BEGIN_CALL marker found before END_CALL
Traceback (most recent call last):
  File "/data/lakshyaaagrawal/cs294-264-hw-FA25/envs.py", line 109, in replace_in_file
    self.env.execute(cmd)
    ~~~~~~~~~~~~~~~~^^^^^
  File "/data/lakshyaaagrawal/cs294-264-hw-FA25/.venv/lib/python3.13/site-packages/minisweagent/environments/docker.py", line 89, in execute
    result = subprocess.run(
        cmd,
    ...<5 lines>...
        stderr=subprocess.STDOUT,
    )
  File "/home/eecs/lakshyaaagrawal/.local/share/uv/python/cpython-3.13.5-linux-x86_64-gnu/lib/python3.13/subprocess.py", line 554, in run
    with Popen(*popenargs, **kwargs) as process:
         ~~~~~^^^^^^^^^^^^^^^^^^^^^^
  File "/home/eecs/lakshyaaagrawal/.local/share/uv/python/cpython-3.13.5-linux-x86_64-gnu/lib/python3.13/subprocess.py", line 1039, in __init__
    self._execute_child(args, executable, preexec_fn, close_fds,
    ~~~~~~~~~~~~~~~~~~~^^^^^^^^^^^^^^^^^^^^^^^^^^^^^^^^^^^^^^^^^
                        pass_fds, cwd, env,
                        ^^^^^^^^^^^^^^^^^^^
    ...<5 lines>...
                        gid, gids, uid, umask,
                        ^^^^^^^^^^^^^^^^^^^^^^
                        start_new_session, process_group)
                        ^^^^^^^^^^^^^^^^^^^^^^^^^^^^^^^^^
  File "/home/eecs/lakshyaaagrawal/.local/share/uv/python/cpython-3.13.5-linux-x86_64-gnu/lib/python3.13/subprocess.py", line 1972, in _execute_child
    raise child_exception_type(errno_num, err_msg, err_filename)
OSError: [Errno 7] Argument list too long: 'docker'
Traceback (most recent call last):
  File "/data/lakshyaaagrawal/cs294-264-hw-FA25/agent.py", line 978, in run
    parsed = self.parser.parse(response)
  File "/data/lakshyaaagrawal/cs294-264-hw-FA25/response_parser.py", line 44, in parse
    raise ValueError("No BEGIN_CALL marker found before END_CALL")
ValueError: No BEGIN_CALL marker found before END_CALL
Traceback (most recent call last):
  File "/data/lakshyaaagrawal/cs294-264-hw-FA25/agent.py", line 978, in run
    parsed = self.parser.parse(response)
  File "/data/lakshyaaagrawal/cs294-264-hw-FA25/response_parser.py", line 44, in parse
    raise ValueError("No BEGIN_CALL marker found before END_CALL")
ValueError: No BEGIN_CALL marker found before END_CALL
Traceback (most recent call last):
  File "/data/lakshyaaagrawal/cs294-264-hw-FA25/agent.py", line 978, in run
    parsed = self.parser.parse(response)
  File "/data/lakshyaaagrawal/cs294-264-hw-FA25/response_parser.py", line 44, in parse
    raise ValueError("No BEGIN_CALL marker found before END_CALL")
ValueError: No BEGIN_CALL marker found before END_CALL
Traceback (most recent call last):
  File "/data/lakshyaaagrawal/cs294-264-hw-FA25/agent.py", line 978, in run
    parsed = self.parser.parse(response)
  File "/data/lakshyaaagrawal/cs294-264-hw-FA25/response_parser.py", line 44, in parse
    raise ValueError("No BEGIN_CALL marker found before END_CALL")
ValueError: No BEGIN_CALL marker found before END_CALL

Saved trajectory to 'results7/django__django-13297/django__django-13297.traj.json'
Completed instance django__django-13297, result: diff --git a/django/views/generic/base.py b/django/views/generic/base.py
index ea5baca08d..78d660493f 100644
--- a/django/views/generic/base.py
+++ b/django/views/generic/base.py
@@ -151,14 +151,16 @@ class TemplateResponseMixin:
                 "TemplateResponseMixin requires either a definition of "
                 "'template_name' or an implementation of 'get_template_names()'")
         else:
-            return [self.template_name]
-
-
 class TemplateView(TemplateResponseMixin, ContextMixin, View):
     """Render a template."""
     def get(self, request, *args, **kwargs):
+        # For compatibility with previous behavior, pass URL kwargs straight to
+        # get_context_data(). The previous wrapping in SimpleLazyObject caused
+        # issues when those lazy objects were used in DB queries.
         # RemovedInDjango40Warning: when the deprecation ends, replace with:
         #   context = self.get_context_data()
+        context = self.get_context_data(**kwargs)
+        return self.render_to_response(context)
         context_kwargs = _wrap_url_kwargs_with_deprecation_warning(kwargs)
         context = self.get_context_data(**context_kwargs)
         return self.render_to_response(context)
Saved trajectory to 'results7/sympy__sympy-24213/sympy__sympy-24213.traj.json'
Completed instance sympy__sympy-24213, result: diff --git a/sympy/physics/units/unitsystem.py b/sympy/physics/units/unitsystem.py
index a436880c4b..f466821973 100644
--- a/sympy/physics/units/unitsystem.py
+++ b/sympy/physics/units/unitsystem.py
@@ -94,40 +94,7 @@ def get_unit_system(unit_system):
 
         if unit_system not in UnitSystem._unit_systems:
             raise ValueError(
-                "Unit system is not supported. Currently"
-                "supported unit systems are {}".format(
-                    ", ".join(sorted(UnitSystem._unit_systems))
-                )
-            )
-
-        return UnitSystem._unit_systems[unit_system]
-
-    @staticmethod
-    def get_default_unit_system():
-        return UnitSystem._unit_systems["SI"]
-
-    @property
-    def dim(self):
-        """
-        Give the dimension of the system.
-
-        That is return the number of units forming the basis.
-        """
-        return len(self._base_units)
-
-    @property
-    def is_consistent(self):
-        """
-        Check if the underlying dimension system is consistent.
-        """
-        # test is performed in DimensionSystem
-        return self.get_dimension_system().is_consistent
-
-    @property
-    def derived_units(self) -> tDict[Dimension, Quantity]:
-        return self._derived_units
-
-    def get_dimensional_expr(self, expr):
+def get_dimensional_expr(self, expr):
         from sympy.physics.units import Quantity
         if isinstance(expr, Mul):
             return Mul(*[self.get_dimensional_expr(i) for i in expr.args])
@@ -149,6 +116,68 @@ def get_dimensional_expr(self, expr):
             return self.get_quantity_dimension(expr).name
         return S.One
 
+    def _dimensions_equivalent(self, d1, d2):
+        """
+        Return True when two Dimension-like objects represent the same dimension,
+        e.g. acceleration*time == velocity. Uses get_dimensional_dependencies()
+        when available to compare canonical base-dimension exponents.
+        """
+        get_deps1 = getattr(d1, "get_dimensional_dependencies", None)
+        get_deps2 = getattr(d2, "get_dimensional_dependencies", None)
+        if callable(get_deps1) and callable(get_deps2):
+            deps1 = {k: v for k, v in d1.get_dimensional_dependencies().items() if v}
+            deps2 = {k: v for k, v in d2.get_dimensional_dependencies().items() if v}
+            return deps1 == deps2
+        return d1 == d2
+
+    def _collect_factor_and_dimension(self, expr):
+        """
+        Return tuple with scale factor expression and dimension expression.
+        """
+        from sympy.physics.units import Quantity
+        if isinstance(expr, Quantity):
+            return expr.scale_factor, expr.dimension
+        elif isinstance(expr, Mul):
+            factor = 1
+            dimension = Dimension(1)
+            for arg in expr.args:
+                arg_factor, arg_dim = self._collect_factor_and_dimension(arg)
+                factor *= arg_factor
+                dimension *= arg_dim
+            return factor, dimension
+        elif isinstance(expr, Pow):
+            factor, dim = self._collect_factor_and_dimension(expr.base)
+            exp_factor, exp_dim = self._collect_factor_and_dimension(expr.exp)
+            if self.get_dimension_system().is_dimensionless(exp_dim):
+                exp_dim = 1
+            return factor ** exp_factor, dim ** (exp_factor * exp_dim)
+        elif isinstance(expr, Add):
+            factor, dim = self._collect_factor_and_dimension(expr.args[0])
+            for addend in expr.args[1:]:
+                addend_factor, addend_dim = \
+                    self._collect_factor_and_dimension(addend)
+                if not self._dimensions_equivalent(dim, addend_dim):
+                    raise ValueError(
+                        'Dimension of "{}" is {}, '
+                        'but it should be {}'.format(
+                            addend, addend_dim, dim))
+                factor += addend_factor
+            return factor, dim
+        elif isinstance(expr, Derivative):
+            factor, dim = self._collect_factor_and_dimension(expr.args[0])
+            for independent, count in expr.variable_count:
+                ifactor, idim = self._collect_factor_and_dimension(independent)
+                factor /= ifactor**count
+                dim /= idim**count
+            return factor, dim
+        elif isinstance(expr, Function):
+            fds = [self._collect_factor_and_dimension(arg) for arg in expr.args]
+            dims = [Dimension(1) if self.get_dimension_system().is_dimensionless(d[1]) else d[1] for d in fds]
+            return (expr.func(*(f[0] for f in fds)), *dims)
+        elif isinstance(expr, Dimension):
+            return S.One, expr
+        else:
+            return expr, Dimension(1)
     def _collect_factor_and_dimension(self, expr):
         """
         Return tuple with scale factor expression and dimension expression.
Saved trajectory to 'results7/pytest-dev__pytest-7490/pytest-dev__pytest-7490.traj.json'
Completed instance pytest-dev__pytest-7490, result: diff --git a/src/_pytest/skipping.py b/src/_pytest/skipping.py
index 335e10996..221d14b96 100644
--- a/src/_pytest/skipping.py
+++ b/src/_pytest/skipping.py
@@ -209,40 +209,46 @@ def evaluate_xfail_marks(item: Item) -> Optional[Xfail]:
             conditions = (mark.kwargs["condition"],)
 
         # Unconditional.
-        if not conditions:
-            reason = mark.kwargs.get("reason", "")
-            return Xfail(reason, run, strict, raises)
-
-        # If any of the conditions are true.
-        for condition in conditions:
-            result, reason = evaluate_condition(item, mark, condition)
-            if result:
-                return Xfail(reason, run, strict, raises)
-
-    return None
-
-
-# Whether skipped due to skip or skipif marks.
-skipped_by_mark_key = StoreKey[bool]()
-# Saves the xfail mark evaluation. Can be refreshed during call if None.
-xfailed_key = StoreKey[Optional[Xfail]]()
-unexpectedsuccess_key = StoreKey[str]()
-
-
-@hookimpl(tryfirst=True)
-def pytest_runtest_setup(item: Item) -> None:
-    item._store[skipped_by_mark_key] = False
-
-    skipped = evaluate_skip_marks(item)
-    if skipped:
-        item._store[skipped_by_mark_key] = True
-        skip(skipped.reason)
+@hookimpl(hookwrapper=True)
+def pytest_runtest_makereport(item: Item, call: CallInfo[None]):
+    outcome = yield
+    rep = outcome.get_result()
+    xfailed = item._store.get(xfailed_key, None)
 
-    if not item.config.option.runxfail:
+    # If xfailed is not cached (None), re-evaluate here to pick up markers
+    # that may have been added dynamically during the test call itself.
+    if xfailed is None:
         item._store[xfailed_key] = xfailed = evaluate_xfail_marks(item)
-        if xfailed and not xfailed.run:
-            xfail("[NOTRUN] " + xfailed.reason)
 
+    # unittest special case, see setting of unexpectedsuccess_key
+    if unexpectedsuccess_key in item._store and rep.when == "call":
+        reason = item._store[unexpectedsuccess_key]
+        if reason:
+            rep.longrepr = "Unexpected success: {}".format(reason)
+        else:
+            rep.longrepr = "Unexpected success"
+        rep.outcome = "failed"
+    elif item.config.option.runxfail:
+        pass  # don't interfere
+    elif call.excinfo and isinstance(call.excinfo.value, xfail.Exception):
+        assert call.excinfo.value.msg is not None
+        rep.wasxfail = "reason: " + call.excinfo.value.msg
+        rep.outcome = "skipped"
+    elif not rep.skipped and xfailed:
+        if call.excinfo:
+            raises = xfailed.raises
+            if raises is not None and not isinstance(call.excinfo.value, raises):
+                rep.outcome = "failed"
+            else:
+                rep.outcome = "skipped"
+                rep.wasxfail = xfailed.reason
+        elif call.when == "call":
+            if xfailed.strict:
+                rep.outcome = "failed"
+                rep.longrepr = "[XPASS(strict)] " + xfailed.reason
+            else:
+                rep.outcome = "passed"
+                rep.wasxfail = xfailed.reason
 
 @hookimpl(hookwrapper=True)
 def pytest_runtest_call(item: Item) -> Generator[None, None, None]:Traceback (most recent call last):
  File "/data/lakshyaaagrawal/cs294-264-hw-FA25/agent.py", line 978, in run
    parsed = self.parser.parse(response)
  File "/data/lakshyaaagrawal/cs294-264-hw-FA25/response_parser.py", line 44, in parse
    raise ValueError("No BEGIN_CALL marker found before END_CALL")
ValueError: No BEGIN_CALL marker found before END_CALL
Traceback (most recent call last):
  File "/data/lakshyaaagrawal/cs294-264-hw-FA25/agent.py", line 978, in run
    parsed = self.parser.parse(response)
  File "/data/lakshyaaagrawal/cs294-264-hw-FA25/response_parser.py", line 44, in parse
    raise ValueError("No BEGIN_CALL marker found before END_CALL")
ValueError: No BEGIN_CALL marker found before END_CALL
Traceback (most recent call last):
  File "/data/lakshyaaagrawal/cs294-264-hw-FA25/agent.py", line 978, in run
    parsed = self.parser.parse(response)
  File "/data/lakshyaaagrawal/cs294-264-hw-FA25/response_parser.py", line 44, in parse
    raise ValueError("No BEGIN_CALL marker found before END_CALL")
ValueError: No BEGIN_CALL marker found before END_CALL
Traceback (most recent call last):
  File "/data/lakshyaaagrawal/cs294-264-hw-FA25/agent.py", line 978, in run
    parsed = self.parser.parse(response)
  File "/data/lakshyaaagrawal/cs294-264-hw-FA25/response_parser.py", line 44, in parse
    raise ValueError("No BEGIN_CALL marker found before END_CALL")
ValueError: No BEGIN_CALL marker found before END_CALL
Traceback (most recent call last):
  File "/data/lakshyaaagrawal/cs294-264-hw-FA25/agent.py", line 978, in run
    parsed = self.parser.parse(response)
  File "/data/lakshyaaagrawal/cs294-264-hw-FA25/response_parser.py", line 44, in parse
    raise ValueError("No BEGIN_CALL marker found before END_CALL")
ValueError: No BEGIN_CALL marker found before END_CALL
Traceback (most recent call last):
  File "/data/lakshyaaagrawal/cs294-264-hw-FA25/agent.py", line 978, in run
    parsed = self.parser.parse(response)
  File "/data/lakshyaaagrawal/cs294-264-hw-FA25/response_parser.py", line 44, in parse
    raise ValueError("No BEGIN_CALL marker found before END_CALL")
ValueError: No BEGIN_CALL marker found before END_CALL
Traceback (most recent call last):
  File "/data/lakshyaaagrawal/cs294-264-hw-FA25/agent.py", line 978, in run
    parsed = self.parser.parse(response)
  File "/data/lakshyaaagrawal/cs294-264-hw-FA25/response_parser.py", line 44, in parse
    raise ValueError("No BEGIN_CALL marker found before END_CALL")
ValueError: No BEGIN_CALL marker found before END_CALL
Traceback (most recent call last):
  File "/data/lakshyaaagrawal/cs294-264-hw-FA25/agent.py", line 978, in run
    parsed = self.parser.parse(response)
  File "/data/lakshyaaagrawal/cs294-264-hw-FA25/response_parser.py", line 44, in parse
    raise ValueError("No BEGIN_CALL marker found before END_CALL")
ValueError: No BEGIN_CALL marker found before END_CALL
Traceback (most recent call last):
  File "/data/lakshyaaagrawal/cs294-264-hw-FA25/envs.py", line 109, in replace_in_file
    self.env.execute(cmd)
    ~~~~~~~~~~~~~~~~^^^^^
  File "/data/lakshyaaagrawal/cs294-264-hw-FA25/.venv/lib/python3.13/site-packages/minisweagent/environments/docker.py", line 89, in execute
    result = subprocess.run(
        cmd,
    ...<5 lines>...
        stderr=subprocess.STDOUT,
    )
  File "/home/eecs/lakshyaaagrawal/.local/share/uv/python/cpython-3.13.5-linux-x86_64-gnu/lib/python3.13/subprocess.py", line 554, in run
    with Popen(*popenargs, **kwargs) as process:
         ~~~~~^^^^^^^^^^^^^^^^^^^^^^
  File "/home/eecs/lakshyaaagrawal/.local/share/uv/python/cpython-3.13.5-linux-x86_64-gnu/lib/python3.13/subprocess.py", line 1039, in __init__
    self._execute_child(args, executable, preexec_fn, close_fds,
    ~~~~~~~~~~~~~~~~~~~^^^^^^^^^^^^^^^^^^^^^^^^^^^^^^^^^^^^^^^^^
                        pass_fds, cwd, env,
                        ^^^^^^^^^^^^^^^^^^^
    ...<5 lines>...
                        gid, gids, uid, umask,
                        ^^^^^^^^^^^^^^^^^^^^^^
                        start_new_session, process_group)
                        ^^^^^^^^^^^^^^^^^^^^^^^^^^^^^^^^^
  File "/home/eecs/lakshyaaagrawal/.local/share/uv/python/cpython-3.13.5-linux-x86_64-gnu/lib/python3.13/subprocess.py", line 1972, in _execute_child
    raise child_exception_type(errno_num, err_msg, err_filename)
OSError: [Errno 7] Argument list too long: 'docker'
Traceback (most recent call last):
  File "/data/lakshyaaagrawal/cs294-264-hw-FA25/agent.py", line 978, in run
    parsed = self.parser.parse(response)
  File "/data/lakshyaaagrawal/cs294-264-hw-FA25/response_parser.py", line 44, in parse
    raise ValueError("No BEGIN_CALL marker found before END_CALL")
ValueError: No BEGIN_CALL marker found before END_CALL
Traceback (most recent call last):
  File "/data/lakshyaaagrawal/cs294-264-hw-FA25/envs.py", line 109, in replace_in_file
    self.env.execute(cmd)
    ~~~~~~~~~~~~~~~~^^^^^
  File "/data/lakshyaaagrawal/cs294-264-hw-FA25/.venv/lib/python3.13/site-packages/minisweagent/environments/docker.py", line 89, in execute
    result = subprocess.run(
        cmd,
    ...<5 lines>...
        stderr=subprocess.STDOUT,
    )
  File "/home/eecs/lakshyaaagrawal/.local/share/uv/python/cpython-3.13.5-linux-x86_64-gnu/lib/python3.13/subprocess.py", line 554, in run
    with Popen(*popenargs, **kwargs) as process:
         ~~~~~^^^^^^^^^^^^^^^^^^^^^^
  File "/home/eecs/lakshyaaagrawal/.local/share/uv/python/cpython-3.13.5-linux-x86_64-gnu/lib/python3.13/subprocess.py", line 1039, in __init__
    self._execute_child(args, executable, preexec_fn, close_fds,
    ~~~~~~~~~~~~~~~~~~~^^^^^^^^^^^^^^^^^^^^^^^^^^^^^^^^^^^^^^^^^
                        pass_fds, cwd, env,
                        ^^^^^^^^^^^^^^^^^^^
    ...<5 lines>...
                        gid, gids, uid, umask,
                        ^^^^^^^^^^^^^^^^^^^^^^
                        start_new_session, process_group)
                        ^^^^^^^^^^^^^^^^^^^^^^^^^^^^^^^^^
  File "/home/eecs/lakshyaaagrawal/.local/share/uv/python/cpython-3.13.5-linux-x86_64-gnu/lib/python3.13/subprocess.py", line 1972, in _execute_child
    raise child_exception_type(errno_num, err_msg, err_filename)
OSError: [Errno 7] Argument list too long: 'docker'
Traceback (most recent call last):
  File "/data/lakshyaaagrawal/cs294-264-hw-FA25/agent.py", line 978, in run
    parsed = self.parser.parse(response)
  File "/data/lakshyaaagrawal/cs294-264-hw-FA25/response_parser.py", line 44, in parse
    raise ValueError("No BEGIN_CALL marker found before END_CALL")
ValueError: No BEGIN_CALL marker found before END_CALL
Traceback (most recent call last):
  File "/data/lakshyaaagrawal/cs294-264-hw-FA25/agent.py", line 978, in run
    parsed = self.parser.parse(response)
  File "/data/lakshyaaagrawal/cs294-264-hw-FA25/response_parser.py", line 44, in parse
    raise ValueError("No BEGIN_CALL marker found before END_CALL")
ValueError: No BEGIN_CALL marker found before END_CALL
Traceback (most recent call last):
  File "/data/lakshyaaagrawal/cs294-264-hw-FA25/agent.py", line 978, in run
    parsed = self.parser.parse(response)
  File "/data/lakshyaaagrawal/cs294-264-hw-FA25/response_parser.py", line 44, in parse
    raise ValueError(f"No `{self.BEGIN_CALL}` marker found before `{self.END_CALL}`")
    ^^^^^^^^^^^^^^^^^^^^^^^^^^^^^^^^^^^^^^^^^^^^^^^^^^^^^^^^^^^^^^
ValueError: No BEGIN_CALL marker found before END_CALL
Traceback (most recent call last):
  File "/data/lakshyaaagrawal/cs294-264-hw-FA25/envs.py", line 109, in replace_in_file
    self.env.execute(cmd)
    ~~~~~~~~~~~~~~~~^^^^^
  File "/data/lakshyaaagrawal/cs294-264-hw-FA25/.venv/lib/python3.13/site-packages/minisweagent/environments/docker.py", line 89, in execute
    result = subprocess.run(
        cmd,
    ...<5 lines>...
        stderr=subprocess.STDOUT,
    )
  File "/home/eecs/lakshyaaagrawal/.local/share/uv/python/cpython-3.13.5-linux-x86_64-gnu/lib/python3.13/subprocess.py", line 554, in run
    with Popen(*popenargs, **kwargs) as process:
         ~~~~~^^^^^^^^^^^^^^^^^^^^^^
  File "/home/eecs/lakshyaaagrawal/.local/share/uv/python/cpython-3.13.5-linux-x86_64-gnu/lib/python3.13/subprocess.py", line 1039, in __init__
    self._execute_child(args, executable, preexec_fn, close_fds,
    ~~~~~~~~~~~~~~~~~~~^^^^^^^^^^^^^^^^^^^^^^^^^^^^^^^^^^^^^^^^^
                        pass_fds, cwd, env,
                        ^^^^^^^^^^^^^^^^^^^
    ...<5 lines>...
                        gid, gids, uid, umask,
                        ^^^^^^^^^^^^^^^^^^^^^^
                        start_new_session, process_group)
                        ^^^^^^^^^^^^^^^^^^^^^^^^^^^^^^^^^
  File "/home/eecs/lakshyaaagrawal/.local/share/uv/python/cpython-3.13.5-linux-x86_64-gnu/lib/python3.13/subprocess.py", line 1972, in _execute_child
    raise child_exception_type(errno_num, err_msg, err_filename)
OSError: [Errno 7] Argument list too long: 'docker'
Traceback (most recent call last):
  File "/data/lakshyaaagrawal/cs294-264-hw-FA25/agent.py", line 978, in run
    parsed = self.parser.parse(response)
  File "/data/lakshyaaagrawal/cs294-264-hw-FA25/response_parser.py", line 44, in parse
    raise ValueError(f"No `{self.BEGIN_CALL}` marker found before `{self.END_CALL}`")
    ^^^^^^^^^^^^^^^^^^^^^^^^^^^^^^^^^^^^^^^^^^^^^^^^^^^^^^^^^^^^^^
ValueError: No BEGIN_CALL marker found before END_CALL
Traceback (most recent call last):
  File "/data/lakshyaaagrawal/cs294-264-hw-FA25/agent.py", line 978, in run
    parsed = self.parser.parse(response)
  File "/data/lakshyaaagrawal/cs294-264-hw-FA25/response_parser.py", line 44, in parse
    raise ValueError(f"No `{self.BEGIN_CALL}` marker found before `{self.END_CALL}`")
    ^^^^^^^^^^^^^^^^^^^^^^^^^^^^^^^^^^^^^^^^^^^^^^^^^^^^^^^^^^^^^^
ValueError: No BEGIN_CALL marker found before END_CALL
Traceback (most recent call last):
  File "/data/lakshyaaagrawal/cs294-264-hw-FA25/agent.py", line 978, in run
    parsed = self.parser.parse(response)
  File "/data/lakshyaaagrawal/cs294-264-hw-FA25/response_parser.py", line 44, in parse
    raise ValueError(f"No `{self.BEGIN_CALL}` marker found before `{self.END_CALL}`")
    ^^^^^^^^^^^^^^^^^^^^^^^^^^^^^^^^^^^^^^^^^^^^^^^^^^^^^^^^^^^^^^
ValueError: No BEGIN_CALL marker found before END_CALL
Traceback (most recent call last):
  File "/data/lakshyaaagrawal/cs294-264-hw-FA25/agent.py", line 978, in run
    parsed = self.parser.parse(response)
  File "/data/lakshyaaagrawal/cs294-264-hw-FA25/response_parser.py", line 44, in parse
    raise ValueError(f"No `{self.BEGIN_CALL}` marker found before `{self.END_CALL}`")
    ^^^^^^^^^^^^^^^^^^^^^^^^^^^^^^^^^^^^^^^^^^^^^^^^^^^^^^^^^^^^^^
ValueError: No BEGIN_CALL marker found before END_CALL
Traceback (most recent call last):
  File "/data/lakshyaaagrawal/cs294-264-hw-FA25/agent.py", line 978, in run
    parsed = self.parser.parse(response)
  File "/data/lakshyaaagrawal/cs294-264-hw-FA25/response_parser.py", line 44, in parse
    raise ValueError(f"No `{self.BEGIN_CALL}` marker found before `{self.END_CALL}`")
    ^^^^^^^^^^^^^^^^^^^^^^^^^^^^^^^^^^^^^^^^^^^^^^^^^^^^^^^^^^^^^^
ValueError: No BEGIN_CALL marker found before END_CALL
Traceback (most recent call last):
  File "/data/lakshyaaagrawal/cs294-264-hw-FA25/agent.py", line 978, in run
    parsed = self.parser.parse(response)
  File "/data/lakshyaaagrawal/cs294-264-hw-FA25/response_parser.py", line 44, in parse
    raise ValueError(f"No `{self.BEGIN_CALL}` marker found before `{self.END_CALL}`")
    ^^^^^^^^^^^^^^^^^^^^^^^^^^^^^^^^^^^^^^^^^^^^^^^^^^^^^^^^^^^^^^
ValueError: No BEGIN_CALL marker found before END_CALL
Traceback (most recent call last):
  File "/data/lakshyaaagrawal/cs294-264-hw-FA25/agent.py", line 978, in run
    parsed = self.parser.parse(response)
  File "/data/lakshyaaagrawal/cs294-264-hw-FA25/response_parser.py", line 44, in parse
    raise ValueError(f"No `{self.BEGIN_CALL}` marker found before `{self.END_CALL}`")
    ^^^^^^^^^^^^^^^^^^^^^^^^^^^^^^^^^^^^^^^^^^^^^^^^^^^^^^^^^^^^^^
ValueError: No BEGIN_CALL marker found before END_CALL
Traceback (most recent call last):
  File "/data/lakshyaaagrawal/cs294-264-hw-FA25/agent.py", line 978, in run
    parsed = self.parser.parse(response)
  File "/data/lakshyaaagrawal/cs294-264-hw-FA25/response_parser.py", line 44, in parse
    raise ValueError(f"No `{self.BEGIN_CALL}` marker found before `{self.END_CALL}`")
    ^^^^^^^^^^^^^^^^^^^^^^^^^^^^^^^^^^^^^^^^^^^^^^^^^^^^^^^^^^^^^^
ValueError: No BEGIN_CALL marker found before END_CALL
Traceback (most recent call last):
  File "/data/lakshyaaagrawal/cs294-264-hw-FA25/agent.py", line 978, in run
    parsed = self.parser.parse(response)
  File "/data/lakshyaaagrawal/cs294-264-hw-FA25/response_parser.py", line 44, in parse
    raise ValueError(f"No `{self.BEGIN_CALL}` marker found before `{self.END_CALL}`")
    ^^^^^^^^^^^^^^^^^^^^^^^^^^^^^^^^^^^^^^^^^^^^^^^^^^^^^^^^^^^^^^
ValueError: No BEGIN_CALL marker found before END_CALL
Traceback (most recent call last):
  File "/data/lakshyaaagrawal/cs294-264-hw-FA25/agent.py", line 978, in run
    parsed = self.parser.parse(response)
  File "/data/lakshyaaagrawal/cs294-264-hw-FA25/response_parser.py", line 44, in parse
    raise ValueError(f"No `{self.BEGIN_CALL}` marker found before `{self.END_CALL}`")
    ^^^^^^^^^^^^^^^^^^^^^^^^^^^^^^^^^^^^^^^^^^^^^^^^^^^^^^^^^^^^^^
ValueError: No BEGIN_CALL marker found before END_CALL
Traceback (most recent call last):
  File "/data/lakshyaaagrawal/cs294-264-hw-FA25/agent.py", line 978, in run
    parsed = self.parser.parse(response)
  File "/data/lakshyaaagrawal/cs294-264-hw-FA25/response_parser.py", line 44, in parse
    raise ValueError(f"No `{self.BEGIN_CALL}` marker found before `{self.END_CALL}`")
    ^^^^^^^^^^^^^^^^^^^^^^^^^^^^^^^^^^^^^^^^^^^^^^^^^^^^^^^^^^^^^^
ValueError: No BEGIN_CALL marker found before END_CALL
Traceback (most recent call last):
  File "/data/lakshyaaagrawal/cs294-264-hw-FA25/agent.py", line 978, in run
    parsed = self.parser.parse(response)
  File "/data/lakshyaaagrawal/cs294-264-hw-FA25/response_parser.py", line 44, in parse
    raise ValueError(f"No `{self.BEGIN_CALL}` marker found before `{self.END_CALL}`")
    ^^^^^^^^^^^^^^^^^^^^^^^^^^^^^^^^^^^^^^^^^^^^^^^^^^^^^^^^^^^^^^
ValueError: No BEGIN_CALL marker found before END_CALL
Traceback (most recent call last):
  File "/data/lakshyaaagrawal/cs294-264-hw-FA25/envs.py", line 109, in replace_in_file
    self.env.execute(cmd)
    ~~~~~~~~~~~~~~~~^^^^^
  File "/data/lakshyaaagrawal/cs294-264-hw-FA25/.venv/lib/python3.13/site-packages/minisweagent/environments/docker.py", line 89, in execute
    result = subprocess.run(
        cmd,
    ...<5 lines>...
        stderr=subprocess.STDOUT,
    )
  File "/home/eecs/lakshyaaagrawal/.local/share/uv/python/cpython-3.13.5-linux-x86_64-gnu/lib/python3.13/subprocess.py", line 554, in run
    with Popen(*popenargs, **kwargs) as process:
         ~~~~~^^^^^^^^^^^^^^^^^^^^^^
  File "/home/eecs/lakshyaaagrawal/.local/share/uv/python/cpython-3.13.5-linux-x86_64-gnu/lib/python3.13/subprocess.py", line 1039, in __init__
    self._execute_child(args, executable, preexec_fn, close_fds,
    ~~~~~~~~~~~~~~~~~~~^^^^^^^^^^^^^^^^^^^^^^^^^^^^^^^^^^^^^^^^^
                        pass_fds, cwd, env,
                        ^^^^^^^^^^^^^^^^^^^
    ...<5 lines>...
                        gid, gids, uid, umask,
                        ^^^^^^^^^^^^^^^^^^^^^^
                        start_new_session, process_group)
                        ^^^^^^^^^^^^^^^^^^^^^^^^^^^^^^^^^
  File "/home/eecs/lakshyaaagrawal/.local/share/uv/python/cpython-3.13.5-linux-x86_64-gnu/lib/python3.13/subprocess.py", line 1972, in _execute_child
    raise child_exception_type(errno_num, err_msg, err_filename)
OSError: [Errno 7] Argument list too long: 'docker'
Traceback (most recent call last):
  File "/data/lakshyaaagrawal/cs294-264-hw-FA25/envs.py", line 109, in replace_in_file
    self.env.execute(cmd)
    ~~~~~~~~~~~~~~~~^^^^^
  File "/data/lakshyaaagrawal/cs294-264-hw-FA25/.venv/lib/python3.13/site-packages/minisweagent/environments/docker.py", line 89, in execute
    result = subprocess.run(
        cmd,
    ...<5 lines>...
        stderr=subprocess.STDOUT,
    )
  File "/home/eecs/lakshyaaagrawal/.local/share/uv/python/cpython-3.13.5-linux-x86_64-gnu/lib/python3.13/subprocess.py", line 554, in run
    with Popen(*popenargs, **kwargs) as process:
         ~~~~~^^^^^^^^^^^^^^^^^^^^^^
  File "/home/eecs/lakshyaaagrawal/.local/share/uv/python/cpython-3.13.5-linux-x86_64-gnu/lib/python3.13/subprocess.py", line 1039, in __init__
    self._execute_child(args, executable, preexec_fn, close_fds,
    ~~~~~~~~~~~~~~~~~~~^^^^^^^^^^^^^^^^^^^^^^^^^^^^^^^^^^^^^^^^^
                        pass_fds, cwd, env,
                        ^^^^^^^^^^^^^^^^^^^
    ...<5 lines>...
                        gid, gids, uid, umask,
                        ^^^^^^^^^^^^^^^^^^^^^^
                        start_new_session, process_group)
                        ^^^^^^^^^^^^^^^^^^^^^^^^^^^^^^^^^
  File "/home/eecs/lakshyaaagrawal/.local/share/uv/python/cpython-3.13.5-linux-x86_64-gnu/lib/python3.13/subprocess.py", line 1972, in _execute_child
    raise child_exception_type(errno_num, err_msg, err_filename)
OSError: [Errno 7] Argument list too long: 'docker'
