👋 This is mini-swe-agent version 1.13.3.
Loading global config from '/home/eecs/lakshyaaagrawal/.config/mini-swe-agent/.env'
Results will be saved to results18
Loading dataset lynnliu030/swebench-eval-subset, split test...
Running on 20 instances...
Processing instance sphinx-doc__sphinx-9658
minisweagent.environment: DEBUG: Starting container with command: docker run -d --name minisweagent-9e84df25 -w /testbed --rm docker.io/swebench/sweb.eval.x86_64.sphinx-doc_1776_sphinx-9658:latest sleep 2h           
Processing instance django__django-10973
minisweagent.environment: DEBUG: Starting container with command: docker run -d --name minisweagent-bab5de92 -w /testbed --rm docker.io/swebench/sweb.eval.x86_64.django_1776_django-10973:latest sleep 2h              
Processing instance pytest-dev__pytest-7490
Processing instance django__django-12406
minisweagent.environment: DEBUG: Starting container with command: docker run -d --name minisweagent-746e2296 -w /testbed --rm docker.io/swebench/sweb.eval.x86_64.pytest-dev_1776_pytest-7490:latest sleep 2h           
Processing instance django__django-16662
minisweagent.environment: DEBUG: Starting container with command: docker run -d --name minisweagent-d757e248 -w /testbed --rm docker.io/swebench/sweb.eval.x86_64.django_1776_django-12406:latest sleep 2h              
Processing instance django__django-16631
minisweagent.environment: DEBUG: Starting container with command: docker run -d --name minisweagent-d35d1105 -w /testbed --rm docker.io/swebench/sweb.eval.x86_64.django_1776_django-16662:latest sleep 2h              
Processing instance sympy__sympy-17655
Processing instance django__django-11179
Processing instance django__django-13297
minisweagent.environment: DEBUG: Starting container with command: docker run -d --name minisweagent-ebb39696 -w /testbed --rm docker.io/swebench/sweb.eval.x86_64.django_1776_django-16631:latest sleep 2h              
minisweagent.environment: DEBUG: Starting container with command: docker run -d --name minisweagent-13c13298 -w /testbed --rm docker.io/swebench/sweb.eval.x86_64.sympy_1776_sympy-17655:latest sleep 2h                
Processing instance sphinx-doc__sphinx-9230
Processing instance django__django-13810
minisweagent.environment: DEBUG: Starting container with command: docker run -d --name minisweagent-ec53579f -w /testbed --rm docker.io/swebench/sweb.eval.x86_64.django_1776_django-13297:latest sleep 2h              
Processing instance sympy__sympy-24213
Processing instance scikit-learn__scikit-learn-26323
Processing instance psf__requests-2931
Processing instance sphinx-doc__sphinx-7590
Processing instance astropy__astropy-7166
minisweagent.environment: DEBUG: Starting container with command: docker run -d --name minisweagent-de98b4a4 -w /testbed --rm docker.io/swebench/sweb.eval.x86_64.sphinx-doc_1776_sphinx-9230:latest sleep 2h           
Processing instance django__django-14053
minisweagent.environment: DEBUG: Starting container with command: docker run -d --name minisweagent-8564cd38 -w /testbed --rm docker.io/swebench/sweb.eval.x86_64.django_1776_django-13810:latest sleep 2h              
minisweagent.environment: DEBUG: Starting container with command: docker run -d --name minisweagent-558c5d1c -w /testbed --rm docker.io/swebench/sweb.eval.x86_64.scikit-learn_1776_scikit-learn-26323:latest sleep 2h  
minisweagent.environment: DEBUG: Starting container with command: docker run -d --name minisweagent-e0c6d334 -w /testbed --rm docker.io/swebench/sweb.eval.x86_64.psf_1776_requests-2931:latest sleep 2h                
minisweagent.environment: DEBUG: Starting container with command: docker run -d --name minisweagent-72381a39 -w /testbed --rm docker.io/swebench/sweb.eval.x86_64.django_1776_django-11179:latest sleep 2h              
minisweagent.environment: DEBUG: Starting container with command: docker run -d --name minisweagent-dff9eeb5 -w /testbed --rm docker.io/swebench/sweb.eval.x86_64.sphinx-doc_1776_sphinx-7590:latest sleep 2h           
minisweagent.environment: DEBUG: Starting container with command: docker run -d --name minisweagent-61a88ece -w /testbed --rm docker.io/swebench/sweb.eval.x86_64.astropy_1776_astropy-7166:latest sleep 2h             
minisweagent.environment: DEBUG: Starting container with command: docker run -d --name minisweagent-c887a8bc -w /testbed --rm docker.io/swebench/sweb.eval.x86_64.sympy_1776_sympy-24213:latest sleep 2h                
minisweagent.environment: DEBUG: Starting container with command: docker run -d --name minisweagent-49a2f3a3 -w /testbed --rm docker.io/swebench/sweb.eval.x86_64.django_1776_django-14053:latest sleep 2h              
Processing instance django__django-14011
minisweagent.environment: DEBUG: Starting container with command: docker run -d --name minisweagent-76e4b843 -w /testbed --rm docker.io/swebench/sweb.eval.x86_64.django_1776_django-14011:latest sleep 2h              
Processing instance django__django-7530
minisweagent.environment: DEBUG: Starting container with command: docker run -d --name minisweagent-3f3d990c -w /testbed --rm docker.io/swebench/sweb.eval.x86_64.django_1776_django-7530:latest sleep 2h               
Processing instance psf__requests-1921
minisweagent.environment: DEBUG: Starting container with command: docker run -d --name minisweagent-2663c426 -w /testbed --rm docker.io/swebench/sweb.eval.x86_64.psf_1776_requests-1921:latest sleep 2h                
minisweagent.environment: INFO: Started container minisweagent-9e84df25 with ID 57e13e270e43c10f9f98190346c182ab9beeff631388a673a1ce9c31048ecf02                         
minisweagent.environment: INFO: Started container minisweagent-ebb39696 with ID 2aeecb67107126ea2e071be14fd8aa53fb4e60aa60e2d5f5af715c8d5bd92ea8                         
minisweagent.environment: INFO: Started container minisweagent-bab5de92 with ID 8a0c0e0b18eeb66eb931892d79cf2c5d3c0937be04e8f2523778b06251d2c477                         
minisweagent.environment: INFO: Started container minisweagent-72381a39 with ID 45e48a814de096210d5aee5eb919e6b9f0eac2b844449b6d52844cf376c1016b                         
minisweagent.environment: INFO: Started container minisweagent-e0c6d334 with ID 75e7482f15d7a5e7e0b29e986e956b0cfba92424885ab334e1db90b176b6cea5                         
minisweagent.environment: INFO: Started container minisweagent-d757e248 with ID a76ac6a3d790e6a1d4f4fd6b01217c554155f7d26a6da6587260c82fe64c11e7                         
minisweagent.environment: INFO: Started container minisweagent-746e2296 with ID a9b491a8a9359a9b487c6a1c3ec6fb3f274ecb404f80462920bd9cc8e5e213e1                         
minisweagent.environment: INFO: Started container minisweagent-558c5d1c with ID d4367df3cc636480d8c19933c1c4907740c71d0859cd768d55472c175dc3d7ef                         
minisweagent.environment: INFO: Started container minisweagent-49a2f3a3 with ID a1edfde20b1ab9be41e2253f5e638be9ce3eff39bba4a44b4ad2da8710f0a752                         
minisweagent.environment: INFO: Started container minisweagent-13c13298 with ID dce80e5e397441c612239d57c309be6240642da8490110e6d1139dce27de6b61                         
minisweagent.environment: INFO: Started container minisweagent-76e4b843 with ID e6dfad5c5125ff03964abbf0e3ea7286ae671fbceac3fa40d62d188b4df4b10b                         
minisweagent.environment: INFO: Started container minisweagent-3f3d990c with ID e4b65caf40b1afd9777c01f458979ea2586e0626642a3ef174accb9f9fb9da51                         
minisweagent.environment: INFO: Started container minisweagent-2663c426 with ID b502ee84106508c4d42c1c828bf7a1fc5d506baa58dee65ad2ad8038829d48ce                         
minisweagent.environment: INFO: Started container minisweagent-dff9eeb5 with ID d9b739a0eb010f31832d96cf9de81ccd7e388b556019d1954801b164fbf346c7                         
minisweagent.environment: INFO: Started container minisweagent-61a88ece with ID dc504bc63705e111a8f787b09e031262c6a671b0de72100175c08d85414973a8                         
minisweagent.environment: INFO: Started container minisweagent-8564cd38 with ID d487c322acf4b8642f8309d98b08b2f16687c4779e06ce7b182f4485dfab5dd4                         
minisweagent.environment: INFO: Started container minisweagent-de98b4a4 with ID 838f67c810bf8f289e28f2e9d537bc79667041d50db5cb604ab7dd21760073ba                         
minisweagent.environment: INFO: Started container minisweagent-d35d1105 with ID 1a89b0fc6f9149ca8d26dea50b5c807056a890a77880f1da4b2652a46e7cfb7a                         
minisweagent.environment: INFO: Started container minisweagent-ec53579f with ID f00d5dc049790837a929e55524e4866f8a267b89642a7a684b4947dbff713140                         
minisweagent.environment: INFO: Started container minisweagent-c887a8bc with ID ecd74dcc31be1791ec0ce01882bf0eda6886106c79c3e319313fea9f49696431                         
Saved trajectory to 'results18/django__django-16662/django__django-16662.traj.json'
Completed instance django__django-16662, result: diff --git a/django/db/migrations/writer.py b/django/db/migrations/writer.py
index a59f0c8dcb..a95aa75a9a 100644
--- a/django/db/migrations/writer.py
+++ b/django/db/migrations/writer.py
@@ -148,10 +148,17 @@ class MigrationWriter:
         for dependency in self.migration.dependencies:
             if dependency[0] == "__setting__":
                 dependencies.append(
-                    "        migrations.swappable_dependency(settings.%s),"
-                    % dependency[1]
-                )
-                imports.add("from django.conf import settings")
+# Sort imports by placing bare module imports before "from" imports,
+          # then by the package / module to be imported (the part after
+          # "from" in "from ... import ..." or after "import" in "import ...").
+          def _import_sort_key(i):
+              parts = i.split()
+              # Treat "from ..." imports as greater so plain "import ..." come first.
+              is_from = 1 if parts[0] == "from" else 0
+              module = parts[1]
+              return (is_from, module)
+          sorted_imports = sorted(imports, key=_import_sort_key)
+          items["imports"] = "\n".join(sorted_imports) + "\n" if imports else ""
             else:
                 dependencies.append("        %s," % self.serialize(dependency)[0])
         items["dependencies"] = "\n".join(dependencies) + "\n" if dependencies else ""
Saved trajectory to 'results18/sympy__sympy-24213/sympy__sympy-24213.traj.json'
Completed instance sympy__sympy-24213, result: diff --git a/sympy/physics/units/unitsystem.py b/sympy/physics/units/unitsystem.py
index a436880c4b..15f0bfef24 100644
--- a/sympy/physics/units/unitsystem.py
+++ b/sympy/physics/units/unitsystem.py
@@ -164,25 +164,25 @@ def _collect_factor_and_dimension(self, expr):
                 factor *= arg_factor
                 dimension *= arg_dim
             return factor, dimension
-        elif isinstance(expr, Pow):
-            factor, dim = self._collect_factor_and_dimension(expr.base)
-            exp_factor, exp_dim = self._collect_factor_and_dimension(expr.exp)
-            if self.get_dimension_system().is_dimensionless(exp_dim):
-                exp_dim = 1
-            return factor ** exp_factor, dim ** (exp_factor * exp_dim)
-        elif isinstance(expr, Add):
-            factor, dim = self._collect_factor_and_dimension(expr.args[0])
-            for addend in expr.args[1:]:
-                addend_factor, addend_dim = \
-                    self._collect_factor_and_dimension(addend)
-                if dim != addend_dim:
-                    raise ValueError(
-                        'Dimension of "{}" is {}, '
-                        'but it should be {}'.format(
-                            addend, addend_dim, dim))
-                factor += addend_factor
-            return factor, dim
-        elif isinstance(expr, Derivative):
+elif isinstance(expr, Pow):
+                factor, dim = self._collect_factor_and_dimension(expr.base)
+                exp_factor, exp_dim = self._collect_factor_and_dimension(expr.exp)
+                if self.get_dimension_system().is_dimensionless(exp_dim):
+                    exp_dim = 1
+                return factor ** exp_factor, dim ** (exp_factor * exp_dim)
+            elif isinstance(expr, Add):
+                factor, dim = self._collect_factor_and_dimension(expr.args[0])
+                for addend in expr.args[1:]:
+                    addend_factor, addend_dim = \
+                        self._collect_factor_and_dimension(addend)
+                    if not self.get_dimension_system().equivalent_dims(dim,
+                                                                      addend_dim):
+                        raise ValueError(
+                            'Dimension of "{}" is {}, '
+                            'but it should be {}'.format(
+                                addend, addend_dim, dim))
+                    factor += addend_factor
+                return factor, dim
             factor, dim = self._collect_factor_and_dimension(expr.args[0])
             for independent, count in expr.variable_count:
                 ifactor, idim = self._collect_factor_and_dimension(independent)
Saved trajectory to 'results18/django__django-10973/django__django-10973.traj.json'
Completed instance django__django-10973, result: diff --git a/django/db/backends/postgresql/client.py b/django/db/backends/postgresql/client.py
index 7fca6eff30..eaf6372213 100644
--- a/django/db/backends/postgresql/client.py
+++ b/django/db/backends/postgresql/client.py
@@ -18,47 +18,19 @@ class DatabaseClient(BaseDatabaseClient):
 
     @classmethod
     def runshell_db(cls, conn_params):
-        args = [cls.executable_name]
-
-        host = conn_params.get('host', '')
-        port = conn_params.get('port', '')
-        dbname = conn_params.get('database', '')
-        user = conn_params.get('user', '')
-        passwd = conn_params.get('password', '')
-
-        if user:
-            args += ['-U', user]
-        if host:
-            args += ['-h', host]
-        if port:
-            args += ['-p', str(port)]
-        args += [dbname]
-
-        temp_pgpass = None
-        sigint_handler = signal.getsignal(signal.SIGINT)
+sigint_handler = signal.getsignal(signal.SIGINT)
+        env = os.environ.copy()
         try:
             if passwd:
-                # Create temporary .pgpass file.
-                temp_pgpass = NamedTemporaryFile(mode='w+')
-                try:
-                    print(
-                        _escape_pgpass(host) or '*',
-                        str(port) or '*',
-                        _escape_pgpass(dbname) or '*',
-                        _escape_pgpass(user) or '*',
-                        _escape_pgpass(passwd),
-                        file=temp_pgpass,
-                        sep=':',
-                        flush=True,
-                    )
-                    os.environ['PGPASSFILE'] = temp_pgpass.name
-                except UnicodeEncodeError:
-                    # If the current locale can't encode the data, let the
-                    # user input the password manually.
-                    pass
+                # Provide the password via the PGPASSWORD environment variable for the
+                # child process instead of creating a temporary .pgpass file.
+                env['PGPASSWORD'] = passwd
             # Allow SIGINT to pass to psql to abort queries.
             signal.signal(signal.SIGINT, signal.SIG_IGN)
-            subprocess.check_call(args)
+            subprocess.run(args, check=True, env=env)
+        finally:
+            # Restore the original SIGINT handler.
+            signal.signal(signal.SIGINT, sigint_handler)
         finally:
             # Restore the original SIGINT handler.
             signal.signal(signal.SIGINT, sigint_handler)
Saved trajectory to 'results18/django__django-13810/django__django-13810.traj.json'
Completed instance django__django-13810, result: diff --git a/django/core/handlers/base.py b/django/core/handlers/base.py
index 8e8c3da06a..3b0ebccc47 100644
--- a/django/core/handlers/base.py
+++ b/django/core/handlers/base.py
@@ -49,13 +49,13 @@ class BaseHandler:
                 middleware_is_async = False
             else:
                 middleware_is_async = middleware_can_async
-            try:
+try:
                 # Adapt handler, if needed.
-                handler = self.adapt_method_mode(
+                adapted_handler = self.adapt_method_mode(
                     middleware_is_async, handler, handler_is_async,
                     debug=settings.DEBUG, name='middleware %s' % middleware_path,
                 )
-                mw_instance = middleware(handler)
+                mw_instance = middleware(adapted_handler)
             except MiddlewareNotUsed as exc:
                 if settings.DEBUG:
                     if str(exc):
Saved trajectory to 'results18/django__django-11179/django__django-11179.traj.json'
Completed instance django__django-11179, result: diff --git a/django/db/models/deletion.py b/django/db/models/deletion.py
index 92fe4affb9..74ff11cddb 100644
--- a/django/db/models/deletion.py
+++ b/django/db/models/deletion.py
@@ -261,20 +261,21 @@ class Collector:
 
     def delete(self):
         # sort instance collections
-        for model, instances in self.data.items():
-            self.data[model] = sorted(instances, key=attrgetter("pk"))
-
-        # if possible, bring the models in an order suitable for databases that
-        # don't support transactions or cannot defer constraint checks until the
-        # end of a transaction.
-        self.sort()
-        # number of objects deleted for each model label
-        deleted_counter = Counter()
-
-        # Optimize for the case with a single obj and no dependencies
-        if len(self.data) == 1 and len(instances) == 1:
-            instance = list(instances)[0]
-            if self.can_fast_delete(instance):
+# if possible, bring the models in an order suitable for databases that
+          # don't support transactions or cannot defer constraint checks until the
+          # end of a transaction.
+          self.sort()
+          # number of objects deleted for each model label
+          deleted_counter = Counter()
+        
+          # Optimize for the case with a single obj and no dependencies
+          if len(self.data) == 1 and len(instances) == 1:
+              instance = list(instances)[0]
+              if self.can_fast_delete(instance):
+                  with transaction.mark_for_rollback_on_error():
+                      count = sql.DeleteQuery(model).delete_batch([instance.pk], self.using)
+                  setattr(instance, model._meta.pk.attname, None)
+                  return count, {model._meta.label: count}
                 with transaction.mark_for_rollback_on_error():
                     count = sql.DeleteQuery(model).delete_batch([instance.pk], self.using)
                 return count, {model._meta.label: count}
Saved trajectory to 'results18/psf__requests-1921/psf__requests-1921.traj.json'
Completed instance psf__requests-1921, result: diff --git a/requests/sessions.py b/requests/sessions.py
index a023e4e..1c6c59c 100644
--- a/requests/sessions.py
+++ b/requests/sessions.py
@@ -21,16 +21,6 @@ from .utils import to_key_val_list, default_headers, to_native_string
 from .exceptions import TooManyRedirects, InvalidSchema
 from .structures import CaseInsensitiveDict
 
-from .adapters import HTTPAdapter
-
-from .utils import requote_uri, get_environ_proxies, get_netrc_auth
-
-from .status_codes import codes
-
-# formerly defined here, reexposed here for backward compatibility
-from .models import REDIRECT_STATI
-
-
 def merge_setting(request_setting, session_setting, dict_class=OrderedDict):
     """
     Determines appropriate setting for a given request, taking into account the
@@ -42,12 +32,24 @@ def merge_setting(request_setting, session_setting, dict_class=OrderedDict):
         return request_setting
 
     if request_setting is None:
+        # If the request did not provide a setting, return the session setting
+        # but remove any keys explicitly set to None on the session (treat None
+        # as "delete this default").
+        if isinstance(session_setting, Mapping):
+            cleaned = dict_class(to_key_val_list(session_setting))
+            for (k, v) in list(session_setting.items()):
+                if v is None and k in cleaned:
+                    del cleaned[k]
+            return cleaned
         return session_setting
 
     # Bypass if not a dictionary (e.g. verify)
     if not (
             isinstance(session_setting, Mapping) and
             isinstance(request_setting, Mapping)
+    ):
+            isinstance(session_setting, Mapping) and
+            isinstance(request_setting, Mapping)
     ):
         return request_setting
Saved trajectory to 'results18/pytest-dev__pytest-7490/pytest-dev__pytest-7490.traj.json'
Completed instance pytest-dev__pytest-7490, result: diff --git a/src/_pytest/skipping.py b/src/_pytest/skipping.py
index 335e10996..814f92cd7 100644
--- a/src/_pytest/skipping.py
+++ b/src/_pytest/skipping.py
@@ -209,40 +209,45 @@ def evaluate_xfail_marks(item: Item) -> Optional[Xfail]:
             conditions = (mark.kwargs["condition"],)
 
         # Unconditional.
-        if not conditions:
-            reason = mark.kwargs.get("reason", "")
-            return Xfail(reason, run, strict, raises)
-
-        # If any of the conditions are true.
-        for condition in conditions:
-            result, reason = evaluate_condition(item, mark, condition)
-            if result:
-                return Xfail(reason, run, strict, raises)
-
-    return None
-
-
-# Whether skipped due to skip or skipif marks.
-skipped_by_mark_key = StoreKey[bool]()
-# Saves the xfail mark evaluation. Can be refreshed during call if None.
-xfailed_key = StoreKey[Optional[Xfail]]()
-unexpectedsuccess_key = StoreKey[str]()
-
-
-@hookimpl(tryfirst=True)
-def pytest_runtest_setup(item: Item) -> None:
-    item._store[skipped_by_mark_key] = False
-
-    skipped = evaluate_skip_marks(item)
-    if skipped:
-        item._store[skipped_by_mark_key] = True
-        skip(skipped.reason)
-
-    if not item.config.option.runxfail:
+@hookimpl(hookwrapper=True)
+def pytest_runtest_makereport(item: Item, call: CallInfo[None]):
+    outcome = yield
+    rep = outcome.get_result()
+    # Refresh xfail evaluation if it wasn't cached so that marks added
+    # during the call (e.g. via request.node.add_marker) are honored.
+    xfailed = item._store.get(xfailed_key, None)
+    if xfailed is None:
         item._store[xfailed_key] = xfailed = evaluate_xfail_marks(item)
-        if xfailed and not xfailed.run:
-            xfail("[NOTRUN] " + xfailed.reason)
 
+    # unittest special case, see setting of unexpectedsuccess_key
+    if unexpectedsuccess_key in item._store and rep.when == "call":
+        reason = item._store[unexpectedsuccess_key]
+        if reason:
+            rep.longrepr = "Unexpected success: {}".format(reason)
+        else:
+            rep.longrepr = "Unexpected success"
+        rep.outcome = "failed"
+    elif item.config.option.runxfail:
+        pass  # don't interfere
+    elif call.excinfo and isinstance(call.excinfo.value, xfail.Exception):
+        assert call.excinfo.value.msg is not None
+        rep.wasxfail = "reason: " + call.excinfo.value.msg
+        rep.outcome = "skipped"
+    elif not rep.skipped and xfailed:
+        if call.excinfo:
+            raises = xfailed.raises
+            if raises is not None and not isinstance(call.excinfo.value, raises):
+                rep.outcome = "failed"
+            else:
+                rep.outcome = "skipped"
+                rep.wasxfail = xfailed.reason
+        elif call.when == "call":
+            if xfailed.strict:
+                rep.outcome = "failed"
+                rep.longrepr = "[XPASS(strict)] " + xfailed.reason
+            else:
+                rep.outcome = "passed"
+                rep.wasxfail = xfailed.reason
 
 @hookimpl(hookwrapper=True)
 def pytest_runtest_call(item: Item) -> Generator[None, None, None]:
Saved trajectory to 'results18/scikit-learn__scikit-learn-26323/scikit-learn__scikit-learn-26323.traj.json'
Completed instance scikit-learn__scikit-learn-26323, result: diff --git a/sklearn/compose/_column_transformer.py b/sklearn/compose/_column_transformer.py
index 4eddd12b1..1008163d2 100644
--- a/sklearn/compose/_column_transformer.py
+++ b/sklearn/compose/_column_transformer.py
@@ -232,49 +232,45 @@ class ColumnTransformer(TransformerMixin, _BaseComposition):
 
     def __init__(
         self,
-        transformers,
-        *,
-        remainder="drop",
-        sparse_threshold=0.3,
-        n_jobs=None,
-        transformer_weights=None,
-        verbose=False,
-        verbose_feature_names_out=True,
-    ):
-        self.transformers = transformers
-        self.remainder = remainder
-        self.sparse_threshold = sparse_threshold
-        self.n_jobs = n_jobs
-        self.transformer_weights = transformer_weights
-        self.verbose = verbose
-        self.verbose_feature_names_out = verbose_feature_names_out
+def set_output(self, *, transform=None):
+        """Set the output container when `"transform"` and `"fit_transform"` are called.
 
-    @property
-    def _transformers(self):
-        """
-        Internal list of transformer only containing the name and
-        transformers, dropping the columns. This is for the implementation
-        of get_params via BaseComposition._get_params which expects lists
-        of tuples of len 2.
-        """
-        try:
-            return [(name, trans) for name, trans, _ in self.transformers]
-        except (TypeError, ValueError):
-            return self.transformers
+        Calling `set_output` will set the output of all estimators in `transformers`
+        and `transformers_`.
 
-    @_transformers.setter
-    def _transformers(self, value):
-        try:
-            self.transformers = [
-                (name, trans, col)
-                for ((name, trans), (_, _, col)) in zip(value, self.transformers)
-            ]
-        except (TypeError, ValueError):
-            self.transformers = value
+        Parameters
+        ----------
+        transform : {"default", "pandas"}, default=None
+            Configure output of `transform` and `fit_transform`.
 
-    def set_output(self, *, transform=None):
-        """Set the output container when `"transform"` and `"fit_transform"` are called.
+            - `"default"`: Default output format of a transformer
+            - `"pandas"`: DataFrame output
+            - `None`: Transform configuration is unchanged
 
+        Returns
+        -------
+        self : estimator instance
+            Estimator instance.
+        """
+        super().set_output(transform=transform)
+        transformers = (
+            trans
+            for _, trans, _ in chain(
+                self.transformers, getattr(self, "transformers_", [])
+            )
+            if trans not in {"passthrough", "drop"}
+        )
+        for trans in transformers:
+            _safe_set_output(trans, transform=transform)
+
+        # Ensure the remainder estimator (if present and not "drop"/"passthrough")
+        # also has its output configured. The remainder may be provided as the
+        # `remainder` attribute and thus not present in `self.transformers`.
+        remainder = getattr(self, "remainder", None)
+        if remainder is not None and remainder not in {"passthrough", "drop"}:
+            _safe_set_output(remainder, transform=transform)
+
+        return self
         Calling `set_output` will set the output of all estimators in `transformers`
         and `transformers_`.
 
@@ -303,6 +299,21 @@ class ColumnTransformer(TransformerMixin, _BaseComposition):
         for trans in transformers:
             _safe_set_output(trans, transform=transform)
 
+        # Ensure the remainder estimator (if present and not "drop"/"passthrough")
+        # also has its output configured. The remainder may be provided as the
+        # `remainder` attribute and thus not present in `self.transformers`.
+        remainder = getattr(self, "remainder", None)
+        if remainder is not None and remainder not in {"passthrough", "drop"}:
+            _safe_set_output(remainder, transform=transform)
+
+        return self
+                self.transformers, getattr(self, "transformers_", [])
+            )
+            if trans not in {"passthrough", "drop"}
+        )
+        for trans in transformers:
+            _safe_set_output(trans, transform=transform)
+
         return self
 
     def get_params(self, deep=True):
Saved trajectory to 'results18/sympy__sympy-17655/sympy__sympy-17655.traj.json'
Completed instance sympy__sympy-17655, result: diff --git a/sympy/geometry/point.py b/sympy/geometry/point.py
index 7c978c47be..e44dab6c95 100644
--- a/sympy/geometry/point.py
+++ b/sympy/geometry/point.py
@@ -145,34 +145,65 @@ def __new__(cls, *args, **kwargs):
                 raise ValueError(message)
             elif on_morph == 'warn':
                 warnings.warn(message)
-            else:
-                raise ValueError(filldedent('''
-                        on_morph value should be 'error',
-                        'warn' or 'ignore'.'''))
-        if any(coords[dim:]):
-            raise ValueError('Nonzero coordinates cannot be removed.')
-        if any(a.is_number and im(a) for a in coords):
-            raise ValueError('Imaginary coordinates are not permitted.')
-        if not all(isinstance(a, Expr) for a in coords):
-            raise TypeError('Coordinates must be valid SymPy expressions.')
-
-        # pad with zeros appropriately
-        coords = coords[:dim] + (S.Zero,)*(dim - len(coords))
-
-        # Turn any Floats into rationals and simplify
-        # any expressions before we instantiate
-        if evaluate:
-            coords = coords.xreplace(dict(
-                [(f, simplify(nsimplify(f, rational=True)))
-                 for f in coords.atoms(Float)]))
-
-        # return 2D or 3D instances
-        if len(coords) == 2:
-            kwargs['_nocheck'] = True
-            return Point2D(*coords, **kwargs)
-        elif len(coords) == 3:
-            kwargs['_nocheck'] = True
-            return Point3D(*coords, **kwargs)
+def __add__(self, other):
+        """Add other to self by incrementing self's coordinates by
+        those of other.
+
+        Notes
+        =====
+
+        >>> from sympy.geometry.point import Point
+
+        When sequences of coordinates are passed to Point methods, they
+        are converted to a Point internally. This __add__ method does
+        not do that so if floating point values are used, a floating
+        point result (in terms of SymPy Floats) will be returned.
+
+        >>> Point(1, 2) + (.1, .2)
+        Point2D(1.1, 2.2)
+
+        If this is not desired, the `translate` method can be used or
+        another Point can be added:
+
+        >>> Point(1, 2).translate(.1, .2)
+        Point2D(11/10, 11/5)
+        >>> Point(1, 2) + Point(.1, .2)
+        Point2D(11/10, 11/5)
+
+        See Also
+        ========
+
+        sympy.geometry.point.Point.translate
+
+        """
+        # Handle cases like scalar * Point (e.g., 2*Point(1,1)) by extracting
+        # the Point factor and scaling it so Point(...) below receives a Point
+        # or a sequence of coordinates rather than a Mul.
+        if isinstance(other, Expr) and getattr(other, 'is_Mul', False):
+            point_arg = None
+            # find the first Point in the Mul args
+            for a in other.args:
+                if isinstance(a, Point):
+                    point_arg = a
+                    break
+            if point_arg is not None:
+                scalar = sympify(1)
+                found = False
+                for a in other.args:
+                    if isinstance(a, Point) and not found:
+                        # skip the first Point factor
+                        found = True
+                        continue
+                    scalar = scalar * a
+                other = point_arg * scalar
+
+        try:
+            s, o = Point._normalize_dimension(self, Point(other, evaluate=False))
+        except TypeError:
+            raise GeometryError("Don't know how to add {} and a Point object".format(other))
+
+        coords = [simplify(a + b) for a, b in zip(s, o)]
+        return Point(coords, evaluate=False)
 
         # the general Point
         return GeometryEntity.__new__(cls, *coords)
Saved trajectory to 'results18/psf__requests-2931/psf__requests-2931.traj.json'
Completed instance psf__requests-2931, result: diff --git a/requests/utils.py b/requests/utils.py
index 132cd2b..07c9136 100644
--- a/requests/utils.py
+++ b/requests/utils.py
@@ -664,12 +664,6 @@ def prepend_scheme_if_needed(url, new_scheme):
     # urlparse is a finicky beast, and sometimes decides that there isn't a
     # netloc present. Assume that it's being over-cautious, and switch netloc
     # and path if urlparse decided there was no netloc.
-    if not netloc:
-        netloc, path = path, netloc
-
-    return urlunparse((scheme, netloc, path, params, query, fragment))
-
-
 def get_auth_from_url(url):
     """Given a url with authentication components, extract them into a tuple of
     username,password."""
@@ -691,6 +685,25 @@ def to_native_string(string, encoding='ascii'):
     """
     out = None
 
+    if isinstance(string, builtin_str):
+        out = string
+    else:
+        if is_py2:
+            out = string.encode(encoding)
+        else:
+            # On Python 3, if we receive bytes try decoding using the requested
+            # encoding first; if that fails (e.g., non-ASCII bytes), fall back
+            # to UTF-8 with replacement to avoid raising UnicodeDecodeError.
+            if isinstance(string, bytes):
+                try:
+                    out = string.decode(encoding)
+                except UnicodeDecodeError:
+                    out = string.decode('utf-8', 'replace')
+            else:
+                out = string.decode(encoding)
+
+    return out
+
     if isinstance(string, builtin_str):
         out = string
     else:
Saved trajectory to 'results18/django__django-14011/django__django-14011.traj.json'
Completed instance django__django-14011, result: diff --git a/django/core/servers/basehttp.py b/django/core/servers/basehttp.py
index 14dab517c9..1e5d1fb748 100644
--- a/django/core/servers/basehttp.py
+++ b/django/core/servers/basehttp.py
@@ -1,4 +1,4 @@
-"""
+""" 
 HTTP server that implements the Python WSGI protocol (PEP 333, rev 1.21).
 
 Based on wsgiref.simple_server which is part of the standard library since 2.5.
@@ -17,6 +17,7 @@ from django.core.exceptions import ImproperlyConfigured
 from django.core.handlers.wsgi import LimitedStream
 from django.core.wsgi import get_wsgi_application
 from django.utils.module_loading import import_string
+from django.db import close_old_connections
 
 __all__ = ('WSGIServer', 'WSGIRequestHandler')
 
@@ -116,7 +117,10 @@ class ServerHandler(simple_server.ServerHandler):
     def close(self):
         self.get_stdin()._read_limited()
         super().close()
-
+        # Ensure DB connections are cleaned up at the end of handling the request.
+        # This mirrors the request_finished handling that isn't necessarily
+        # triggered for requests handled by this low-level server in threaded mode.
+        close_old_connections()
 
 class WSGIRequestHandler(simple_server.WSGIRequestHandler):
     protocol_version = 'HTTP/1.1'
@@ -196,6 +200,46 @@ class WSGIRequestHandler(simple_server.WSGIRequestHandler):
         handler.run(self.server.get_app())
 
 
+def run(addr, port, wsgi_handler, ipv6=False, threading=False, server_cls=WSGIServer):
+    server_address = (addr, port)
+    if threading:
+        httpd_cls = type('WSGIServer', (socketserver.ThreadingMixIn, server_cls), {})
+    else:
+        httpd_cls = server_cls
+    httpd = httpd_cls(server_address, WSGIRequestHandler, ipv6=ipv6)
+    if threading:
+        # ThreadingMixIn.daemon_threads indicates how threads will behave on an
+        # abrupt shutdown; like quitting the server by the user or restarting
+        # by the auto-reloader. True means the server will not wait for thread
+        # termination before it quits. This will make auto-reloader faster
+        # and will prevent the need to kill the server manually if a thread
+        # isn't terminating correctly.
+        httpd.daemon_threads = True
+    httpd.set_app(wsgi_handler)
+    httpd.serve_forever()
+        except (AttributeError, OSError):
+            pass
+
+    def handle_one_request(self):
+        """Copy of WSGIRequestHandler.handle() but with different ServerHandler"""
+        self.raw_requestline = self.rfile.readline(65537)
+        if len(self.raw_requestline) > 65536:
+            self.requestline = ''
+            self.request_version = ''
+            self.command = ''
+            self.send_error(414)
+            return
+
+        if not self.parse_request():  # An error code has been sent, just exit
+            return
+
+        handler = ServerHandler(
+            self.rfile, self.wfile, self.get_stderr(), self.get_environ()
+        )
+        handler.request_handler = self      # backpointer for logging & connection closing
+        handler.run(self.server.get_app())
+
+
 def run(addr, port, wsgi_handler, ipv6=False, threading=False, server_cls=WSGIServer):
     server_address = (addr, port)
     if threading:
Saved trajectory to 'results18/sphinx-doc__sphinx-9658/sphinx-doc__sphinx-9658.traj.json'
Completed instance sphinx-doc__sphinx-9658, result: diff --git a/sphinx/util/typing.py b/sphinx/util/typing.py
index 87707d48f..bd8c3e7aa 100644
--- a/sphinx/util/typing.py
+++ b/sphinx/util/typing.py
@@ -155,21 +155,27 @@ def _restify_py37(cls: Optional[Type]) -> str:
             cls.__module__ == 'typing' and cls.__origin__ is Union):
         # Union
         if len(cls.__args__) > 1 and cls.__args__[-1] is NoneType:
-            if len(cls.__args__) > 2:
-                args = ', '.join(restify(a) for a in cls.__args__[:-1])
-                return ':py:obj:`~typing.Optional`\\ [:obj:`~typing.Union`\\ [%s]]' % args
-            else:
-                return ':py:obj:`~typing.Optional`\\ [%s]' % restify(cls.__args__[0])
+elif isinstance(cls, typing._SpecialForm):
+        return ':py:obj:`~%s.%s`' % (cls.__module__, cls._name)
+    elif hasattr(cls, '__qualname__'):
+        qual = getattr(cls, '__qualname__', None) or getattr(cls, '__name__', None)
+        if not qual:
+            return repr(cls)
+        if cls.__module__ == 'typing':
+            return ':py:class:`~%s.%s`' % (cls.__module__, qual)
         else:
-            args = ', '.join(restify(a) for a in cls.__args__)
-            return ':py:obj:`~typing.Union`\\ [%s]' % args
-    elif inspect.isgenericalias(cls):
-        if isinstance(cls.__origin__, typing._SpecialForm):
-            text = restify(cls.__origin__)  # type: ignore
-        elif getattr(cls, '_name', None):
-            if cls.__module__ == 'typing':
-                text = ':py:class:`~%s.%s`' % (cls.__module__, cls._name)
-            else:
+            return ':py:class:`%s.%s`' % (cls.__module__, qual)
+    elif isinstance(cls, ForwardRef):
+        return ':py:class:`%s`' % cls.__forward_arg__
+    else:
+        # not a class (ex. TypeVar)
+        name = getattr(cls, '__name__', None)
+        if not name:
+            return repr(cls)
+        if cls.__module__ == 'typing':
+            return ':py:obj:`~%s.%s`' % (cls.__module__, name)
+        else:
+            return ':py:obj:`%s.%s`' % (cls.__module__, name)
                 text = ':py:class:`%s.%s`' % (cls.__module__, cls._name)
         else:
             text = restify(cls.__origin__)
Saved trajectory to 'results18/astropy__astropy-7166/astropy__astropy-7166.traj.json'
Completed instance astropy__astropy-7166, result: diff --git a/astropy/utils/misc.py b/astropy/utils/misc.py
index de3fb01d1..8a1d26907 100644
--- a/astropy/utils/misc.py
+++ b/astropy/utils/misc.py
@@ -491,9 +491,6 @@ def did_you_mean(s, candidates, n=3, cutoff=0.8, fix=None):
                        matches[-1])
         return 'Did you mean {0}?'.format(matches)
 
-    return ''
-
-
 class InheritDocstrings(type):
     """
     This metaclass makes methods of a class automatically have their
@@ -527,6 +524,38 @@ class InheritDocstrings(type):
                  and len(key) > 4) or
                 not key.startswith('_'))
 
+        for key, val in dct.items():
+            if (is_public_member(key) and getattr(val, '__doc__', None) is None):
+                # Determine the target function object that should receive the
+                # inherited docstring. For plain functions this is the function
+                # itself; for properties use the fget; for classmethod/staticmethod
+                # use the underlying __func__.
+                target = None
+                if inspect.isfunction(val):
+                    target = val
+                elif isinstance(val, property):
+                    target = val.fget
+                elif isinstance(val, (classmethod, staticmethod)):
+                    target = val.__func__
+                if target is None:
+                    continue
+
+                for base in cls.__mro__[1:]:
+                    super_method = getattr(base, key, None)
+                    if super_method is not None:
+                        # Prefer the descriptor's __doc__, but fall back to
+                        # underlying function docstrings for descriptors.
+                        doc = getattr(super_method, '__doc__', None)
+                        if doc is None:
+                            if isinstance(super_method, property) and super_method.fget is not None:
+                                doc = super_method.fget.__doc__
+                            elif isinstance(super_method, (classmethod, staticmethod)) and getattr(super_method, '__func__', None) is not None:
+                                doc = super_method.__func__.__doc__
+                        if doc:
+                            target.__doc__ = doc
+                            break
+
+        super().__init__(name, bases, dct)
         for key, val in dct.items():
             if (inspect.isfunction(val) and
                 is_public_member(key) and
Saved trajectory to 'results18/django__django-14053/django__django-14053.traj.json'
Completed instance django__django-14053, result: diff --git a/django/contrib/staticfiles/storage.py b/django/contrib/staticfiles/storage.py
index 494890cc23..cd479efca9 100644
--- a/django/contrib/staticfiles/storage.py
+++ b/django/contrib/staticfiles/storage.py
@@ -164,59 +164,68 @@ class HashedFilesMixin:
 
             # Ignore absolute/protocol-relative and data-uri URLs.
             if re.match(r'^[a-z]+:', url):
-                return matched
-
-            # Ignore absolute URLs that don't point to a static file (dynamic
-            # CSS / JS?). Note that STATIC_URL cannot be empty.
-            if url.startswith('/') and not url.startswith(settings.STATIC_URL):
-                return matched
-
-            # Strip off the fragment so a path-like fragment won't interfere.
-            url_path, fragment = urldefrag(url)
-
-            if url_path.startswith('/'):
-                # Otherwise the condition above would have returned prematurely.
-                assert url_path.startswith(settings.STATIC_URL)
-                target_name = url_path[len(settings.STATIC_URL):]
-            else:
-                # We're using the posixpath module to mix paths and URLs conveniently.
-                source_name = name if os.sep == '/' else name.replace(os.sep, '/')
-                target_name = posixpath.join(posixpath.dirname(source_name), url_path)
-
-            # Determine the hashed name of the target file with the storage backend.
-            hashed_url = self._url(
-                self._stored_name, unquote(target_name),
-                force=True, hashed_files=hashed_files,
-            )
-
-            transformed_url = '/'.join(url_path.split('/')[:-1] + hashed_url.split('/')[-1:])
-
+transformed_url = '/'.join(url_path.split('/')[:-1] + hashed_url.split('/')[-1:])
             # Restore the fragment that was stripped off earlier.
             if fragment:
                 transformed_url += ('?#' if '?#' in url else '#') + fragment
-
             # Return the hashed version to the file
             return template % unquote(transformed_url)
-
+        
         return converter
-
+        
     def post_process(self, paths, dry_run=False, **options):
         """
         Post process the given dictionary of files (called from collectstatic).
-
+        
         Processing is actually two separate operations:
-
+        
         1. renaming files to include a hash of their content for cache-busting,
            and copying those files to the target storage.
         2. adjusting files which contain references to other files so they
            refer to the cache-busting filenames.
-
+        
         If either of these are performed on a file, then that file is considered
         post-processed.
         """
         # don't even dare to process the files if we're in dry run mode
         if dry_run:
             return
+        
+        # where to store the new paths
+        hashed_files = {}
+        yielded_names = set()
+        
+        # build a list of adjustable files
+        adjustable_paths = [
+            path for path in paths
+            if matches_patterns(path, self._patterns)
+        ]
+        # Do a single pass first. Post-process all files once, then repeat for
+        # adjustable files.
+        for name, hashed_name, processed, _ in self._post_process(paths, adjustable_paths, hashed_files):
+            if name not in yielded_names:
+                yield name, hashed_name, processed
+                yielded_names.add(name)
+        
+        paths = {path: paths[path] for path in adjustable_paths}
+        
+        for i in range(self.max_post_process_passes):
+            substitutions = False
+            for name, hashed_name, processed, subst in self._post_process(paths, adjustable_paths, hashed_files):
+                if name not in yielded_names:
+                    yield name, hashed_name, processed
+                    yielded_names.add(name)
+                substitutions = substitutions or subst
+        
+            if not substitutions:
+                break
+        
+        if substitutions:
+            yield 'All', None, RuntimeError('Max post-process passes exceeded.')
+        
+        # Store the processed paths
+        self.hashed_files.update(hashed_files)
+            return
 
         # where to store the new paths
         hashed_files = {}
Saved trajectory to 'results18/django__django-7530/django__django-7530.traj.json'
Completed instance django__django-7530, result: diff --git a/django/core/management/commands/makemigrations.py b/django/core/management/commands/makemigrations.py
index 0b39536f5b..ec7d449279 100644
--- a/django/core/management/commands/makemigrations.py
+++ b/django/core/management/commands/makemigrations.py
@@ -92,9 +92,8 @@ class Command(BaseCommand):
             sys.exit(2)
 
         # Load the current graph state. Pass in None for the connection so
-        # the loader doesn't try to resolve replaced migrations from DB.
-        loader = MigrationLoader(None, ignore_no_migrations=True)
-
+loader = MigrationLoader(None, ignore_no_migrations=True)
+        
         # Raise an error if any migrations are applied before their dependencies.
         consistency_check_labels = set(config.label for config in apps.get_app_configs())
         # Non-default databases are only checked if database routers used.
@@ -105,7 +104,7 @@ class Command(BaseCommand):
                     # At least one model must be migrated to the database.
                     router.allow_migrate(connection.alias, app_label, model_name=model._meta.object_name)
                     for app_label in consistency_check_labels
-                    for model in apps.get_models(app_label)
+                    for model in apps.get_app_config(app_label).get_models()
             )):
                 loader.check_consistent_history(connection)
Saved trajectory to 'results18/django__django-13297/django__django-13297.traj.json'
Completed instance django__django-13297, result: diff --git a/django/views/generic/base.py b/django/views/generic/base.py
index ea5baca08d..1e6d201fef 100644
--- a/django/views/generic/base.py
+++ b/django/views/generic/base.py
@@ -11,11 +11,8 @@ from django.template.response import TemplateResponse
 from django.urls import reverse
 from django.utils.decorators import classonlymethod
 from django.utils.deprecation import RemovedInDjango40Warning
-from django.utils.functional import SimpleLazyObject
-
 logger = logging.getLogger('django.request')
 
-
 class ContextMixin:
     """
     A default context mixin that passes the keyword arguments received by
@@ -27,6 +24,23 @@ class ContextMixin:
         kwargs.setdefault('view', self)
         if self.extra_context is not None:
             kwargs.update(self.extra_context)
+        # Resolve SimpleLazyObject values in kwargs so downstream users (e.g. ORM filters)
+        # receive the underlying objects instead of lazy proxies which may cause errors.
+        for key, value in list(kwargs.items()):
+            if isinstance(value, SimpleLazyObject):
+                try:
+                    # Force evaluation of the lazy object.
+                    value._setup()
+                except Exception:
+                    # If _setup() fails or is already evaluated, ignore and fall back.
+                    pass
+                try:
+                    kwargs[key] = value._wrapped
+                except Exception:
+                    # As a last resort, leave the original lazy object in place.
+                    kwargs[key] = value
+        return kwargs
+            kwargs.update(self.extra_context)
         return kwargs
Saved trajectory to 'results18/django__django-16631/django__django-16631.traj.json'
Completed instance django__django-16631, result: diff --git a/docs/ref/settings.txt b/docs/ref/settings.txt
index 41387886c0..1e10efcc40 100644
--- a/docs/ref/settings.txt
+++ b/docs/ref/settings.txt
@@ -2265,23 +2265,75 @@ Django will refuse to start if :setting:`SECRET_KEY` is not set.
     Running Django with a known :setting:`SECRET_KEY` defeats many of Django's
     security protections, and can lead to privilege escalation and remote code
     execution vulnerabilities.
-
-The secret key is used for:
-
-* All :doc:`sessions </topics/http/sessions>` if you are using
-  any other session backend than ``django.contrib.sessions.backends.cache``,
-  or are using the default
-  :meth:`~django.contrib.auth.models.AbstractBaseUser.get_session_auth_hash()`.
-* All :doc:`messages </ref/contrib/messages>` if you are using
-  :class:`~django.contrib.messages.storage.cookie.CookieStorage` or
-  :class:`~django.contrib.messages.storage.fallback.FallbackStorage`.
-* All :class:`~django.contrib.auth.views.PasswordResetView` tokens.
-* Any usage of :doc:`cryptographic signing </topics/signing>`, unless a
-  different key is provided.
-
-When a secret key is no longer set as :setting:`SECRET_KEY` or contained within
-:setting:`SECRET_KEY_FALLBACKS` all of the above will be invalidated. When
-rotating your secret key, you should move the old key to
+2268  The secret key is used for:
+        
+  2269  * All :doc:`sessions </topics/http/sessions>` if you are using
+  2270    any other session backend than ``django.contrib.sessions.backends.cache``,
+  2271    or are using the default
+  2272    :meth:`~django.contrib.auth.models.AbstractBaseUser.get_session_auth_hash()`.
+  2273  * All :doc:`messages </ref/contrib/messages>` if you are using
+  2274    :class:`~django.contrib.messages.storage.cookie.CookieStorage` or
+  2275    :class:`~django.contrib.messages.storage.fallback.FallbackStorage`.
+  2276  * All :class:`~django.contrib.auth.views.PasswordResetView` tokens.
+  2277  * Any usage of :doc:`cryptographic signing </topics/signing>`, unless a
+  2278    different key is provided.
+        
+  2279  When a secret key is no longer set as :setting:`SECRET_KEY` or contained within
+  2280  :setting:`SECRET_KEY_FALLBACKS` all of the above will be invalidated. When
+  2281  rotating your secret key, you should move the old key to
+  2282  :setting:`SECRET_KEY_FALLBACKS` temporarily. Secret keys are not used for
+  2283  passwords of users and key rotation will not affect them.
+  2284  
+  2285  .. note::
+  2286  
+  2287      The default :file:`settings.py` file created by :djadmin:`django-admin
+  2288      startproject <startproject>` creates a unique ``SECRET_KEY`` for
+  2289      convenience.
+        
+  2290  .. setting:: SECRET_KEY_FALLBACKS
+        
+  2291  ``SECRET_KEY_FALLBACKS``
+  2292  ------------------------
+        
+  2293  Default: ``[]``
+        
+  2294  A list of fallback secret keys for a particular Django installation. These are
+  2295  used to allow rotation of the ``SECRET_KEY``.
+        
+  2296  In order to rotate your secret keys, set a new ``SECRET_KEY`` and move the
+  2297  previous value to the beginning of ``SECRET_KEY_FALLBACKS``. Then remove the
+  2298  old values from the end of the ``SECRET_KEY_FALLBACKS`` when you are ready to
+  2299  expire the sessions, password reset tokens, and so on, that make use of them.
+        
+  2300  .. note::
+        
+  2301      Signing operations are computationally expensive. Having multiple old key
+  2302      values in ``SECRET_KEY_FALLBACKS`` adds additional overhead to all checks
+  2303      that don't match an earlier key.
+        
+  2304  A note about rotation and fallbacks
+  2305  ------------------------------
+  2306  
+  2307  The signing framework (``django.core.signing`` and classes that use it,
+  2308  such as cookie signers returned by :func:`django.core.signing.get_cookie_signer`)
+  2309  supports ``SECRET_KEY_FALLBACKS``: Signer instances will try the current
+  2310  :setting:`SECRET_KEY` and then any keys listed in ``SECRET_KEY_FALLBACKS`` when
+  2311  validating signatures. However, not all code that derives HMACs consults
+  2312  ``SECRET_KEY_FALLBACKS``. Some utilities (for example
+  2313  :meth:`~django.contrib.auth.models.AbstractBaseUser.get_session_auth_hash`)
+  2314  call :func:`django.utils.crypto.salted_hmac` without providing an explicit
+  2315  ``secret`` argument; ``salted_hmac`` defaults to using
+  2316  :setting:`SECRET_KEY` only and therefore will not try fallback keys. As a
+  2317  result, rotating the ``SECRET_KEY`` can still invalidate values produced by
+  2318  such code even if the old key is present in ``SECRET_KEY_FALLBACKS``.
+  2319  
+  2320  For safe key rotation in multi-instance deployments, consider a phased rollout:
+  2321  set the new ``SECRET_KEY`` on some instances while keeping the old key as
+  2322  the current ``SECRET_KEY`` on others, or ensure any components that compute
+  2323  HMACs directly (not via the signing framework) are updated to accept explicit
+  2324  secrets or otherwise coordinate the rotation. Remove old keys from
+  2325  ``SECRET_KEY_FALLBACKS`` once you are confident the values signed with them
+  2326  have expired.
 :setting:`SECRET_KEY_FALLBACKS` temporarily. Secret keys are not used for
 passwords of users and key rotation will not affect them.
Saved trajectory to 'results18/django__django-12406/django__django-12406.traj.json'
Completed instance django__django-12406, result: diff --git a/django/forms/widgets.py b/django/forms/widgets.py
index 40ac1d3162..109957d88f 100644
--- a/django/forms/widgets.py
+++ b/django/forms/widgets.py
@@ -743,15 +743,22 @@ class SelectMultiple(Select):
 
     def value_from_datadict(self, data, files, name):
         try:
-            getter = data.getlist
-        except AttributeError:
-            getter = data.get
-        return getter(name)
+class RadioSelect(ChoiceWidget):
+    input_type = 'radio'
+    template_name = 'django/forms/widgets/radio.html'
+    option_template_name = 'django/forms/widgets/radio_option.html'
 
-    def value_omitted_from_data(self, data, files, name):
-        # An unselected <select multiple> doesn't appear in POST data, so it's
-        # never known if the value is actually omitted.
-        return False
+    def format_value(self, value):
+        """
+        For radio widgets, treat an uninitialized value (None) as no selection
+        so that an empty choice isn't rendered as a checked radio by default.
+        """
+        if value is None:
+            return []
+        return super().format_value(value)
+
+            return []
+        return super().format_value(value)
 
 
 class RadioSelect(ChoiceWidget):
Saved trajectory to 'results18/sphinx-doc__sphinx-7590/sphinx-doc__sphinx-7590.traj.json'
Completed instance sphinx-doc__sphinx-7590, result: diff --git a/sphinx/domains/cpp.py b/sphinx/domains/cpp.py
index fe52d881d..919fbcd8d 100644
--- a/sphinx/domains/cpp.py
+++ b/sphinx/domains/cpp.py
@@ -817,62 +817,98 @@ class ASTBooleanLiteral(ASTLiteral):
         else:
             return 'L0E'
 
-    def describe_signature(self, signode: TextElement, mode: str,
-                           env: "BuildEnvironment", symbol: "Symbol") -> None:
-        signode.append(nodes.Text(str(self)))
+class ASTNumberLiteral(ASTLiteral):
+      def __init__(self, data: str) -> None:
+          self.data = data
 
+      def _stringify(self, transform: StringifyTransform) -> str:
+          return self.data
 
-class ASTNumberLiteral(ASTLiteral):
-    def __init__(self, data: str) -> None:
-        self.data = data
+      def get_id(self, version: int) -> str:
+          return "L%sE" % self.data
 
-    def _stringify(self, transform: StringifyTransform) -> str:
-        return self.data
+      def describe_signature(self, signode: TextElement, mode: str,
+                             env: "BuildEnvironment", symbol: "Symbol") -> None:
+          txt = str(self)
+          signode.append(nodes.Text(txt, txt))
 
-    def get_id(self, version: int) -> str:
-        return "L%sE" % self.data
 
-    def describe_signature(self, signode: TextElement, mode: str,
-                           env: "BuildEnvironment", symbol: "Symbol") -> None:
-        txt = str(self)
-        signode.append(nodes.Text(txt, txt))
+  class ASTStringLiteral(ASTLiteral):
+      def __init__(self, data: str) -> None:
+          self.data = data
 
+      def _stringify(self, transform: StringifyTransform) -> str:
+          return self.data
 
-class ASTStringLiteral(ASTLiteral):
-    def __init__(self, data: str) -> None:
-        self.data = data
+      def get_id(self, version: int) -> str:
+          # note: the length is not really correct with escaping
+          return "LA%d_KcE" % (len(self.data) - 2)
 
-    def _stringify(self, transform: StringifyTransform) -> str:
-        return self.data
+      def describe_signature(self, signode: TextElement, mode: str,
+                             env: "BuildEnvironment", symbol: "Symbol") -> None:
+          txt = str(self)
+          signode.append(nodes.Text(txt, txt))
 
-    def get_id(self, version: int) -> str:
-        # note: the length is not really correct with escaping
-        return "LA%d_KcE" % (len(self.data) - 2)
 
-    def describe_signature(self, signode: TextElement, mode: str,
-                           env: "BuildEnvironment", symbol: "Symbol") -> None:
-        txt = str(self)
-        signode.append(nodes.Text(txt, txt))
+  class ASTCharLiteral(ASTLiteral):
+      def __init__(self, prefix: str, data: str) -> None:
+          self.prefix = prefix  # may be None when no prefix
+          self.data = data
+          assert prefix in _id_char_from_prefix
+          self.type = _id_char_from_prefix[prefix]
+          decoded = data.encode().decode('unicode-escape')
+          if len(decoded) == 1:
+              self.value = ord(decoded)
+          else:
+              raise UnsupportedMultiCharacterCharLiteral(decoded)
 
+      def _stringify(self, transform: StringifyTransform) -> str:
+          if self.prefix is None:
+              return "'" + self.data + "'"
+          else:
+              return self.prefix + "'" + self.data + "'"
 
-class ASTCharLiteral(ASTLiteral):
-    def __init__(self, prefix: str, data: str) -> None:
-        self.prefix = prefix  # may be None when no prefix
-        self.data = data
-        assert prefix in _id_char_from_prefix
-        self.type = _id_char_from_prefix[prefix]
-        decoded = data.encode().decode('unicode-escape')
-        if len(decoded) == 1:
-            self.value = ord(decoded)
-        else:
-            raise UnsupportedMultiCharacterCharLiteral(decoded)
+      def get_id(self, version: int) -> str:
+          return self.type + str(self.value)
 
-    def _stringify(self, transform: StringifyTransform) -> str:
-        if self.prefix is None:
-            return "'" + self.data + "'"
-        else:
-            return self.prefix + "'" + self.data + "'"
+      def describe_signature(self, signode: TextElement, mode: str,
+                             env: "BuildEnvironment", symbol: "Symbol") -> None:
+          txt = str(self)
+          signode.append(nodes.Text(txt, txt))
+
+
+  class ASTUserDefinedLiteral(ASTLiteral):
+      def __init__(self, literal: str, suffix: str) -> None:
+          # literal: the textual literal (number, char, or string) as it appears
+          # suffix: the user-defined-literal suffix (e.g., _J, _km)
+          self.literal = literal
+          self.suffix = suffix
+
+      def _stringify(self, transform: StringifyTransform) -> str:
+          return self.literal + self.suffix
+
+      def get_id(self, version: int) -> str:
+          # produce a compact, deterministic id combining literal and suffix
+          lit = self.literal.replace(' ', '_')
+          suf = self.suffix.replace(' ', '_')
+          return "L%s_%sE" % (lit, suf)
 
+      def describe_signature(self, signode: TextElement, mode: str,
+                             env: "BuildEnvironment", symbol: "Symbol") -> None:
+          txt = str(self)
+          signode.append(nodes.Text(txt, txt))
+
+
+  class ASTThisLiteral(ASTExpression):
+      def _stringify(self, transform: StringifyTransform) -> str:
+          return "this"
+
+      def get_id(self, version: int) -> str:
+          return "fpT"
+
+      def describe_signature(self, signode: TextElement, mode: str,
+                             env: "BuildEnvironment", symbol: "Symbol") -> None:
+          signode.append(nodes.Text("this"))
     def get_id(self, version: int) -> str:
         return self.type + str(self.value)
 
@@ -4617,33 +4653,7 @@ class DefinitionParser(BaseParser):
         return 'C++'
 
     @property
-    def id_attributes(self):
-        return self.config.cpp_id_attributes
-
-    @property
-    def paren_attributes(self):
-        return self.config.cpp_paren_attributes
-
-    def _parse_string(self) -> str:
-        if self.current_char != '"':
-            return None
-        startPos = self.pos
-        self.pos += 1
-        escape = False
-        while True:
-            if self.eof:
-                self.fail("Unexpected end during inside string.")
-            elif self.current_char == '"' and not escape:
-                self.pos += 1
-                break
-            elif self.current_char == '\\':
-                escape = True
-            else:
-                escape = False
-            self.pos += 1
-        return self.definition[startPos:self.pos]
-
-    def _parse_literal(self) -> ASTLiteral:
+def _parse_literal(self) -> ASTLiteral:
         # -> integer-literal
         #  | character-literal
         #  | floating-literal
@@ -4662,18 +4672,54 @@ class DefinitionParser(BaseParser):
                       integer_literal_re, octal_literal_re]:
             pos = self.pos
             if self.match(regex):
+                # consume standard suffix letters like u, l, f
                 while self.current_char in 'uUlLfF':
                     self.pos += 1
-                return ASTNumberLiteral(self.definition[pos:self.pos])
-
+                literal_text = self.definition[pos:self.pos]
+                # check for a user-defined-literal suffix immediately after the literal
+                if self.current_char is not None and (self.current_char.isalpha() or self.current_char == '_'):
+                    start = self.pos
+                    while self.current_char is not None and (self.current_char.isalnum() or self.current_char == '_'):
+                        self.pos += 1
+                    suffix = self.definition[start:self.pos]
+                    return ASTUserDefinedLiteral(literal_text, suffix)
+                return ASTNumberLiteral(literal_text)
+    
         string = self._parse_string()
         if string is not None:
+            # check for user-defined-literal suffix immediately after string-literal
+            if self.current_char is not None and (self.current_char.isalpha() or self.current_char == '_'):
+                start = self.pos
+                while self.current_char is not None and (self.current_char.isalnum() or self.current_char == '_'):
+                    self.pos += 1
+                suffix = self.definition[start:self.pos]
+                return ASTUserDefinedLiteral(string, suffix)
             return ASTStringLiteral(string)
-
+    
         # character-literal
+        pos = self.pos
         if self.match(char_literal_re):
             prefix = self.last_match.group(1)  # may be None when no prefix
             data = self.last_match.group(2)
+            literal_text = self.definition[pos:self.pos]
+            try:
+                char_node = ASTCharLiteral(prefix, data)
+            except UnicodeDecodeError as e:
+                self.fail("Can not handle character literal. Internal error was: %s" % e)
+            except UnsupportedMultiCharacterCharLiteral:
+                self.fail("Can not handle character literal"
+                          " resulting in multiple decoded characters.")
+            # check for UDL suffix immediately after char literal
+            if self.current_char is not None and (self.current_char.isalpha() or self.current_char == '_'):
+                start = self.pos
+                while self.current_char is not None and (self.current_char.isalnum() or self.current_char == '_'):
+                    self.pos += 1
+                suffix = self.definition[start:self.pos]
+                return ASTUserDefinedLiteral(literal_text, suffix)
+            return char_node
+    
+        # no literal found
+        return None
             try:
                 return ASTCharLiteral(prefix, data)
             except UnicodeDecodeError as e:
Saved trajectory to 'results18/sphinx-doc__sphinx-9230/sphinx-doc__sphinx-9230.traj.json'
Completed instance sphinx-doc__sphinx-9230, result: diff --git a/sphinx/ext/napoleon/docstring.py b/sphinx/ext/napoleon/docstring.py
index d8cb75a5f..c5333317c 100644
--- a/sphinx/ext/napoleon/docstring.py
+++ b/sphinx/ext/napoleon/docstring.py
@@ -20,7 +20,7 @@ from sphinx.application import Sphinx
 from sphinx.config import Config as SphinxConfig
 from sphinx.ext.napoleon.iterators import modify_iter
 from sphinx.locale import _, __
-from sphinx.util import logging
+_google_typed_arg_regex = re.compile(r'(.+?)\(\s*(.*[^\s]+)\s*\)\s*$')
 from sphinx.util.inspect import stringify_annotation
 from sphinx.util.typing import get_type_hints
