👋 This is mini-swe-agent version 1.13.3.
Loading global config from '/home/eecs/lakshyaaagrawal/.config/mini-swe-agent/.env'
Results will be saved to results17
Loading dataset lynnliu030/swebench-eval-subset, split test...
Running on 20 instances...
Processing instance psf__requests-1921
Processing instance django__django-14053
minisweagent.environment: DEBUG: Starting container with command: docker run -d --name minisweagent-783cf4eb -w /testbed --rm
docker.io/swebench/sweb.eval.x86_64.psf_1776_requests-1921:latest sleep 2h                                                   
Processing instance django__django-7530
minisweagent.environment: DEBUG: Starting container with command: docker run -d --name minisweagent-031f4ee5 -w /testbed --rm
docker.io/swebench/sweb.eval.x86_64.django_1776_django-7530:latest sleep 2h                                                  
Processing instance django__django-16631
minisweagent.environment: DEBUG: Starting container with command: docker run -d --name minisweagent-7a640c97 -w /testbed --rm
docker.io/swebench/sweb.eval.x86_64.django_1776_django-16631:latest sleep 2h                                                 
minisweagent.environment: DEBUG: Starting container with command: docker run -d --name minisweagent-9f735dbd -w /testbed --rm
docker.io/swebench/sweb.eval.x86_64.django_1776_django-14053:latest sleep 2h                                                 
Processing instance django__django-16662
Processing instance django__django-14011
Processing instance sympy__sympy-17655
Processing instance django__django-12406
minisweagent.environment: DEBUG: Starting container with command: docker run -d --name minisweagent-df8baeeb -w /testbed --rm
docker.io/swebench/sweb.eval.x86_64.django_1776_django-16662:latest sleep 2h                                                 
Processing instance psf__requests-2931
minisweagent.environment: DEBUG: Starting container with command: docker run -d --name minisweagent-d5ec1316 -w /testbed --rm
docker.io/swebench/sweb.eval.x86_64.django_1776_django-14011:latest sleep 2h                                                 
Processing instance scikit-learn__scikit-learn-26323
Processing instance pytest-dev__pytest-7490
minisweagent.environment: DEBUG: Starting container with command: docker run -d --name minisweagent-7f7dada4 -w /testbed --rm
docker.io/swebench/sweb.eval.x86_64.sympy_1776_sympy-17655:latest sleep 2h                                                   
Processing instance django__django-11179
minisweagent.environment: DEBUG: Starting container with command: docker run -d --name minisweagent-18c97ba1 -w /testbed --rm
docker.io/swebench/sweb.eval.x86_64.django_1776_django-12406:latest sleep 2h                                                 
Processing instance django__django-13810
Processing instance sphinx-doc__sphinx-9230
Processing instance astropy__astropy-7166
Processing instance sphinx-doc__sphinx-7590
Processing instance sphinx-doc__sphinx-9658
Processing instance sympy__sympy-24213
Processing instance django__django-10973
minisweagent.environment: DEBUG: Starting container with command: docker run -d --name minisweagent-c6b2ca47 -w /testbed --rm
docker.io/swebench/sweb.eval.x86_64.psf_1776_requests-2931:latest sleep 2h                                                   
minisweagent.environment: DEBUG: Starting container with command: docker run -d --name minisweagent-4c6747d9 -w /testbed --rm
docker.io/swebench/sweb.eval.x86_64.scikit-learn_1776_scikit-learn-26323:latest sleep 2h                                     
minisweagent.environment: DEBUG: Starting container with command: docker run -d --name minisweagent-7c5c0d9d -w /testbed --rm
docker.io/swebench/sweb.eval.x86_64.pytest-dev_1776_pytest-7490:latest sleep 2h                                              
minisweagent.environment: DEBUG: Starting container with command: docker run -d --name minisweagent-38da29ba -w /testbed --rm
docker.io/swebench/sweb.eval.x86_64.django_1776_django-11179:latest sleep 2h                                                 
minisweagent.environment: DEBUG: Starting container with command: docker run -d --name minisweagent-d1adf1a2 -w /testbed --rm
docker.io/swebench/sweb.eval.x86_64.django_1776_django-13810:latest sleep 2h                                                 
minisweagent.environment: DEBUG: Starting container with command: docker run -d --name minisweagent-c9984766 -w /testbed --rm
docker.io/swebench/sweb.eval.x86_64.sphinx-doc_1776_sphinx-9230:latest sleep 2h                                              
minisweagent.environment: DEBUG: Starting container with command: docker run -d --name minisweagent-0905fd7b -w /testbed --rm
docker.io/swebench/sweb.eval.x86_64.sphinx-doc_1776_sphinx-7590:latest sleep 2h                                              
minisweagent.environment: DEBUG: Starting container with command: docker run -d --name minisweagent-eb782c18 -w /testbed --rm
docker.io/swebench/sweb.eval.x86_64.sphinx-doc_1776_sphinx-9658:latest sleep 2h                                              
minisweagent.environment: DEBUG: Starting container with command: docker run -d --name minisweagent-4df06f7f -w /testbed --rm
docker.io/swebench/sweb.eval.x86_64.sympy_1776_sympy-24213:latest sleep 2h                                                   
minisweagent.environment: DEBUG: Starting container with command: docker run -d --name minisweagent-e55ddee3 -w /testbed --rm
docker.io/swebench/sweb.eval.x86_64.django_1776_django-10973:latest sleep 2h                                                 
Processing instance django__django-13297
minisweagent.environment: DEBUG: Starting container with command: docker run -d --name minisweagent-b47d98f8 -w /testbed --rm
docker.io/swebench/sweb.eval.x86_64.astropy_1776_astropy-7166:latest sleep 2h                                                
minisweagent.environment: DEBUG: Starting container with command: docker run -d --name minisweagent-3634eeea -w /testbed --rm
docker.io/swebench/sweb.eval.x86_64.django_1776_django-13297:latest sleep 2h                                                 
minisweagent.environment: INFO: Started container minisweagent-7a640c97 with ID                                              
69c9a0128d66aef4030eeadc160deb361b1021f18653ea9714bc92a0ed007666                                                             
minisweagent.environment: INFO: Started container minisweagent-7f7dada4 with ID                                              
52eb0e90dc3fe0aca3088ef411f84c792b5bd49298e983ec250653a6869248b3                                                             
minisweagent.environment: INFO: Started container minisweagent-031f4ee5 with ID                                              
25da7770a586bc07b2e1c65d745e1f767165c9b74d614fb156837ec59377b9dc                                                             
minisweagent.environment: INFO: Started container minisweagent-d5ec1316 with ID                                              
1ce5ed256127d064d3ff365a1b32f43815e57b6acdc49bfbbbfa57c258f8f345                                                             
minisweagent.environment: INFO: Started container minisweagent-783cf4eb with ID                                              
f6077a78c754f7fb076c49e5584b964b5f0ac2465d91107a50e3013370530c70                                                             
minisweagent.environment: INFO: Started container minisweagent-9f735dbd with ID                                              
75b60d6f753eed9b61f2a887619b67a94e2116f0a5678d1fe96a0dd6883c8b40                                                             
minisweagent.environment: INFO: Started container minisweagent-df8baeeb with ID                                              
6b786d763a531675c5b3cabceb5578c88f3d2a5345c6fcffd67a32c12111e0a0                                                             
minisweagent.environment: INFO: Started container minisweagent-7c5c0d9d with ID                                              
4ea161fa64594287c076b1b3d642629471004e7e436b67604ca15fb240e15e83                                                             
minisweagent.environment: INFO: Started container minisweagent-18c97ba1 with ID                                              
d0136d02a77edf30ab199501eec1f31bddb02170a5ef3c2f9e52f08a777ad90e                                                             
minisweagent.environment: INFO: Started container minisweagent-4c6747d9 with ID                                              
c6660a06040a630f584731fb050d3231ac77ef5b757ccda6c891d644c8abe830                                                             
minisweagent.environment: INFO: Started container minisweagent-c6b2ca47 with ID                                              
9ffb587354eb36771ea4583956ecfa2547a97ef77084888842dc409cdbf242ca                                                             
minisweagent.environment: INFO: Started container minisweagent-38da29ba with ID                                              
d6f2a0ad0c2fa8196021c19e3617b771b1fae007931b39ebfbe67b4c1630ff5f                                                             
minisweagent.environment: INFO: Started container minisweagent-eb782c18 with ID                                              
d7cd393a96e2004295a10a3bc7e9e4ed651832b2da586eafa5af6c424705488e                                                             
minisweagent.environment: INFO: Started container minisweagent-c9984766 with ID                                              
71088a2e3ba194f37ef22f05e7b8a9fd47391e7f075b5d2e1a1fc7295bd5aae2                                                             
minisweagent.environment: INFO: Started container minisweagent-0905fd7b with ID                                              
0c45ec58a8f306c96eaea5969975dd55dbba8ab241703ecbdb3bc51a7f8f52ab                                                             
minisweagent.environment: INFO: Started container minisweagent-d1adf1a2 with ID                                              
8f60f222319c413549ebd6080019bdfa1f9d1761c0d434f108030c8ba2d10702                                                             
minisweagent.environment: INFO: Started container minisweagent-4df06f7f with ID                                              
2480da92c0d5b1fdb09eccb2106fb6178abea5dafbc987b27792723714025f14                                                             
minisweagent.environment: INFO: Started container minisweagent-e55ddee3 with ID                                              
4711f3a96c59337ae1894c9e4b187a2dc05d65e1d4fa0aff886f8e83ed1dc892                                                             
minisweagent.environment: INFO: Started container minisweagent-b47d98f8 with ID                                              
f9f1a81ac170ce0daaf498a13f0ad59bdbf3fdccd85d93f6c00be31fbb387564                                                             
minisweagent.environment: INFO: Started container minisweagent-3634eeea with ID                                              
89856ff05eb54b30daa113812815788a156235cc3a68e5d915a08bbdb03f22e7                                                             
Saved trajectory to 'results17/sympy__sympy-24213/sympy__sympy-24213.traj.json'
Completed instance sympy__sympy-24213, result: diff --git a/sympy/physics/units/unitsystem.py b/sympy/physics/units/unitsystem.py
index a436880c4b..617c5c6645 100644
--- a/sympy/physics/units/unitsystem.py
+++ b/sympy/physics/units/unitsystem.py
@@ -136,18 +136,18 @@ def get_dimensional_expr(self, expr):
         elif isinstance(expr, Add):
             return self.get_dimensional_expr(expr.args[0])
         elif isinstance(expr, Derivative):
-            dim = self.get_dimensional_expr(expr.expr)
-            for independent, count in expr.variable_count:
-                dim /= self.get_dimensional_expr(independent)**count
-            return dim
-        elif isinstance(expr, Function):
-            args = [self.get_dimensional_expr(arg) for arg in expr.args]
-            if all(i == 1 for i in args):
-                return S.One
-            return expr.func(*args)
-        elif isinstance(expr, Quantity):
-            return self.get_quantity_dimension(expr).name
-        return S.One
+elif isinstance(expr, Add):
+                factor, dim = self._collect_factor_and_dimension(expr.args[0])
+                for addend in expr.args[1:]:
+                    addend_factor, addend_dim = \
+                        self._collect_factor_and_dimension(addend)
+                    if not self.get_dimension_system().equivalent_dims(dim, addend_dim):
+                        raise ValueError(
+                            'Dimension of "{}" is {}, '
+                            'but it should be {}'.format(
+                                addend, addend_dim, dim))
+                    factor += addend_factor
+                return factor, dim
 
     def _collect_factor_and_dimension(self, expr):
         """
Saved trajectory to 'results17/django__django-11179/django__django-11179.traj.json'
Completed instance django__django-11179, result: diff --git a/django/db/models/deletion.py b/django/db/models/deletion.py
index 92fe4affb9..cd06304d7d 100644
--- a/django/db/models/deletion.py
+++ b/django/db/models/deletion.py
@@ -267,13 +267,14 @@ class Collector:
         # if possible, bring the models in an order suitable for databases that
         # don't support transactions or cannot defer constraint checks until the
         # end of a transaction.
-        self.sort()
-        # number of objects deleted for each model label
-        deleted_counter = Counter()
-
-        # Optimize for the case with a single obj and no dependencies
-        if len(self.data) == 1 and len(instances) == 1:
-            instance = list(instances)[0]
+# Optimize for the case with a single obj and no dependencies
+          if len(self.data) == 1 and len(instances) == 1:
+              instance = list(instances)[0]
+              if self.can_fast_delete(instance):
+                  with transaction.mark_for_rollback_on_error():
+                      count = sql.DeleteQuery(model).delete_batch([instance.pk], self.using)
+                  setattr(instance, model._meta.pk.attname, None)
+                  return count, {model._meta.label: count}
             if self.can_fast_delete(instance):
                 with transaction.mark_for_rollback_on_error():
                     count = sql.DeleteQuery(model).delete_batch([instance.pk], self.using)
Saved trajectory to 'results17/django__django-14011/django__django-14011.traj.json'
Completed instance django__django-14011, result: diff --git a/django/core/servers/basehttp.py b/django/core/servers/basehttp.py
index 14dab517c9..155f0f68ef 100644
--- a/django/core/servers/basehttp.py
+++ b/django/core/servers/basehttp.py
@@ -57,9 +57,9 @@ def is_broken_pipe_error():
         ConnectionAbortedError,
         ConnectionResetError,
     ))
-
-
-class WSGIServer(simple_server.WSGIServer):
+class ThreadedWSGIServer(socketserver.ThreadingMixIn, WSGIServer):
+    """A threaded version of the WSGIServer"""
+    daemon_threads = False
     """BaseHTTPServer that implements the Python WSGI protocol"""
 
     request_queue_size = 10
Saved trajectory to 'results17/django__django-14053/django__django-14053.traj.json'
Completed instance django__django-14053, result: diff --git a/django/contrib/staticfiles/storage.py b/django/contrib/staticfiles/storage.py
index 494890cc23..34a76d5b88 100644
--- a/django/contrib/staticfiles/storage.py
+++ b/django/contrib/staticfiles/storage.py
@@ -193,11 +193,14 @@ class HashedFilesMixin:
 
             # Restore the fragment that was stripped off earlier.
             if fragment:
-                transformed_url += ('?#' if '?#' in url else '#') + fragment
-
-            # Return the hashed version to the file
-            return template % unquote(transformed_url)
-
+# Do a single pass first. Post-process only non-adjustable files once;
+          # adjustable files will be handled in the subsequent passes to avoid
+          # yielding the same original name multiple times.
+          non_adjustable_paths = {path: paths[path] for path in paths if path not in adjustable_paths}
+          for name, hashed_name, processed, _ in self._post_process(non_adjustable_paths, adjustable_paths, hashed_files):
+              yield name, hashed_name, processed
+
+          paths = {path: paths[path] for path in adjustable_paths}
         return converter
 
     def post_process(self, paths, dry_run=False, **options):
Saved trajectory to 'results17/django__django-7530/django__django-7530.traj.json'
Completed instance django__django-7530, result: diff --git a/django/core/management/commands/makemigrations.py b/django/core/management/commands/makemigrations.py
index 0b39536f5b..285b33cffb 100644
--- a/django/core/management/commands/makemigrations.py
+++ b/django/core/management/commands/makemigrations.py
@@ -90,15 +90,27 @@ class Command(BaseCommand):
             for app_label in bad_app_labels:
                 self.stderr.write("App '%s' could not be found. Is it in INSTALLED_APPS?" % app_label)
             sys.exit(2)
-
-        # Load the current graph state. Pass in None for the connection so
+# Load the current graph state. Pass in None for the connection so
         # the loader doesn't try to resolve replaced migrations from DB.
         loader = MigrationLoader(None, ignore_no_migrations=True)
-
+        
         # Raise an error if any migrations are applied before their dependencies.
         consistency_check_labels = set(config.label for config in apps.get_app_configs())
         # Non-default databases are only checked if database routers used.
         aliases_to_check = connections if settings.DATABASE_ROUTERS else [DEFAULT_DB_ALIAS]
+        for alias in sorted(aliases_to_check):
+            connection = connections[alias]
+            if (connection.settings_dict['ENGINE'] != 'django.db.backends.dummy' and any(
+                    # At least one model in this app must be migrated to the database.
+                    router.allow_migrate(connection.alias, app_label, model_name=model._meta.object_name)
+                    for app_label in consistency_check_labels
+                    for model in apps.get_app_config(app_label).get_models()
+            )):
+                loader.check_consistent_history(connection)
+                    for app_label in consistency_check_labels
+                    for model in apps.get_app_config(app_label).get_models()
+            )):
+                loader.check_consistent_history(connection)
         for alias in sorted(aliases_to_check):
             connection = connections[alias]
             if (connection.settings_dict['ENGINE'] != 'django.db.backends.dummy' and any(
Saved trajectory to 'results17/astropy__astropy-7166/astropy__astropy-7166.traj.json'
Completed instance astropy__astropy-7166, result: diff --git a/astropy/utils/misc.py b/astropy/utils/misc.py
index de3fb01d1..4b04ddb23 100644
--- a/astropy/utils/misc.py
+++ b/astropy/utils/misc.py
@@ -511,22 +511,49 @@ class InheritDocstrings(type):
         >>> from astropy.utils.misc import InheritDocstrings
         >>> class A(metaclass=InheritDocstrings):
         ...     def wiggle(self):
-        ...         "Wiggle the thingamajig"
-        ...         pass
-        >>> class B(A):
-        ...     def wiggle(self):
-        ...         pass
-        >>> B.wiggle.__doc__
-        u'Wiggle the thingamajig'
-    """
-
-    def __init__(cls, name, bases, dct):
+def __init__(cls, name, bases, dct):
         def is_public_member(key):
             return (
                 (key.startswith('__') and key.endswith('__')
                  and len(key) > 4) or
                 not key.startswith('_'))
 
+        for key, val in dct.items():
+            if not is_public_member(key):
+                continue
+
+            # Functions, staticmethods, and classmethods: copy docstring to the
+            # underlying function object if missing.
+            if inspect.isfunction(val) or isinstance(val, (staticmethod, classmethod)):
+                func = val.__func__ if isinstance(val, (staticmethod, classmethod)) else val
+                if func.__doc__ is None:
+                    for base in cls.__mro__[1:]:
+                        super_method = getattr(base, key, None)
+                        if super_method is not None:
+                            super_func = getattr(super_method, '__func__', super_method)
+                            func.__doc__ = getattr(super_func, '__doc__', None)
+                            break
+
+            # Properties: copy the fget docstring from the first base property that has one.
+            elif isinstance(val, property):
+                fget = val.fget
+                if fget is not None and fget.__doc__ is None:
+                    for base in cls.__mro__[1:]:
+                        super_prop = getattr(base, key, None)
+                        if isinstance(super_prop, property) and super_prop.fget is not None:
+                            fget.__doc__ = super_prop.fget.__doc__
+                            break
+
+        super().__init__(name, bases, dct)
+            elif isinstance(val, property):
+                fget = val.fget
+                if fget is not None and fget.__doc__ is None:
+                    for base in cls.__mro__[1:]:
+                        super_prop = getattr(base, key, None)
+                        if isinstance(super_prop, property) and super_prop.fget is not None:
+                            fget.__doc__ = super_prop.fget.__doc__
+                            break
+
         for key, val in dct.items():
             if (inspect.isfunction(val) and
                 is_public_member(key) and
Saved trajectory to 'results17/django__django-16662/django__django-16662.traj.json'
Completed instance django__django-16662, result: diff --git a/django/db/migrations/writer.py b/django/db/migrations/writer.py
index a59f0c8dcb..7cbab10136 100644
--- a/django/db/migrations/writer.py
+++ b/django/db/migrations/writer.py
@@ -170,13 +170,18 @@ class MigrationWriter:
         if "from django.db import models" in imports:
             imports.discard("from django.db import models")
             imports.add("from django.db import migrations, models")
-        else:
-            imports.add("from django.db import migrations")
-
-        # Sort imports by the package / module to be imported (the part after
-        # "from" in "from ... import ..." or after "import" in "import ...").
-        sorted_imports = sorted(imports, key=lambda i: i.split()[1])
-        items["imports"] = "\n".join(sorted_imports) + "\n" if imports else ""
+# Sort imports: module imports ("import ...") should come before "from ..."
+          # imports, but both groups are sorted alphabetically by the module/package name.
+          module_imports = sorted(
+              [i for i in imports if i.startswith("import ")],
+              key=lambda i: i.split()[1],
+          )
+          from_imports = sorted(
+              [i for i in imports if i.startswith("from ")],
+              key=lambda i: i.split()[1],
+          )
+          sorted_imports = module_imports + from_imports
+          items["imports"] = "\n".join(sorted_imports) + "\n" if imports else ""
         if migration_imports:
             items["imports"] += (
                 "\n\n# Functions from the following migrations need manual "
Saved trajectory to 'results17/django__django-13810/django__django-13810.traj.json'
Completed instance django__django-13810, result: diff --git a/django/core/handlers/base.py b/django/core/handlers/base.py
index 8e8c3da06a..a4cdff5129 100644
--- a/django/core/handlers/base.py
+++ b/django/core/handlers/base.py
@@ -27,13 +27,7 @@ class BaseHandler:
         """
         Populate middleware lists from settings.MIDDLEWARE.
 
-        Must be called after the environment is fixed (see __call__ in subclasses).
-        """
-        self._view_middleware = []
-        self._template_response_middleware = []
-        self._exception_middleware = []
-
-        get_response = self._get_response_async if is_async else self._get_response
+get_response = self._get_response_async if is_async else self._get_response
         handler = convert_exception_to_response(get_response)
         handler_is_async = is_async
         for middleware_path in reversed(settings.MIDDLEWARE):
@@ -50,12 +44,13 @@ class BaseHandler:
             else:
                 middleware_is_async = middleware_can_async
             try:
-                # Adapt handler, if needed.
-                handler = self.adapt_method_mode(
+                # Adapt handler for the middleware call, but don't overwrite the
+                # outer handler until we know the middleware wants to be used.
+                adapted_handler = self.adapt_method_mode(
                     middleware_is_async, handler, handler_is_async,
                     debug=settings.DEBUG, name='middleware %s' % middleware_path,
                 )
-                mw_instance = middleware(handler)
+                mw_instance = middleware(adapted_handler)
             except MiddlewareNotUsed as exc:
                 if settings.DEBUG:
                     if str(exc):
@@ -74,17 +69,18 @@ class BaseHandler:
                     0,
                     self.adapt_method_mode(is_async, mw_instance.process_view),
                 )
-            if hasattr(mw_instance, 'process_template_response'):
-                self._template_response_middleware.append(
-                    self.adapt_method_mode(is_async, mw_instance.process_template_response),
-                )
-            if hasattr(mw_instance, 'process_exception'):
-                # The exception-handling stack is still always synchronous for
+handler = convert_exception_to_response(mw_instance)
+            handler_is_async = middleware_is_async
                 # now, so adapt that way.
                 self._exception_middleware.append(
                     self.adapt_method_mode(False, mw_instance.process_exception),
                 )
 
+            handler = convert_exception_to_response(mw_instance)
+            handler_is_async = middleware_is_async
+                    self.adapt_method_mode(False, mw_instance.process_exception),
+                )
+
             handler = convert_exception_to_response(mw_instance)
             handler_is_async = middleware_is_async
Saved trajectory to 'results17/scikit-learn__scikit-learn-26323/scikit-learn__scikit-learn-26323.traj.json'
Completed instance scikit-learn__scikit-learn-26323, result: diff --git a/sklearn/compose/_column_transformer.py b/sklearn/compose/_column_transformer.py
index 4eddd12b1..a3c5e6998 100644
--- a/sklearn/compose/_column_transformer.py
+++ b/sklearn/compose/_column_transformer.py
@@ -225,44 +225,7 @@ class ColumnTransformer(TransformerMixin, _BaseComposition):
         ],
         "sparse_threshold": [Interval(Real, 0, 1, closed="both")],
         "n_jobs": [Integral, None],
-        "transformer_weights": [dict, None],
-        "verbose": ["verbose"],
-        "verbose_feature_names_out": ["boolean"],
-    }
-
-    def __init__(
-        self,
-        transformers,
-        *,
-        remainder="drop",
-        sparse_threshold=0.3,
-        n_jobs=None,
-        transformer_weights=None,
-        verbose=False,
-        verbose_feature_names_out=True,
-    ):
-        self.transformers = transformers
-        self.remainder = remainder
-        self.sparse_threshold = sparse_threshold
-        self.n_jobs = n_jobs
-        self.transformer_weights = transformer_weights
-        self.verbose = verbose
-        self.verbose_feature_names_out = verbose_feature_names_out
-
-    @property
-    def _transformers(self):
-        """
-        Internal list of transformer only containing the name and
-        transformers, dropping the columns. This is for the implementation
-        of get_params via BaseComposition._get_params which expects lists
-        of tuples of len 2.
-        """
-        try:
-            return [(name, trans) for name, trans, _ in self.transformers]
-        except (TypeError, ValueError):
-            return self.transformers
-
-    @_transformers.setter
+@_transformers.setter
     def _transformers(self, value):
         try:
             self.transformers = [
@@ -303,6 +266,53 @@ class ColumnTransformer(TransformerMixin, _BaseComposition):
         for trans in transformers:
             _safe_set_output(trans, transform=transform)
 
+        # If the user provided an estimator for `remainder`, make sure we also set
+        # its output configuration. This covers the case where `remainder` is an
+        # estimator but is not part of `self.transformers`.
+        if getattr(self, "remainder", None) not in {"passthrough", "drop", None}:
+            _safe_set_output(self.remainder, transform=transform)
+
+        return self
+
+        Parameters
+        ----------
+        transform : {"default", "pandas"}, default=None
+            Configure output of `transform` and `fit_transform`.
+
+            - `"default"`: Default output format of a transformer
+            - `"pandas"`: DataFrame output
+            - `None`: Transform configuration is unchanged
+
+        Returns
+        -------
+        self : estimator instance
+            Estimator instance.
+        """
+        super().set_output(transform=transform)
+        transformers = (
+            trans
+            for _, trans, _ in chain(
+                self.transformers, getattr(self, "transformers_", [])
+            )
+            if trans not in {"passthrough", "drop"}
+        )
+        for trans in transformers:
+            _safe_set_output(trans, transform=transform)
+
+        # If the user provided an estimator for `remainder`, make sure we also set
+        # its output configuration. This covers the case where `remainder` is an
+        # estimator but is not part of `self.transformers`.
+        if getattr(self, "remainder", None) not in {"passthrough", "drop", None}:
+            _safe_set_output(self.remainder, transform=transform)
+
+        return self
+                self.transformers, getattr(self, "transformers_", [])
+            )
+            if trans not in {"passthrough", "drop"}
+        )
+        for trans in transformers:
+            _safe_set_output(trans, transform=transform)
+
         return self
 
     def get_params(self, deep=True):
Saved trajectory to 'results17/sphinx-doc__sphinx-7590/sphinx-doc__sphinx-7590.traj.json'
Completed instance sphinx-doc__sphinx-7590, result: diff --git a/sphinx/domains/cpp.py b/sphinx/domains/cpp.py
index fe52d881d..de50cf501 100644
--- a/sphinx/domains/cpp.py
+++ b/sphinx/domains/cpp.py
@@ -4655,19 +4655,28 @@ class DefinitionParser(BaseParser):
         if self.skip_word('nullptr'):
             return ASTPointerLiteral()
         if self.skip_word('true'):
-            return ASTBooleanLiteral(True)
-        if self.skip_word('false'):
-            return ASTBooleanLiteral(False)
-        for regex in [float_literal_re, binary_literal_re, hex_literal_re,
+for regex in [float_literal_re, binary_literal_re, hex_literal_re,
                       integer_literal_re, octal_literal_re]:
             pos = self.pos
             if self.match(regex):
+                # consume builtin suffix letters like u, U, l, L, f, F
                 while self.current_char in 'uUlLfF':
                     self.pos += 1
+                # support user-defined literal suffix (identifier) starting
+                # with a letter or underscore (e.g. 12_km, 0.5_Pa)
+                if (self.current_char.isalpha() or self.current_char == '_'):
+                    while (self.current_char.isalnum() or self.current_char == '_'):
+                        self.pos += 1
                 return ASTNumberLiteral(self.definition[pos:self.pos])
-
+        
         string = self._parse_string()
         if string is not None:
+            # support user-defined string literal suffix immediately after
+            # the closing quote (e.g. "abc"_s)
+            if (self.current_char.isalpha() or self.current_char == '_'):
+                # compute start of the original string slice and extend it with the suffix
+                start = self.pos - len(string)
+                while (self.current_char.isalnum() or self.current_char == '_'):
             return ASTStringLiteral(string)
 
         # character-literal
Saved trajectory to 'results17/django__django-13297/django__django-13297.traj.json'
Completed instance django__django-13297, result: diff --git a/django/views/generic/base.py b/django/views/generic/base.py
index ea5baca08d..67aab6848f 100644
--- a/django/views/generic/base.py
+++ b/django/views/generic/base.py
@@ -12,10 +12,6 @@ from django.urls import reverse
 from django.utils.decorators import classonlymethod
 from django.utils.deprecation import RemovedInDjango40Warning
 from django.utils.functional import SimpleLazyObject
-
-logger = logging.getLogger('django.request')
-
-
 class ContextMixin:
     """
     A default context mixin that passes the keyword arguments received by
@@ -24,6 +20,15 @@ class ContextMixin:
     extra_context = None
 
     def get_context_data(self, **kwargs):
+        kwargs.setdefault('view', self)
+        if self.extra_context is not None:
+            kwargs.update(self.extra_context)
+        # Resolve any SimpleLazyObject URL kwargs so view code receives real values
+        for key, value in list(kwargs.items()):
+            if isinstance(value, SimpleLazyObject):
+                # Force evaluation to avoid passing lazy objects to downstream code
+                kwargs[key] = str(value)
+        return kwargs
         kwargs.setdefault('view', self)
         if self.extra_context is not None:
             kwargs.update(self.extra_context)
Saved trajectory to 'results17/django__django-16631/django__django-16631.traj.json'
Completed instance django__django-16631, result: diff --git a/docs/ref/settings.txt b/docs/ref/settings.txt
index 41387886c0..6f570ef9d0 100644
--- a/docs/ref/settings.txt
+++ b/docs/ref/settings.txt
@@ -2293,12 +2293,9 @@ passwords of users and key rotation will not affect them.
 
 .. setting:: SECRET_KEY_FALLBACKS
 
-``SECRET_KEY_FALLBACKS``
-------------------------
-
-Default: ``[]``
+A list of fallback secret keys for a particular Django installation. These are used to allow rotation of the ``SECRET_KEY`` for signing operations that support fallback keys (for example, cookie signing via :func:`django.core.signing.get_cookie_signer`, functions in :mod:`django.core.signing`, and the password reset tokens generated by :mod:`django.contrib.auth.tokens`). Note that some parts of Django use ``settings.SECRET_KEY`` directly and do not consult ``SECRET_KEY_FALLBACKS`` (for example, :meth:`django.contrib.auth.models.AbstractBaseUser.get_session_auth_hash`); rotating ``SECRET_KEY`` may therefore invalidate sessions.
 
-A list of fallback secret keys for a particular Django installation. These are
+In order to rotate your secret keys, set a new ``SECRET_KEY`` and move the previous value to the beginning of ``SECRET_KEY_FALLBACKS``. Then remove the old values from the end of the ``SECRET_KEY_FALLBACKS`` when you are ready to expire the signing tokens that make use of them.
 used to allow rotation of the ``SECRET_KEY``.
 
 In order to rotate your secret keys, set a new ``SECRET_KEY`` and move the
Saved trajectory to 'results17/psf__requests-2931/psf__requests-2931.traj.json'
Completed instance psf__requests-2931, result: diff --git a/requests/models.py b/requests/models.py
index 9c624d3..3b25ea4 100644
--- a/requests/models.py
+++ b/requests/models.py
@@ -40,15 +40,6 @@ REDIRECT_STATI = (
     codes.moved,              # 301
     codes.found,              # 302
     codes.other,              # 303
-    codes.temporary_redirect, # 307
-    codes.permanent_redirect, # 308
-)
-
-DEFAULT_REDIRECT_LIMIT = 30
-CONTENT_CHUNK_SIZE = 10 * 1024
-ITER_CHUNK_SIZE = 512
-
-
 class RequestEncodingMixin(object):
     @property
     def path_url(self):
@@ -70,12 +61,12 @@ class RequestEncodingMixin(object):
             url.append(query)
 
         return ''.join(url)
-
-    @staticmethod
-    def _encode_params(data):
-        """Encode parameters in a piece of data.
-
-        Will successfully encode parameters when passed as a dict or a list of
+if isinstance(data, str):
+            return to_native_string(data)
+        elif isinstance(data, (bytes, bytearray)):
+            return data
+        elif hasattr(data, 'read'):
+            return data
         2-tuples. Order is retained if data is a list of 2-tuples but arbitrary
         if parameters are supplied as a dict.
         """
@@ -95,6 +86,24 @@ class RequestEncodingMixin(object):
                             (k.encode('utf-8') if isinstance(k, str) else k,
                              v.encode('utf-8') if isinstance(v, str) else v))
             return urlencode(result, doseq=True)
+        else:
+            return data
+                    if v is not None:
+                        result.append(
+                            (k.encode('utf-8') if isinstance(k, str) else k,
+                             v.encode('utf-8') if isinstance(v, str) else v))
+            return urlencode(result, doseq=True)
+        else:
+            return data
+            for k, vs in to_key_val_list(data):
+                if isinstance(vs, basestring) or not hasattr(vs, '__iter__'):
+                    vs = [vs]
+                for v in vs:
+                    if v is not None:
+                        result.append(
+                            (k.encode('utf-8') if isinstance(k, str) else k,
+                             v.encode('utf-8') if isinstance(v, str) else v))
+            return urlencode(result, doseq=True)
         else:
             return data
Saved trajectory to 'results17/psf__requests-1921/psf__requests-1921.traj.json'
Completed instance psf__requests-1921, result: diff --git a/requests/adapters.py b/requests/adapters.py
index ca46223..2c4e727 100644
--- a/requests/adapters.py
+++ b/requests/adapters.py
@@ -330,18 +330,23 @@ class HTTPAdapter(BaseAdapter):
                     timeout=timeout
                 )
 
-            # Send the request.
-            else:
-                if hasattr(conn, 'proxy_pool'):
-                    conn = conn.proxy_pool
+if hasattr(conn, 'proxy_pool'):
+                      conn = conn.proxy_pool
+
+                  low_conn = conn._get_conn(timeout=timeout)
 
-                low_conn = conn._get_conn(timeout=timeout)
+                  try:
+                      low_conn.putrequest(request.method,
+                                          url,
+                                          skip_accept_encoding=True)
 
-                try:
-                    low_conn.putrequest(request.method,
-                                        url,
-                                        skip_accept_encoding=True)
+                      for header, value in request.headers.items():
+                          # Skip headers with value of None to avoid sending the literal "None".
+                          if value is None:
+                              continue
+                          low_conn.putheader(header, value)
 
+                      low_conn.endheaders()
                     for header, value in request.headers.items():
                         low_conn.putheader(header, value)Traceback (most recent call last):
  File "/data/lakshyaaagrawal/cs294-264-hw-FA25/agent.py", line 496, in run
    result = func(**arguments)
TypeError: SWEEnvironment.git_diff() got an unexpected keyword argument 'result'

Saved trajectory to 'results17/django__django-10973/django__django-10973.traj.json'
Completed instance django__django-10973, result: diff --git a/django/db/backends/postgresql/client.py b/django/db/backends/postgresql/client.py
index 7fca6eff30..449a1c09d6 100644
--- a/django/db/backends/postgresql/client.py
+++ b/django/db/backends/postgresql/client.py
@@ -37,28 +37,38 @@ class DatabaseClient(BaseDatabaseClient):
         temp_pgpass = None
         sigint_handler = signal.getsignal(signal.SIGINT)
         try:
+            env = None
             if passwd:
-                # Create temporary .pgpass file.
-                temp_pgpass = NamedTemporaryFile(mode='w+')
+                # Prefer PGPASSWORD in the subprocess environment. If the current
+                # locale can't encode the password, fall back to a temporary .pgpass file.
                 try:
-                    print(
-                        _escape_pgpass(host) or '*',
-                        str(port) or '*',
-                        _escape_pgpass(dbname) or '*',
-                        _escape_pgpass(user) or '*',
-                        _escape_pgpass(passwd),
-                        file=temp_pgpass,
-                        sep=':',
-                        flush=True,
-                    )
-                    os.environ['PGPASSFILE'] = temp_pgpass.name
+                    env = os.environ.copy()
+                    env['PGPASSWORD'] = passwd
                 except UnicodeEncodeError:
-                    # If the current locale can't encode the data, let the
-                    # user input the password manually.
-                    pass
+                    # Create temporary .pgpass file as a fallback.
+                    temp_pgpass = NamedTemporaryFile(mode='w+')
+                    try:
+                        print(
+                            _escape_pgpass(host) or '*',
+                            str(port) or '*',
+                            _escape_pgpass(dbname) or '*',
+                            _escape_pgpass(user) or '*',
+                            _escape_pgpass(passwd),
+                            file=temp_pgpass,
+                            sep=':',
+                            flush=True,
+                        )
+                        env = os.environ.copy()
+                        env['PGPASSFILE'] = temp_pgpass.name
+                    except UnicodeEncodeError:
+                        # If even writing to a file fails, let the user input the password manually.
+                        env = None
             # Allow SIGINT to pass to psql to abort queries.
             signal.signal(signal.SIGINT, signal.SIG_IGN)
-            subprocess.check_call(args)
+            if env is not None:
+                subprocess.run(args, check=True, env=env)
+            else:
+                subprocess.run(args, check=True)
         finally:
             # Restore the original SIGINT handler.
             signal.signal(signal.SIGINT, sigint_handler)
@@ -67,5 +77,13 @@ class DatabaseClient(BaseDatabaseClient):
                 if 'PGPASSFILE' in os.environ:  # unit tests need cleanup
                     del os.environ['PGPASSFILE']
 
+    def runshell(self):
+        DatabaseClient.runshell_db(self.connection.get_connection_params())
+            signal.signal(signal.SIGINT, sigint_handler)
+            if temp_pgpass:
+                temp_pgpass.close()
+                if 'PGPASSFILE' in os.environ:  # unit tests need cleanup
+                    del os.environ['PGPASSFILE']
+
     def runshell(self):
         DatabaseClient.runshell_db(self.connection.get_connection_params())
Saved trajectory to 'results17/sympy__sympy-17655/sympy__sympy-17655.traj.json'
Completed instance sympy__sympy-17655, result: diff --git a/sympy/geometry/point.py b/sympy/geometry/point.py
index 7c978c47be..463bafcdfd 100644
--- a/sympy/geometry/point.py
+++ b/sympy/geometry/point.py
@@ -101,11 +101,7 @@ class Point(GeometryEntity):
     >>> Point(0.5, 0.25, evaluate=False)
     Point2D(0.5, 0.25)
 
-    """
-
-    is_Point = True
-
-    def __new__(cls, *args, **kwargs):
+def __new__(cls, *args, **kwargs):
         evaluate = kwargs.get('evaluate', global_evaluate[0])
         on_morph = kwargs.get('on_morph', 'ignore')
 
@@ -216,22 +212,30 @@ def __add__(self, other):
         try:
             s, o = Point._normalize_dimension(self, Point(other, evaluate=False))
         except TypeError:
-            raise GeometryError("Don't know how to add {} and a Point object".format(other))
+            # Attempt to handle scalar * Point (e.g. 2*Point2D(1,1)) where the
+            # left multiplication produces a Mul containing a Point. Extract
+            # the Point and scalar factor and rebuild a Point so normalization
+            # succeeds.
+            try:
+                if getattr(other, 'is_Mul', False):
+                    # find Point factor inside the Mul
+                    point_factors = [a for a in other.args if getattr(a, 'is_Point', False)]
+                    if len(point_factors) == 1:
+                        pt = point_factors[0]
+                        # scalar = other / pt
+                        scalar = other/pt
+                        # use Point.__mul__ to produce a Point
+                        other = pt * scalar
+                        s, o = Point._normalize_dimension(self, Point(other, evaluate=False))
+                    else:
+                        raise TypeError
+                else:
+                    raise TypeError
+            except TypeError:
+                raise GeometryError("Don't know how to add {} and a Point object".format(other))
 
         coords = [simplify(a + b) for a, b in zip(s, o)]
         return Point(coords, evaluate=False)
-
-    def __contains__(self, item):
-        return item in self.args
-
-    def __div__(self, divisor):
-        """Divide point's coordinates by a factor."""
-        divisor = sympify(divisor)
-        coords = [simplify(x/divisor) for x in self.args]
-        return Point(coords, evaluate=False)
-
-    def __eq__(self, other):
-        if not isinstance(other, Point) or len(self.args) != len(other.args):
             return False
         return self.args == other.args
Saved trajectory to 'results17/pytest-dev__pytest-7490/pytest-dev__pytest-7490.traj.json'
Completed instance pytest-dev__pytest-7490, result: diff --git a/src/_pytest/nodes.py b/src/_pytest/nodes.py
index 560548aea..9dd904b29 100644
--- a/src/_pytest/nodes.py
+++ b/src/_pytest/nodes.py
@@ -204,27 +204,40 @@ class Node(metaclass=NodeMeta):
 
     def warn(self, warning: "PytestWarning") -> None:
         """Issue a warning for this item.
-
-        Warnings will be displayed after the test session, unless explicitly suppressed
-
-        :param Warning warning: the warning instance to issue. Must be a subclass of PytestWarning.
-
-        :raise ValueError: if ``warning`` instance is not a subclass of PytestWarning.
-
-        Example usage:
-
-        .. code-block:: python
-
-            node.warn(PytestWarning("some message"))
-
+def add_marker(
+        self, marker: Union[str, MarkDecorator], append: bool = True
+    ) -> None:
+        """dynamically add a marker object to the node.
+    
+        :type marker: ``str`` or ``pytest.mark.*``  object
+        :param marker:
+            ``append=True`` whether to append the marker,
+            if ``False`` insert at position ``0``.
         """
-        from _pytest.warning_types import PytestWarning
-
-        if not isinstance(warning, PytestWarning):
-            raise ValueError(
-                "warning must be an instance of PytestWarning or subclass, got {!r}".format(
-                    warning
-                )
+        from _pytest.mark import MARK_GEN
+    
+        if isinstance(marker, MarkDecorator):
+            marker_ = marker
+        elif isinstance(marker, str):
+            marker_ = getattr(MARK_GEN, marker)
+        else:
+            raise ValueError("is not a string or pytest.mark.* Marker")
+        self.keywords[marker_.name] = marker_
+        if append:
+            self.own_markers.append(marker_.mark)
+        else:
+            self.own_markers.insert(0, marker_.mark)
+    
+        # Invalidate cached xfail evaluation (if present) so dynamically added
+        # xfail/skip marks during test execution are re-evaluated by the skipping
+        # plugin's logic (pytest_runtest_call will re-evaluate when the store
+        # value is None).
+        try:
+            from _pytest.skipping import xfailed_key  # type: ignore
+            self._store[xfailed_key] = None
+        except Exception:
+            # skipping plugin may not be loaded; ignore.
+            pass
             )
         path, lineno = get_fslocation_from_item(self)
         assert lineno is not None
Saved trajectory to 'results17/sphinx-doc__sphinx-9658/sphinx-doc__sphinx-9658.traj.json'
Completed instance sphinx-doc__sphinx-9658, result: diff --git a/sphinx/ext/autodoc/mock.py b/sphinx/ext/autodoc/mock.py
index b562f47fd..96f3c62cd 100644
--- a/sphinx/ext/autodoc/mock.py
+++ b/sphinx/ext/autodoc/mock.py
@@ -48,13 +48,19 @@ class _MockObject:
     def __contains__(self, key: str) -> bool:
         return False
 
-    def __iter__(self) -> Iterator:
-        return iter([])
-
-    def __mro_entries__(self, bases: Tuple) -> Tuple:
-        return (self.__class__,)
-
-    def __getitem__(self, key: Any) -> "_MockObject":
+def _make_subclass(name: str, module: str, superclass: Any = _MockObject,
+                   attributes: Any = None, decorator_args: Tuple = ()) -> Any:
+    # If a display-name (like "torch.nn.Module") was passed as the module,
+    # strip the trailing class name to recover the real module ("torch.nn").
+    if '.' in module:
+        head, tail = module.rsplit('.', 1)
+        if tail and tail[0].isupper():
+            module = head
+    attrs = {'__module__': module,
+             '__display_name__': module + '.' + name,
+             '__sphinx_decorator_args__': decorator_args}
+    attrs.update(attributes or {})
+    return type(name, (superclass,), attrs)
         return _make_subclass(str(key), self.__display_name__, self.__class__)()
 
     def __getattr__(self, key: str) -> "_MockObject":
@@ -62,13 +68,6 @@ class _MockObject:
 
     def __call__(self, *args: Any, **kwargs: Any) -> Any:
         call = self.__class__()
-        call.__sphinx_decorator_args__ = args
-        return call
-
-    def __repr__(self) -> str:
-        return self.__display_name__
-
-
 def _make_subclass(name: str, module: str, superclass: Any = _MockObject,
                    attributes: Any = None, decorator_args: Tuple = ()) -> Any:
     attrs = {'__module__': module,
Saved trajectory to 'results17/sphinx-doc__sphinx-9230/sphinx-doc__sphinx-9230.traj.json'
Completed instance sphinx-doc__sphinx-9230, result: diff --git a/sphinx/ext/napoleon/docstring.py b/sphinx/ext/napoleon/docstring.py
index d8cb75a5f..072a33abc 100644
--- a/sphinx/ext/napoleon/docstring.py
+++ b/sphinx/ext/napoleon/docstring.py
@@ -1157,13 +1157,35 @@ class NumpyDocstring(GoogleDocstring):
 
         return ":".join([filepath, "docstring of %s" % name])
 
-    def _escape_args_and_kwargs(self, name: str) -> str:
+def _escape_args_and_kwargs(self, name: str) -> str:
         func = super()._escape_args_and_kwargs
-
+        # Split on top-level commas only (ignore commas inside parentheses/braces)
         if ", " in name:
-            return ", ".join(func(param) for param in name.split(", "))
+            parts = []
+            current = []
+            level = 0
+            i = 0
+            while i < len(name):
+                ch = name[i]
+                if ch in "([{":
+                    level += 1
+                elif ch in ")]}":
+                    if level:
+                        level -= 1
+                # split on comma + space only at top level
+                if name[i:i+2] == ", " and level == 0:
+                    parts.append("".join(current))
+                    current = []
+                    i += 2
+                    continue
+                current.append(ch)
+                i += 1
+            if current:
+                parts.append("".join(current))
+            return ", ".join(func(p) for p in parts)
         else:
             return func(name)
+            return func(name)
 
     def _consume_field(self, parse_type: bool = True, prefer_type: bool = False
                        ) -> Tuple[str, str, List[str]]:
Saved trajectory to 'results17/django__django-12406/django__django-12406.traj.json'
Completed instance django__django-12406, result: diff --git a/django/forms/models.py b/django/forms/models.py
index dafc11f995..66a2c2640c 100644
--- a/django/forms/models.py
+++ b/django/forms/models.py
@@ -6,14 +6,12 @@ and database field objects.
 from itertools import chain
 
 from django.core.exceptions import (
-    NON_FIELD_ERRORS, FieldError, ImproperlyConfigured, ValidationError,
-)
 from django.forms.fields import ChoiceField, Field
 from django.forms.forms import BaseForm, DeclarativeFieldsMetaclass
 from django.forms.formsets import BaseFormSet, formset_factory
 from django.forms.utils import ErrorList
 from django.forms.widgets import (
-    HiddenInput, MultipleHiddenInput, SelectMultiple,
+    HiddenInput, MultipleHiddenInput, SelectMultiple, RadioSelect,
 )
 from django.utils.text import capfirst, get_text_list
 from django.utils.translation import gettext, gettext_lazy as _
@@ -1169,8 +1167,6 @@ class ModelChoiceIterator:
             ModelChoiceIteratorValue(self.field.prepare_value(obj), obj),
             self.field.label_from_instance(obj),
         )
-
-
 class ModelChoiceField(ChoiceField):
     """A ChoiceField whose choices are a model QuerySet."""
     # This class is a subclass of ChoiceField for purity, but it doesn't
@@ -1187,6 +1183,34 @@ class ModelChoiceField(ChoiceField):
                  **kwargs):
         if required and (initial is not None):
             self.empty_label = None
+        else:
+            # If a RadioSelect widget is being used for a required field, don't
+            # provide an empty choice. Radio buttons have an inherent unselected
+            # state, and showing the empty "---------" choice makes it look like
+            # a valid selectable option.
+            is_radio = False
+            if widget is not None:
+                if isinstance(widget, type):
+                    try:
+                        is_radio = issubclass(widget, RadioSelect)
+                    except Exception:
+                        is_radio = False
+                else:
+                    is_radio = isinstance(widget, RadioSelect)
+            if required and is_radio:
+                self.empty_label = None
+            else:
+                self.empty_label = empty_label
+
+        # Call Field instead of ChoiceField __init__() because we don't need
+        # ChoiceField.__init__().
+        Field.__init__(
+            self, required=required, widget=widget, label=label,
+            initial=initial, help_text=help_text, **kwargs
+        )
+        self.queryset = queryset
+        self.limit_choices_to = limit_choices_to   # limit the queryset later.
+        self.to_field_name = to_field_name
         else:
             self.empty_label = empty_label
